<?xml version="1.0" encoding="UTF-8" ?>
<testsuite tests="15" failures="4" name="TestSuite" time="8.421" errors="0" skipped="0">
  <properties>
[...]
</properties>
  <testcase classname="com.dao.BoardTest" name="test" time="1.204"/>
  <testcase classname="com.dao.PostTest" name="test" time="0.729"/>
  <testcase classname="com.dao.TopicTest" name="test" time="0.675"/>
  <testcase classname="com.dao.UserTest" name="test" time="0.5"/>
  <testcase classname="com.service.Test" name="addBoardManager" time="0.065"/>
  <testcase classname="com.service.Test" name="removeTopic" time="0.011">
    <failure type="java.lang.NullPointerException">java.lang.NullPointerException
	at com.service.ForumService.removeTopic(ForumService.java:90)
	at com.service.ForumService$$FastClassBySpringCGLIB$$9a85475a.invoke(&lt;generated&gt;)
	at org.springframework.cglib.proxy.MethodProxy.invoke(MethodProxy.java:204)
	at org.springframework.aop.framework.CglibAopProxy$CglibMethodInvocation.invokeJoinpoint(CglibAopProxy.java:717)
	at org.springframework.aop.framework.ReflectiveMethodInvocation.proceed(ReflectiveMethodInvocation.java:157)
	at org.springframework.transaction.interceptor.TransactionInterceptor$1.proceedWithInvocation(TransactionInterceptor.java:99)
	at org.springframework.transaction.interceptor.TransactionAspectSupport.invokeWithinTransaction(TransactionAspectSupport.java:281)
	at org.springframework.transaction.interceptor.TransactionInterceptor.invoke(TransactionInterceptor.java:96)
	at org.springframework.aop.framework.ReflectiveMethodInvocation.proceed(ReflectiveMethodInvocation.java:179)
	at org.springframework.aop.interceptor.ExposeInvocationInterceptor.invoke(ExposeInvocationInterceptor.java:92)
	at org.springframework.aop.framework.ReflectiveMethodInvocation.proceed(ReflectiveMethodInvocation.java:179)
	at org.springframework.aop.framework.CglibAopProxy$DynamicAdvisedInterceptor.intercept(CglibAopProxy.java:653)
	at com.service.ForumService$$EnhancerBySpringCGLIB$$6409e2c1.removeTopic(&lt;generated&gt;)
	at com.service.Test.removeTopic(Test.java:52)
</failure>
    <system-out>2018-05-26 10:08:57,476 DEBUG (org.springframework.orm.hibernate4.HibernateTransactionManager:367) - Creating new transaction with name [com.service.ForumService.removeTopic]: PROPAGATION_REQUIRED,ISOLATION_DEFAULT
2018-05-26 10:08:57,476 DEBUG (org.springframework.orm.hibernate4.HibernateTransactionManager:367) - Creating new transaction with name [com.service.ForumService.removeTopic]: PROPAGATION_REQUIRED,ISOLATION_DEFAULT
2018-05-26 10:08:57,476 DEBUG (org.springframework.orm.hibernate4.HibernateTransactionManager:438) - Opened new Session [SessionImpl(PersistenceContext[entityKeys=[],collectionKeys=[]];ActionQueue[insertions=[] updates=[] deletions=[] collectionCreations=[] collectionRemovals=[] collectionUpdates=[] unresolvedInsertDependencies=UnresolvedEntityInsertActions[]])] for Hibernate transaction
2018-05-26 10:08:57,476 DEBUG (org.springframework.orm.hibernate4.HibernateTransactionManager:438) - Opened new Session [SessionImpl(PersistenceContext[entityKeys=[],collectionKeys=[]];ActionQueue[insertions=[] updates=[] deletions=[] collectionCreations=[] collectionRemovals=[] collectionUpdates=[] unresolvedInsertDependencies=UnresolvedEntityInsertActions[]])] for Hibernate transaction
2018-05-26 10:08:57,476 DEBUG (org.springframework.orm.hibernate4.HibernateTransactionManager:448) - Preparing JDBC Connection of Hibernate Session [SessionImpl(PersistenceContext[entityKeys=[],collectionKeys=[]];ActionQueue[insertions=[] updates=[] deletions=[] collectionCreations=[] collectionRemovals=[] collectionUpdates=[] unresolvedInsertDependencies=UnresolvedEntityInsertActions[]])]
2018-05-26 10:08:57,476 DEBUG (org.springframework.orm.hibernate4.HibernateTransactionManager:448) - Preparing JDBC Connection of Hibernate Session [SessionImpl(PersistenceContext[entityKeys=[],collectionKeys=[]];ActionQueue[insertions=[] updates=[] deletions=[] collectionCreations=[] collectionRemovals=[] collectionUpdates=[] unresolvedInsertDependencies=UnresolvedEntityInsertActions[]])]
2018-05-26 10:08:57,476 DEBUG (org.hibernate.engine.jdbc.internal.LogicalConnectionImpl:212) - Obtaining JDBC connection
2018-05-26 10:08:57,476 DEBUG (org.hibernate.engine.jdbc.internal.LogicalConnectionImpl:218) - Obtained JDBC connection
2018-05-26 10:08:57,476 DEBUG (org.hibernate.engine.transaction.spi.AbstractTransactionImpl:158) - begin
2018-05-26 10:08:57,476 DEBUG (org.hibernate.engine.transaction.internal.jdbc.JdbcTransaction:69) - initial autocommit status: true
2018-05-26 10:08:57,476 DEBUG (org.hibernate.engine.transaction.internal.jdbc.JdbcTransaction:71) - disabling autocommit
2018-05-26 10:08:57,477 DEBUG (org.springframework.orm.hibernate4.HibernateTransactionManager:516) - Exposing Hibernate transaction as JDBC transaction [jdbc:mysql://localhost:3306/sampledb?userUnicode=true&amp;characterEncoding=UTF-8, UserName=root@localhost, MySQL Connector Java]
2018-05-26 10:08:57,477 DEBUG (org.springframework.orm.hibernate4.HibernateTransactionManager:516) - Exposing Hibernate transaction as JDBC transaction [jdbc:mysql://localhost:3306/sampledb?userUnicode=true&amp;characterEncoding=UTF-8, UserName=root@localhost, MySQL Connector Java]
2018-05-26 10:08:57,478 DEBUG (org.springframework.orm.hibernate4.HibernateTransactionManager:383) - Found thread-bound Session [SessionImpl(PersistenceContext[entityKeys=[],collectionKeys=[]];ActionQueue[insertions=[] updates=[] deletions=[] collectionCreations=[] collectionRemovals=[] collectionUpdates=[] unresolvedInsertDependencies=UnresolvedEntityInsertActions[]])] for Hibernate transaction
2018-05-26 10:08:57,478 DEBUG (org.springframework.orm.hibernate4.HibernateTransactionManager:383) - Found thread-bound Session [SessionImpl(PersistenceContext[entityKeys=[],collectionKeys=[]];ActionQueue[insertions=[] updates=[] deletions=[] collectionCreations=[] collectionRemovals=[] collectionUpdates=[] unresolvedInsertDependencies=UnresolvedEntityInsertActions[]])] for Hibernate transaction
2018-05-26 10:08:57,478 DEBUG (org.springframework.orm.hibernate4.HibernateTransactionManager:476) - Participating in existing transaction
2018-05-26 10:08:57,478 DEBUG (org.springframework.orm.hibernate4.HibernateTransactionManager:476) - Participating in existing transaction
2018-05-26 10:08:57,478 DEBUG (org.hibernate.loader.Loader:2099) - Loading entity: [com.domain.Topic#39]
2018-05-26 10:08:57,479 DEBUG (org.hibernate.SQL:104) - select topic0_.topic_id as topic1_4_2_, topic0_.board_id as board2_4_2_, topic0_.create_time as create3_4_2_, topic0_.digest as digest4_4_2_, topic0_.last_post as last5_4_2_, topic0_.topic_replies as topic6_4_2_, topic0_.topic_title as topic7_4_2_, topic0_.user_id as user9_4_2_, topic0_.topic_views as topic8_4_2_, user1_.user_id as user1_5_0_, user1_.credit as credit2_5_0_, user1_.last_ip as last3_5_0_, user1_.last_visit as last4_5_0_, user1_.locked as locked5_5_0_, user1_.password as password6_5_0_, user1_.user_name as user7_5_0_, user1_.user_type as user8_5_0_, manboards2_.user_id as user1_5_4_, board3_.board_id as board2_1_4_, board3_.board_id as board1_0_1_, board3_.board_desc as board2_0_1_, board3_.board_name as board3_0_1_, board3_.topic_num as topic4_0_1_ from t_topic topic0_ left outer join t_user user1_ on topic0_.user_id=user1_.user_id left outer join t_board_manager manboards2_ on user1_.user_id=manboards2_.user_id left outer join t_board board3_ on manboards2_.board_id=board3_.board_id where topic0_.topic_id=?
Hibernate: select topic0_.topic_id as topic1_4_2_, topic0_.board_id as board2_4_2_, topic0_.create_time as create3_4_2_, topic0_.digest as digest4_4_2_, topic0_.last_post as last5_4_2_, topic0_.topic_replies as topic6_4_2_, topic0_.topic_title as topic7_4_2_, topic0_.user_id as user9_4_2_, topic0_.topic_views as topic8_4_2_, user1_.user_id as user1_5_0_, user1_.credit as credit2_5_0_, user1_.last_ip as last3_5_0_, user1_.last_visit as last4_5_0_, user1_.locked as locked5_5_0_, user1_.password as password6_5_0_, user1_.user_name as user7_5_0_, user1_.user_type as user8_5_0_, manboards2_.user_id as user1_5_4_, board3_.board_id as board2_1_4_, board3_.board_id as board1_0_1_, board3_.board_desc as board2_0_1_, board3_.board_name as board3_0_1_, board3_.topic_num as topic4_0_1_ from t_topic topic0_ left outer join t_user user1_ on topic0_.user_id=user1_.user_id left outer join t_board_manager manboards2_ on user1_.user_id=manboards2_.user_id left outer join t_board board3_ on manboards2_.board_id=board3_.board_id where topic0_.topic_id=?
2018-05-26 10:08:57,481 DEBUG (org.hibernate.engine.loading.internal.CollectionLoadContext:223) - No collections were found in result set for role: com.domain.User.manBoards
2018-05-26 10:08:57,481 DEBUG (org.hibernate.loader.Loader:2123) - Done entity load
2018-05-26 10:08:57,482 DEBUG (org.springframework.orm.hibernate4.HibernateTransactionManager:851) - Initiating transaction rollback
2018-05-26 10:08:57,482 DEBUG (org.springframework.orm.hibernate4.HibernateTransactionManager:851) - Initiating transaction rollback
2018-05-26 10:08:57,482 DEBUG (org.springframework.orm.hibernate4.HibernateTransactionManager:600) - Rolling back Hibernate transaction on Session [SessionImpl(PersistenceContext[entityKeys=[],collectionKeys=[]];ActionQueue[insertions=[] updates=[] deletions=[] collectionCreations=[] collectionRemovals=[] collectionUpdates=[] unresolvedInsertDependencies=UnresolvedEntityInsertActions[]])]
2018-05-26 10:08:57,482 DEBUG (org.springframework.orm.hibernate4.HibernateTransactionManager:600) - Rolling back Hibernate transaction on Session [SessionImpl(PersistenceContext[entityKeys=[],collectionKeys=[]];ActionQueue[insertions=[] updates=[] deletions=[] collectionCreations=[] collectionRemovals=[] collectionUpdates=[] unresolvedInsertDependencies=UnresolvedEntityInsertActions[]])]
2018-05-26 10:08:57,482 DEBUG (org.hibernate.engine.transaction.spi.AbstractTransactionImpl:203) - rolling back
2018-05-26 10:08:57,482 DEBUG (org.hibernate.engine.transaction.internal.jdbc.JdbcTransaction:164) - rolled JDBC Connection
2018-05-26 10:08:57,482 DEBUG (org.hibernate.engine.transaction.internal.jdbc.JdbcTransaction:126) - re-enabling autocommit
2018-05-26 10:08:57,483 DEBUG (org.springframework.orm.hibernate4.HibernateTransactionManager:669) - Closing Hibernate Session [SessionImpl(PersistenceContext[entityKeys=[],collectionKeys=[]];ActionQueue[insertions=[] updates=[] deletions=[] collectionCreations=[] collectionRemovals=[] collectionUpdates=[] unresolvedInsertDependencies=UnresolvedEntityInsertActions[]])] after transaction
2018-05-26 10:08:57,483 DEBUG (org.springframework.orm.hibernate4.HibernateTransactionManager:669) - Closing Hibernate Session [SessionImpl(PersistenceContext[entityKeys=[],collectionKeys=[]];ActionQueue[insertions=[] updates=[] deletions=[] collectionCreations=[] collectionRemovals=[] collectionUpdates=[] unresolvedInsertDependencies=UnresolvedEntityInsertActions[]])] after transaction
2018-05-26 10:08:57,483 DEBUG (org.hibernate.engine.jdbc.internal.LogicalConnectionImpl:232) - Releasing JDBC connection
2018-05-26 10:08:57,484 DEBUG (org.hibernate.engine.jdbc.internal.LogicalConnectionImpl:250) - Released JDBC connection
</system-out>
  </testcase>
  <testcase classname="com.service.Test" name="addPost" time="0.116">
    <failure message="a different object with the same identifier value was already associated with the session: [com.domain.User#1]; nested exception is org.hibernate.NonUniqueObjectException: a different object with the same identifier value was already associated with the session: [com.domain.User#1]" type="org.springframework.dao.DuplicateKeyException">org.springframework.dao.DuplicateKeyException: a different object with the same identifier value was already associated with the session: [com.domain.User#1]; nested exception is org.hibernate.NonUniqueObjectException: a different object with the same identifier value was already associated with the session: [com.domain.User#1]
	at org.springframework.orm.hibernate4.SessionFactoryUtils.convertHibernateAccessException(SessionFactoryUtils.java:181)
	at org.springframework.orm.hibernate4.HibernateTemplate.doExecute(HibernateTemplate.java:344)
	at org.springframework.orm.hibernate4.HibernateTemplate.executeWithNativeSession(HibernateTemplate.java:309)
	at org.springframework.orm.hibernate4.HibernateTemplate.update(HibernateTemplate.java:645)
	at org.springframework.orm.hibernate4.HibernateTemplate.update(HibernateTemplate.java:640)
	at com.dao.BaseDao.update(BaseDao.java:72)
	at com.dao.BaseDao$$FastClassBySpringCGLIB$$9b6abf98.invoke(&lt;generated&gt;)
	at org.springframework.cglib.proxy.MethodProxy.invoke(MethodProxy.java:204)
	at org.springframework.aop.framework.CglibAopProxy$CglibMethodInvocation.invokeJoinpoint(CglibAopProxy.java:717)
	at org.springframework.aop.framework.ReflectiveMethodInvocation.proceed(ReflectiveMethodInvocation.java:157)
	at org.springframework.transaction.interceptor.TransactionInterceptor$1.proceedWithInvocation(TransactionInterceptor.java:99)
	at org.springframework.transaction.interceptor.TransactionAspectSupport.invokeWithinTransaction(TransactionAspectSupport.java:281)
	at org.springframework.transaction.interceptor.TransactionInterceptor.invoke(TransactionInterceptor.java:96)
	at org.springframework.aop.framework.ReflectiveMethodInvocation.proceed(ReflectiveMethodInvocation.java:179)
	at org.springframework.aop.interceptor.ExposeInvocationInterceptor.invoke(ExposeInvocationInterceptor.java:92)
	at org.springframework.aop.framework.ReflectiveMethodInvocation.proceed(ReflectiveMethodInvocation.java:179)
	at org.springframework.aop.framework.CglibAopProxy$DynamicAdvisedInterceptor.intercept(CglibAopProxy.java:653)
	at com.dao.UserDao$$EnhancerBySpringCGLIB$$72ab1f45.update(&lt;generated&gt;)
	at com.service.ForumService.addPost(ForumService.java:113)
	at com.service.ForumService$$FastClassBySpringCGLIB$$9a85475a.invoke(&lt;generated&gt;)
	at org.springframework.cglib.proxy.MethodProxy.invoke(MethodProxy.java:204)
	at org.springframework.aop.framework.CglibAopProxy$CglibMethodInvocation.invokeJoinpoint(CglibAopProxy.java:717)
	at org.springframework.aop.framework.ReflectiveMethodInvocation.proceed(ReflectiveMethodInvocation.java:157)
	at org.springframework.transaction.interceptor.TransactionInterceptor$1.proceedWithInvocation(TransactionInterceptor.java:99)
	at org.springframework.transaction.interceptor.TransactionAspectSupport.invokeWithinTransaction(TransactionAspectSupport.java:281)
	at org.springframework.transaction.interceptor.TransactionInterceptor.invoke(TransactionInterceptor.java:96)
	at org.springframework.aop.framework.ReflectiveMethodInvocation.proceed(ReflectiveMethodInvocation.java:179)
	at org.springframework.aop.interceptor.ExposeInvocationInterceptor.invoke(ExposeInvocationInterceptor.java:92)
	at org.springframework.aop.framework.ReflectiveMethodInvocation.proceed(ReflectiveMethodInvocation.java:179)
	at org.springframework.aop.framework.CglibAopProxy$DynamicAdvisedInterceptor.intercept(CglibAopProxy.java:653)
	at com.service.ForumService$$EnhancerBySpringCGLIB$$6409e2c1.addPost(&lt;generated&gt;)
	at com.service.Test.addPost(Test.java:68)
Caused by: org.hibernate.NonUniqueObjectException: a different object with the same identifier value was already associated with the session: [com.domain.User#1]
	at org.hibernate.engine.internal.StatefulPersistenceContext.checkUniqueness(StatefulPersistenceContext.java:697)
	at org.hibernate.event.internal.DefaultSaveOrUpdateEventListener.performUpdate(DefaultSaveOrUpdateEventListener.java:293)
	at org.hibernate.event.internal.DefaultSaveOrUpdateEventListener.entityIsDetached(DefaultSaveOrUpdateEventListener.java:239)
	at org.hibernate.event.internal.DefaultUpdateEventListener.performSaveOrUpdate(DefaultUpdateEventListener.java:55)
	at org.hibernate.event.internal.DefaultSaveOrUpdateEventListener.onSaveOrUpdate(DefaultSaveOrUpdateEventListener.java:90)
	at org.hibernate.internal.SessionImpl.fireUpdate(SessionImpl.java:785)
	at org.hibernate.internal.SessionImpl.update(SessionImpl.java:777)
	at org.hibernate.internal.SessionImpl.update(SessionImpl.java:773)
	at org.springframework.orm.hibernate4.HibernateTemplate$14.doInHibernate(HibernateTemplate.java:649)
	at org.springframework.orm.hibernate4.HibernateTemplate.doExecute(HibernateTemplate.java:341)
	... 63 more
</failure>
    <system-out>2018-05-26 10:08:57,487 DEBUG (org.springframework.orm.hibernate4.HibernateTransactionManager:367) - Creating new transaction with name [com.service.UserService.getUserByUserName]: PROPAGATION_REQUIRED,ISOLATION_DEFAULT
2018-05-26 10:08:57,487 DEBUG (org.springframework.orm.hibernate4.HibernateTransactionManager:367) - Creating new transaction with name [com.service.UserService.getUserByUserName]: PROPAGATION_REQUIRED,ISOLATION_DEFAULT
2018-05-26 10:08:57,487 DEBUG (org.springframework.orm.hibernate4.HibernateTransactionManager:438) - Opened new Session [SessionImpl(PersistenceContext[entityKeys=[],collectionKeys=[]];ActionQueue[insertions=[] updates=[] deletions=[] collectionCreations=[] collectionRemovals=[] collectionUpdates=[] unresolvedInsertDependencies=UnresolvedEntityInsertActions[]])] for Hibernate transaction
2018-05-26 10:08:57,487 DEBUG (org.springframework.orm.hibernate4.HibernateTransactionManager:438) - Opened new Session [SessionImpl(PersistenceContext[entityKeys=[],collectionKeys=[]];ActionQueue[insertions=[] updates=[] deletions=[] collectionCreations=[] collectionRemovals=[] collectionUpdates=[] unresolvedInsertDependencies=UnresolvedEntityInsertActions[]])] for Hibernate transaction
2018-05-26 10:08:57,488 DEBUG (org.springframework.orm.hibernate4.HibernateTransactionManager:448) - Preparing JDBC Connection of Hibernate Session [SessionImpl(PersistenceContext[entityKeys=[],collectionKeys=[]];ActionQueue[insertions=[] updates=[] deletions=[] collectionCreations=[] collectionRemovals=[] collectionUpdates=[] unresolvedInsertDependencies=UnresolvedEntityInsertActions[]])]
2018-05-26 10:08:57,488 DEBUG (org.springframework.orm.hibernate4.HibernateTransactionManager:448) - Preparing JDBC Connection of Hibernate Session [SessionImpl(PersistenceContext[entityKeys=[],collectionKeys=[]];ActionQueue[insertions=[] updates=[] deletions=[] collectionCreations=[] collectionRemovals=[] collectionUpdates=[] unresolvedInsertDependencies=UnresolvedEntityInsertActions[]])]
2018-05-26 10:08:57,488 DEBUG (org.hibernate.engine.jdbc.internal.LogicalConnectionImpl:212) - Obtaining JDBC connection
2018-05-26 10:08:57,488 DEBUG (org.hibernate.engine.jdbc.internal.LogicalConnectionImpl:218) - Obtained JDBC connection
2018-05-26 10:08:57,488 DEBUG (org.hibernate.engine.transaction.spi.AbstractTransactionImpl:158) - begin
2018-05-26 10:08:57,489 DEBUG (org.hibernate.engine.transaction.internal.jdbc.JdbcTransaction:69) - initial autocommit status: true
2018-05-26 10:08:57,489 DEBUG (org.hibernate.engine.transaction.internal.jdbc.JdbcTransaction:71) - disabling autocommit
2018-05-26 10:08:57,490 DEBUG (org.springframework.orm.hibernate4.HibernateTransactionManager:516) - Exposing Hibernate transaction as JDBC transaction [jdbc:mysql://localhost:3306/sampledb?userUnicode=true&amp;characterEncoding=UTF-8, UserName=root@localhost, MySQL Connector Java]
2018-05-26 10:08:57,490 DEBUG (org.springframework.orm.hibernate4.HibernateTransactionManager:516) - Exposing Hibernate transaction as JDBC transaction [jdbc:mysql://localhost:3306/sampledb?userUnicode=true&amp;characterEncoding=UTF-8, UserName=root@localhost, MySQL Connector Java]
2018-05-26 10:08:57,499 DEBUG (org.springframework.orm.hibernate4.HibernateTransactionManager:383) - Found thread-bound Session [SessionImpl(PersistenceContext[entityKeys=[],collectionKeys=[]];ActionQueue[insertions=[] updates=[] deletions=[] collectionCreations=[] collectionRemovals=[] collectionUpdates=[] unresolvedInsertDependencies=UnresolvedEntityInsertActions[]])] for Hibernate transaction
2018-05-26 10:08:57,499 DEBUG (org.springframework.orm.hibernate4.HibernateTransactionManager:383) - Found thread-bound Session [SessionImpl(PersistenceContext[entityKeys=[],collectionKeys=[]];ActionQueue[insertions=[] updates=[] deletions=[] collectionCreations=[] collectionRemovals=[] collectionUpdates=[] unresolvedInsertDependencies=UnresolvedEntityInsertActions[]])] for Hibernate transaction
2018-05-26 10:08:57,499 DEBUG (org.springframework.orm.hibernate4.HibernateTransactionManager:476) - Participating in existing transaction
2018-05-26 10:08:57,499 DEBUG (org.springframework.orm.hibernate4.HibernateTransactionManager:476) - Participating in existing transaction
2018-05-26 10:08:57,500 DEBUG (org.hibernate.SQL:104) - select user0_.user_id as user1_5_, user0_.credit as credit2_5_, user0_.last_ip as last3_5_, user0_.last_visit as last4_5_, user0_.locked as locked5_5_, user0_.password as password6_5_, user0_.user_name as user7_5_, user0_.user_type as user8_5_ from t_user user0_ where user0_.user_name=?
Hibernate: select user0_.user_id as user1_5_, user0_.credit as credit2_5_, user0_.last_ip as last3_5_, user0_.last_visit as last4_5_, user0_.locked as locked5_5_, user0_.password as password6_5_, user0_.user_name as user7_5_, user0_.user_type as user8_5_ from t_user user0_ where user0_.user_name=?
2018-05-26 10:08:57,501 DEBUG (org.hibernate.loader.Loader:939) - Result set row: 0
2018-05-26 10:08:57,502 DEBUG (org.hibernate.loader.Loader:1471) - Result row: EntityKey[com.domain.User#1]
2018-05-26 10:08:57,502 DEBUG (org.hibernate.engine.internal.TwoPhaseLoad:157) - Resolving associations for [com.domain.User#1]
2018-05-26 10:08:57,503 DEBUG (org.hibernate.engine.internal.TwoPhaseLoad:276) - Done materializing entity [com.domain.User#1]
2018-05-26 10:08:57,504 DEBUG (org.hibernate.loader.Loader:2223) - Loading collection: [com.domain.User.manBoards#1]
2018-05-26 10:08:57,504 DEBUG (org.hibernate.SQL:104) - select manboards0_.user_id as user1_5_1_, manboards0_.board_id as board2_1_1_, board1_.board_id as board1_0_0_, board1_.board_desc as board2_0_0_, board1_.board_name as board3_0_0_, board1_.topic_num as topic4_0_0_ from t_board_manager manboards0_ inner join t_board board1_ on manboards0_.board_id=board1_.board_id where manboards0_.user_id=?
Hibernate: select manboards0_.user_id as user1_5_1_, manboards0_.board_id as board2_1_1_, board1_.board_id as board1_0_0_, board1_.board_desc as board2_0_0_, board1_.board_name as board3_0_0_, board1_.topic_num as topic4_0_0_ from t_board_manager manboards0_ inner join t_board board1_ on manboards0_.board_id=board1_.board_id where manboards0_.user_id=?
2018-05-26 10:08:57,506 DEBUG (org.hibernate.loader.Loader:1357) - Result set contains (possibly empty) collection: [com.domain.User.manBoards#1]
2018-05-26 10:08:57,506 DEBUG (org.hibernate.loader.Loader:939) - Result set row: 0
2018-05-26 10:08:57,507 DEBUG (org.hibernate.loader.Loader:1471) - Result row: EntityKey[com.domain.Board#1]
2018-05-26 10:08:57,507 DEBUG (org.hibernate.loader.Loader:1291) - Found row of collection: [com.domain.User.manBoards#1]
2018-05-26 10:08:57,508 DEBUG (org.hibernate.engine.internal.TwoPhaseLoad:157) - Resolving associations for [com.domain.Board#1]
2018-05-26 10:08:57,509 DEBUG (org.hibernate.engine.internal.TwoPhaseLoad:276) - Done materializing entity [com.domain.Board#1]
2018-05-26 10:08:57,509 DEBUG (org.hibernate.engine.loading.internal.CollectionLoadContext:228) - 1 collections were found in result set for role: com.domain.User.manBoards
2018-05-26 10:08:57,509 DEBUG (org.hibernate.engine.loading.internal.CollectionLoadContext:265) - Collection fully initialized: [com.domain.User.manBoards#1]
2018-05-26 10:08:57,509 DEBUG (org.hibernate.engine.loading.internal.CollectionLoadContext:235) - 1 collections initialized for role: com.domain.User.manBoards
2018-05-26 10:08:57,510 DEBUG (org.hibernate.loader.Loader:2243) - Done loading collection
2018-05-26 10:08:57,511 DEBUG (org.hibernate.loader.Loader:2223) - Loading collection: [com.domain.Board.users#1]
2018-05-26 10:08:57,511 DEBUG (org.hibernate.SQL:104) - select users0_.board_id as board2_0_1_, users0_.user_id as user1_1_1_, user1_.user_id as user1_5_0_, user1_.credit as credit2_5_0_, user1_.last_ip as last3_5_0_, user1_.last_visit as last4_5_0_, user1_.locked as locked5_5_0_, user1_.password as password6_5_0_, user1_.user_name as user7_5_0_, user1_.user_type as user8_5_0_ from t_board_manager users0_ inner join t_user user1_ on users0_.user_id=user1_.user_id where users0_.board_id=?
Hibernate: select users0_.board_id as board2_0_1_, users0_.user_id as user1_1_1_, user1_.user_id as user1_5_0_, user1_.credit as credit2_5_0_, user1_.last_ip as last3_5_0_, user1_.last_visit as last4_5_0_, user1_.locked as locked5_5_0_, user1_.password as password6_5_0_, user1_.user_name as user7_5_0_, user1_.user_type as user8_5_0_ from t_board_manager users0_ inner join t_user user1_ on users0_.user_id=user1_.user_id where users0_.board_id=?
2018-05-26 10:08:57,513 DEBUG (org.hibernate.loader.Loader:1357) - Result set contains (possibly empty) collection: [com.domain.Board.users#1]
2018-05-26 10:08:57,513 DEBUG (org.hibernate.loader.Loader:939) - Result set row: 0
2018-05-26 10:08:57,513 DEBUG (org.hibernate.loader.Loader:1471) - Result row: EntityKey[com.domain.User#1]
2018-05-26 10:08:57,514 DEBUG (org.hibernate.loader.Loader:1291) - Found row of collection: [com.domain.Board.users#1]
2018-05-26 10:08:57,514 DEBUG (org.hibernate.loader.Loader:939) - Result set row: 1
2018-05-26 10:08:57,514 DEBUG (org.hibernate.loader.Loader:1471) - Result row: EntityKey[com.domain.User#2]
2018-05-26 10:08:57,515 DEBUG (org.hibernate.loader.Loader:1291) - Found row of collection: [com.domain.Board.users#1]
2018-05-26 10:08:57,515 DEBUG (org.hibernate.engine.internal.TwoPhaseLoad:157) - Resolving associations for [com.domain.User#2]
2018-05-26 10:08:57,515 DEBUG (org.hibernate.engine.internal.TwoPhaseLoad:276) - Done materializing entity [com.domain.User#2]
2018-05-26 10:08:57,516 DEBUG (org.hibernate.engine.loading.internal.CollectionLoadContext:228) - 1 collections were found in result set for role: com.domain.Board.users
2018-05-26 10:08:57,516 DEBUG (org.hibernate.engine.loading.internal.CollectionLoadContext:265) - Collection fully initialized: [com.domain.Board.users#1]
2018-05-26 10:08:57,516 DEBUG (org.hibernate.engine.loading.internal.CollectionLoadContext:235) - 1 collections initialized for role: com.domain.Board.users
2018-05-26 10:08:57,517 DEBUG (org.hibernate.loader.Loader:2243) - Done loading collection
2018-05-26 10:08:57,518 DEBUG (org.hibernate.loader.Loader:2223) - Loading collection: [com.domain.User.manBoards#2]
2018-05-26 10:08:57,519 DEBUG (org.hibernate.SQL:104) - select manboards0_.user_id as user1_5_1_, manboards0_.board_id as board2_1_1_, board1_.board_id as board1_0_0_, board1_.board_desc as board2_0_0_, board1_.board_name as board3_0_0_, board1_.topic_num as topic4_0_0_ from t_board_manager manboards0_ inner join t_board board1_ on manboards0_.board_id=board1_.board_id where manboards0_.user_id=?
Hibernate: select manboards0_.user_id as user1_5_1_, manboards0_.board_id as board2_1_1_, board1_.board_id as board1_0_0_, board1_.board_desc as board2_0_0_, board1_.board_name as board3_0_0_, board1_.topic_num as topic4_0_0_ from t_board_manager manboards0_ inner join t_board board1_ on manboards0_.board_id=board1_.board_id where manboards0_.user_id=?
2018-05-26 10:08:57,520 DEBUG (org.hibernate.loader.Loader:1357) - Result set contains (possibly empty) collection: [com.domain.User.manBoards#2]
2018-05-26 10:08:57,520 DEBUG (org.hibernate.loader.Loader:939) - Result set row: 0
2018-05-26 10:08:57,523 DEBUG (org.hibernate.loader.Loader:1471) - Result row: EntityKey[com.domain.Board#1]
2018-05-26 10:08:57,523 DEBUG (org.hibernate.loader.Loader:1291) - Found row of collection: [com.domain.User.manBoards#2]
2018-05-26 10:08:57,524 DEBUG (org.hibernate.engine.loading.internal.CollectionLoadContext:228) - 1 collections were found in result set for role: com.domain.User.manBoards
2018-05-26 10:08:57,524 DEBUG (org.hibernate.engine.loading.internal.CollectionLoadContext:265) - Collection fully initialized: [com.domain.User.manBoards#2]
2018-05-26 10:08:57,524 DEBUG (org.hibernate.engine.loading.internal.CollectionLoadContext:235) - 1 collections initialized for role: com.domain.User.manBoards
2018-05-26 10:08:57,524 DEBUG (org.hibernate.loader.Loader:2243) - Done loading collection
2018-05-26 10:08:57,525 DEBUG (org.springframework.orm.hibernate4.HibernateTransactionManager:759) - Initiating transaction commit
2018-05-26 10:08:57,525 DEBUG (org.springframework.orm.hibernate4.HibernateTransactionManager:759) - Initiating transaction commit
2018-05-26 10:08:57,525 DEBUG (org.springframework.orm.hibernate4.HibernateTransactionManager:580) - Committing Hibernate transaction on Session [SessionImpl(PersistenceContext[entityKeys=[EntityKey[com.domain.User#2], EntityKey[com.domain.User#1], EntityKey[com.domain.Board#1]],collectionKeys=[CollectionKey[com.domain.User.manBoards#2], CollectionKey[com.domain.Board.users#1], CollectionKey[com.domain.User.manBoards#1]]];ActionQueue[insertions=[] updates=[] deletions=[] collectionCreations=[] collectionRemovals=[] collectionUpdates=[] unresolvedInsertDependencies=UnresolvedEntityInsertActions[]])]
2018-05-26 10:08:57,525 DEBUG (org.springframework.orm.hibernate4.HibernateTransactionManager:580) - Committing Hibernate transaction on Session [SessionImpl(PersistenceContext[entityKeys=[EntityKey[com.domain.User#2], EntityKey[com.domain.User#1], EntityKey[com.domain.Board#1]],collectionKeys=[CollectionKey[com.domain.User.manBoards#2], CollectionKey[com.domain.Board.users#1], CollectionKey[com.domain.User.manBoards#1]]];ActionQueue[insertions=[] updates=[] deletions=[] collectionCreations=[] collectionRemovals=[] collectionUpdates=[] unresolvedInsertDependencies=UnresolvedEntityInsertActions[]])]
2018-05-26 10:08:57,525 DEBUG (org.hibernate.engine.transaction.spi.AbstractTransactionImpl:173) - committing
2018-05-26 10:08:57,525 DEBUG (org.hibernate.event.internal.AbstractFlushingEventListener:143) - Processing flush-time cascades
2018-05-26 10:08:57,526 DEBUG (org.hibernate.event.internal.AbstractFlushingEventListener:184) - Dirty checking collections
2018-05-26 10:08:57,526 DEBUG (org.hibernate.engine.internal.Collections:190) - Collection found: [com.domain.User.manBoards#1], was: [com.domain.User.manBoards#1] (initialized)
2018-05-26 10:08:57,526 DEBUG (org.hibernate.engine.internal.Collections:190) - Collection found: [com.domain.Board.users#1], was: [com.domain.Board.users#1] (initialized)
2018-05-26 10:08:57,527 DEBUG (org.hibernate.engine.internal.Collections:190) - Collection found: [com.domain.User.manBoards#2], was: [com.domain.User.manBoards#2] (initialized)
2018-05-26 10:08:57,527 DEBUG (org.hibernate.event.internal.AbstractFlushingEventListener:117) - Flushed: 0 insertions, 0 updates, 0 deletions to 3 objects
2018-05-26 10:08:57,527 DEBUG (org.hibernate.event.internal.AbstractFlushingEventListener:124) - Flushed: 0 (re)creations, 0 updates, 0 removals to 3 collections
2018-05-26 10:08:57,527 DEBUG (org.hibernate.internal.util.EntityPrinter:114) - Listing entities:
2018-05-26 10:08:57,527 DEBUG (org.hibernate.internal.util.EntityPrinter:121) - com.domain.User{password=1234, lastIp=null, lastVisit=null, manBoards=[com.domain.Board#1], userType=2, credit=10, locked=1, userName=john, userId=2}
2018-05-26 10:08:57,527 DEBUG (org.hibernate.internal.util.EntityPrinter:121) - com.domain.User{password=1234, lastIp=null, lastVisit=null, manBoards=[com.domain.Board#1], userType=1, credit=1433, locked=0, userName=tom, userId=1}
2018-05-26 10:08:57,528 DEBUG (org.hibernate.internal.util.EntityPrinter:121) - com.domain.Board{topicNum=8, boardId=1, boardDesc=Spring 框架提供了构建 Web 应用程序的全功能 MVC 模块
, boardName=SpringMVC, users=[com.domain.User#1, com.domain.User#2]}
2018-05-26 10:08:57,528 DEBUG (org.hibernate.engine.transaction.internal.jdbc.JdbcTransaction:113) - committed JDBC Connection
2018-05-26 10:08:57,528 DEBUG (org.hibernate.engine.transaction.internal.jdbc.JdbcTransaction:126) - re-enabling autocommit
2018-05-26 10:08:57,529 DEBUG (org.springframework.orm.hibernate4.HibernateTransactionManager:669) - Closing Hibernate Session [SessionImpl(PersistenceContext[entityKeys=[EntityKey[com.domain.User#2], EntityKey[com.domain.User#1], EntityKey[com.domain.Board#1]],collectionKeys=[CollectionKey[com.domain.User.manBoards#2], CollectionKey[com.domain.Board.users#1], CollectionKey[com.domain.User.manBoards#1]]];ActionQueue[insertions=[] updates=[] deletions=[] collectionCreations=[] collectionRemovals=[] collectionUpdates=[] unresolvedInsertDependencies=UnresolvedEntityInsertActions[]])] after transaction
2018-05-26 10:08:57,529 DEBUG (org.springframework.orm.hibernate4.HibernateTransactionManager:669) - Closing Hibernate Session [SessionImpl(PersistenceContext[entityKeys=[EntityKey[com.domain.User#2], EntityKey[com.domain.User#1], EntityKey[com.domain.Board#1]],collectionKeys=[CollectionKey[com.domain.User.manBoards#2], CollectionKey[com.domain.Board.users#1], CollectionKey[com.domain.User.manBoards#1]]];ActionQueue[insertions=[] updates=[] deletions=[] collectionCreations=[] collectionRemovals=[] collectionUpdates=[] unresolvedInsertDependencies=UnresolvedEntityInsertActions[]])] after transaction
2018-05-26 10:08:57,529 DEBUG (org.hibernate.engine.jdbc.internal.LogicalConnectionImpl:232) - Releasing JDBC connection
2018-05-26 10:08:57,529 DEBUG (org.hibernate.engine.jdbc.internal.LogicalConnectionImpl:250) - Released JDBC connection
2018-05-26 10:08:57,530 DEBUG (org.springframework.orm.hibernate4.HibernateTransactionManager:367) - Creating new transaction with name [com.service.ForumService.addPost]: PROPAGATION_REQUIRED,ISOLATION_DEFAULT
2018-05-26 10:08:57,530 DEBUG (org.springframework.orm.hibernate4.HibernateTransactionManager:367) - Creating new transaction with name [com.service.ForumService.addPost]: PROPAGATION_REQUIRED,ISOLATION_DEFAULT
2018-05-26 10:08:57,530 DEBUG (org.springframework.orm.hibernate4.HibernateTransactionManager:438) - Opened new Session [SessionImpl(PersistenceContext[entityKeys=[],collectionKeys=[]];ActionQueue[insertions=[] updates=[] deletions=[] collectionCreations=[] collectionRemovals=[] collectionUpdates=[] unresolvedInsertDependencies=UnresolvedEntityInsertActions[]])] for Hibernate transaction
2018-05-26 10:08:57,530 DEBUG (org.springframework.orm.hibernate4.HibernateTransactionManager:438) - Opened new Session [SessionImpl(PersistenceContext[entityKeys=[],collectionKeys=[]];ActionQueue[insertions=[] updates=[] deletions=[] collectionCreations=[] collectionRemovals=[] collectionUpdates=[] unresolvedInsertDependencies=UnresolvedEntityInsertActions[]])] for Hibernate transaction
2018-05-26 10:08:57,530 DEBUG (org.springframework.orm.hibernate4.HibernateTransactionManager:448) - Preparing JDBC Connection of Hibernate Session [SessionImpl(PersistenceContext[entityKeys=[],collectionKeys=[]];ActionQueue[insertions=[] updates=[] deletions=[] collectionCreations=[] collectionRemovals=[] collectionUpdates=[] unresolvedInsertDependencies=UnresolvedEntityInsertActions[]])]
2018-05-26 10:08:57,530 DEBUG (org.springframework.orm.hibernate4.HibernateTransactionManager:448) - Preparing JDBC Connection of Hibernate Session [SessionImpl(PersistenceContext[entityKeys=[],collectionKeys=[]];ActionQueue[insertions=[] updates=[] deletions=[] collectionCreations=[] collectionRemovals=[] collectionUpdates=[] unresolvedInsertDependencies=UnresolvedEntityInsertActions[]])]
2018-05-26 10:08:57,530 DEBUG (org.hibernate.engine.jdbc.internal.LogicalConnectionImpl:212) - Obtaining JDBC connection
2018-05-26 10:08:57,530 DEBUG (org.hibernate.engine.jdbc.internal.LogicalConnectionImpl:218) - Obtained JDBC connection
2018-05-26 10:08:57,531 DEBUG (org.hibernate.engine.transaction.spi.AbstractTransactionImpl:158) - begin
2018-05-26 10:08:57,531 DEBUG (org.hibernate.engine.transaction.internal.jdbc.JdbcTransaction:69) - initial autocommit status: true
2018-05-26 10:08:57,531 DEBUG (org.hibernate.engine.transaction.internal.jdbc.JdbcTransaction:71) - disabling autocommit
2018-05-26 10:08:57,532 DEBUG (org.springframework.orm.hibernate4.HibernateTransactionManager:516) - Exposing Hibernate transaction as JDBC transaction [jdbc:mysql://localhost:3306/sampledb?userUnicode=true&amp;characterEncoding=UTF-8, UserName=root@localhost, MySQL Connector Java]
2018-05-26 10:08:57,532 DEBUG (org.springframework.orm.hibernate4.HibernateTransactionManager:516) - Exposing Hibernate transaction as JDBC transaction [jdbc:mysql://localhost:3306/sampledb?userUnicode=true&amp;characterEncoding=UTF-8, UserName=root@localhost, MySQL Connector Java]
2018-05-26 10:08:57,532 DEBUG (org.springframework.orm.hibernate4.HibernateTransactionManager:383) - Found thread-bound Session [SessionImpl(PersistenceContext[entityKeys=[],collectionKeys=[]];ActionQueue[insertions=[] updates=[] deletions=[] collectionCreations=[] collectionRemovals=[] collectionUpdates=[] unresolvedInsertDependencies=UnresolvedEntityInsertActions[]])] for Hibernate transaction
2018-05-26 10:08:57,532 DEBUG (org.springframework.orm.hibernate4.HibernateTransactionManager:383) - Found thread-bound Session [SessionImpl(PersistenceContext[entityKeys=[],collectionKeys=[]];ActionQueue[insertions=[] updates=[] deletions=[] collectionCreations=[] collectionRemovals=[] collectionUpdates=[] unresolvedInsertDependencies=UnresolvedEntityInsertActions[]])] for Hibernate transaction
2018-05-26 10:08:57,533 DEBUG (org.springframework.orm.hibernate4.HibernateTransactionManager:476) - Participating in existing transaction
2018-05-26 10:08:57,533 DEBUG (org.springframework.orm.hibernate4.HibernateTransactionManager:476) - Participating in existing transaction
2018-05-26 10:08:57,533 DEBUG (org.hibernate.engine.spi.ActionQueue:202) - Executing identity-insert immediately
2018-05-26 10:08:57,533 DEBUG (org.hibernate.SQL:104) - insert into t_post (board_id, create_time, post_text, post_title, topic_id, user_id, post_type) values (?, ?, ?, ?, ?, ?, &apos;1&apos;)
Hibernate: insert into t_post (board_id, create_time, post_text, post_title, topic_id, user_id, post_type) values (?, ?, ?, ?, ?, ?, &apos;1&apos;)
2018-05-26 10:08:57,537 DEBUG (org.hibernate.id.IdentifierGeneratorHelper:93) - Natively generated identity: 82
2018-05-26 10:08:57,538 DEBUG (org.springframework.orm.hibernate4.HibernateTransactionManager:383) - Found thread-bound Session [SessionImpl(PersistenceContext[entityKeys=[EntityKey[com.domain.Post#82]],collectionKeys=[]];ActionQueue[insertions=[] updates=[] deletions=[] collectionCreations=[] collectionRemovals=[] collectionUpdates=[] unresolvedInsertDependencies=UnresolvedEntityInsertActions[]])] for Hibernate transaction
2018-05-26 10:08:57,538 DEBUG (org.springframework.orm.hibernate4.HibernateTransactionManager:383) - Found thread-bound Session [SessionImpl(PersistenceContext[entityKeys=[EntityKey[com.domain.Post#82]],collectionKeys=[]];ActionQueue[insertions=[] updates=[] deletions=[] collectionCreations=[] collectionRemovals=[] collectionUpdates=[] unresolvedInsertDependencies=UnresolvedEntityInsertActions[]])] for Hibernate transaction
2018-05-26 10:08:57,538 DEBUG (org.springframework.orm.hibernate4.HibernateTransactionManager:476) - Participating in existing transaction
2018-05-26 10:08:57,538 DEBUG (org.springframework.orm.hibernate4.HibernateTransactionManager:476) - Participating in existing transaction
2018-05-26 10:08:57,538 DEBUG (org.hibernate.loader.Loader:2099) - Loading entity: [com.domain.Topic#38]
2018-05-26 10:08:57,538 DEBUG (org.hibernate.SQL:104) - select topic0_.topic_id as topic1_4_2_, topic0_.board_id as board2_4_2_, topic0_.create_time as create3_4_2_, topic0_.digest as digest4_4_2_, topic0_.last_post as last5_4_2_, topic0_.topic_replies as topic6_4_2_, topic0_.topic_title as topic7_4_2_, topic0_.user_id as user9_4_2_, topic0_.topic_views as topic8_4_2_, user1_.user_id as user1_5_0_, user1_.credit as credit2_5_0_, user1_.last_ip as last3_5_0_, user1_.last_visit as last4_5_0_, user1_.locked as locked5_5_0_, user1_.password as password6_5_0_, user1_.user_name as user7_5_0_, user1_.user_type as user8_5_0_, manboards2_.user_id as user1_5_4_, board3_.board_id as board2_1_4_, board3_.board_id as board1_0_1_, board3_.board_desc as board2_0_1_, board3_.board_name as board3_0_1_, board3_.topic_num as topic4_0_1_ from t_topic topic0_ left outer join t_user user1_ on topic0_.user_id=user1_.user_id left outer join t_board_manager manboards2_ on user1_.user_id=manboards2_.user_id left outer join t_board board3_ on manboards2_.board_id=board3_.board_id where topic0_.topic_id=?
Hibernate: select topic0_.topic_id as topic1_4_2_, topic0_.board_id as board2_4_2_, topic0_.create_time as create3_4_2_, topic0_.digest as digest4_4_2_, topic0_.last_post as last5_4_2_, topic0_.topic_replies as topic6_4_2_, topic0_.topic_title as topic7_4_2_, topic0_.user_id as user9_4_2_, topic0_.topic_views as topic8_4_2_, user1_.user_id as user1_5_0_, user1_.credit as credit2_5_0_, user1_.last_ip as last3_5_0_, user1_.last_visit as last4_5_0_, user1_.locked as locked5_5_0_, user1_.password as password6_5_0_, user1_.user_name as user7_5_0_, user1_.user_type as user8_5_0_, manboards2_.user_id as user1_5_4_, board3_.board_id as board2_1_4_, board3_.board_id as board1_0_1_, board3_.board_desc as board2_0_1_, board3_.board_name as board3_0_1_, board3_.topic_num as topic4_0_1_ from t_topic topic0_ left outer join t_user user1_ on topic0_.user_id=user1_.user_id left outer join t_board_manager manboards2_ on user1_.user_id=manboards2_.user_id left outer join t_board board3_ on manboards2_.board_id=board3_.board_id where topic0_.topic_id=?
2018-05-26 10:08:57,541 DEBUG (org.hibernate.loader.Loader:939) - Result set row: 0
2018-05-26 10:08:57,542 DEBUG (org.hibernate.loader.Loader:1471) - Result row: EntityKey[com.domain.User#1], EntityKey[com.domain.Board#1], EntityKey[com.domain.Topic#38]
2018-05-26 10:08:57,542 DEBUG (org.hibernate.loader.Loader:1291) - Found row of collection: [com.domain.User.manBoards#1]
2018-05-26 10:08:57,543 DEBUG (org.hibernate.engine.internal.TwoPhaseLoad:157) - Resolving associations for [com.domain.User#1]
2018-05-26 10:08:57,543 DEBUG (org.hibernate.engine.internal.TwoPhaseLoad:276) - Done materializing entity [com.domain.User#1]
2018-05-26 10:08:57,544 DEBUG (org.hibernate.engine.internal.TwoPhaseLoad:157) - Resolving associations for [com.domain.Board#1]
2018-05-26 10:08:57,544 DEBUG (org.hibernate.engine.internal.TwoPhaseLoad:276) - Done materializing entity [com.domain.Board#1]
2018-05-26 10:08:57,544 DEBUG (org.hibernate.engine.internal.TwoPhaseLoad:157) - Resolving associations for [com.domain.Topic#38]
2018-05-26 10:08:57,544 DEBUG (org.hibernate.engine.internal.TwoPhaseLoad:276) - Done materializing entity [com.domain.Topic#38]
2018-05-26 10:08:57,544 DEBUG (org.hibernate.engine.loading.internal.CollectionLoadContext:228) - 1 collections were found in result set for role: com.domain.User.manBoards
2018-05-26 10:08:57,545 DEBUG (org.hibernate.engine.loading.internal.CollectionLoadContext:265) - Collection fully initialized: [com.domain.User.manBoards#1]
2018-05-26 10:08:57,545 DEBUG (org.hibernate.engine.loading.internal.CollectionLoadContext:235) - 1 collections initialized for role: com.domain.User.manBoards
2018-05-26 10:08:57,547 DEBUG (org.hibernate.loader.Loader:2223) - Loading collection: [com.domain.Board.users#1]
2018-05-26 10:08:57,547 DEBUG (org.hibernate.SQL:104) - select users0_.board_id as board2_0_1_, users0_.user_id as user1_1_1_, user1_.user_id as user1_5_0_, user1_.credit as credit2_5_0_, user1_.last_ip as last3_5_0_, user1_.last_visit as last4_5_0_, user1_.locked as locked5_5_0_, user1_.password as password6_5_0_, user1_.user_name as user7_5_0_, user1_.user_type as user8_5_0_ from t_board_manager users0_ inner join t_user user1_ on users0_.user_id=user1_.user_id where users0_.board_id=?
Hibernate: select users0_.board_id as board2_0_1_, users0_.user_id as user1_1_1_, user1_.user_id as user1_5_0_, user1_.credit as credit2_5_0_, user1_.last_ip as last3_5_0_, user1_.last_visit as last4_5_0_, user1_.locked as locked5_5_0_, user1_.password as password6_5_0_, user1_.user_name as user7_5_0_, user1_.user_type as user8_5_0_ from t_board_manager users0_ inner join t_user user1_ on users0_.user_id=user1_.user_id where users0_.board_id=?
2018-05-26 10:08:57,549 DEBUG (org.hibernate.loader.Loader:1357) - Result set contains (possibly empty) collection: [com.domain.Board.users#1]
2018-05-26 10:08:57,549 DEBUG (org.hibernate.loader.Loader:939) - Result set row: 0
2018-05-26 10:08:57,549 DEBUG (org.hibernate.loader.Loader:1471) - Result row: EntityKey[com.domain.User#1]
2018-05-26 10:08:57,550 DEBUG (org.hibernate.loader.Loader:1291) - Found row of collection: [com.domain.Board.users#1]
2018-05-26 10:08:57,552 DEBUG (org.hibernate.loader.Loader:939) - Result set row: 1
2018-05-26 10:08:57,552 DEBUG (org.hibernate.loader.Loader:1471) - Result row: EntityKey[com.domain.User#2]
2018-05-26 10:08:57,552 DEBUG (org.hibernate.loader.Loader:1291) - Found row of collection: [com.domain.Board.users#1]
2018-05-26 10:08:57,553 DEBUG (org.hibernate.engine.internal.TwoPhaseLoad:157) - Resolving associations for [com.domain.User#2]
2018-05-26 10:08:57,553 DEBUG (org.hibernate.engine.internal.TwoPhaseLoad:276) - Done materializing entity [com.domain.User#2]
2018-05-26 10:08:57,554 DEBUG (org.hibernate.engine.loading.internal.CollectionLoadContext:228) - 1 collections were found in result set for role: com.domain.Board.users
2018-05-26 10:08:57,554 DEBUG (org.hibernate.engine.loading.internal.CollectionLoadContext:265) - Collection fully initialized: [com.domain.Board.users#1]
2018-05-26 10:08:57,554 DEBUG (org.hibernate.engine.loading.internal.CollectionLoadContext:235) - 1 collections initialized for role: com.domain.Board.users
2018-05-26 10:08:57,554 DEBUG (org.hibernate.loader.Loader:2243) - Done loading collection
2018-05-26 10:08:57,555 DEBUG (org.hibernate.loader.Loader:2223) - Loading collection: [com.domain.User.manBoards#2]
2018-05-26 10:08:57,555 DEBUG (org.hibernate.SQL:104) - select manboards0_.user_id as user1_5_1_, manboards0_.board_id as board2_1_1_, board1_.board_id as board1_0_0_, board1_.board_desc as board2_0_0_, board1_.board_name as board3_0_0_, board1_.topic_num as topic4_0_0_ from t_board_manager manboards0_ inner join t_board board1_ on manboards0_.board_id=board1_.board_id where manboards0_.user_id=?
Hibernate: select manboards0_.user_id as user1_5_1_, manboards0_.board_id as board2_1_1_, board1_.board_id as board1_0_0_, board1_.board_desc as board2_0_0_, board1_.board_name as board3_0_0_, board1_.topic_num as topic4_0_0_ from t_board_manager manboards0_ inner join t_board board1_ on manboards0_.board_id=board1_.board_id where manboards0_.user_id=?
2018-05-26 10:08:57,556 DEBUG (org.hibernate.loader.Loader:1357) - Result set contains (possibly empty) collection: [com.domain.User.manBoards#2]
2018-05-26 10:08:57,557 DEBUG (org.hibernate.loader.Loader:939) - Result set row: 0
2018-05-26 10:08:57,557 DEBUG (org.hibernate.loader.Loader:1471) - Result row: EntityKey[com.domain.Board#1]
2018-05-26 10:08:57,557 DEBUG (org.hibernate.loader.Loader:1291) - Found row of collection: [com.domain.User.manBoards#2]
2018-05-26 10:08:57,558 DEBUG (org.hibernate.engine.loading.internal.CollectionLoadContext:228) - 1 collections were found in result set for role: com.domain.User.manBoards
2018-05-26 10:08:57,558 DEBUG (org.hibernate.engine.loading.internal.CollectionLoadContext:265) - Collection fully initialized: [com.domain.User.manBoards#2]
2018-05-26 10:08:57,558 DEBUG (org.hibernate.engine.loading.internal.CollectionLoadContext:235) - 1 collections initialized for role: com.domain.User.manBoards
2018-05-26 10:08:57,558 DEBUG (org.hibernate.loader.Loader:2243) - Done loading collection
2018-05-26 10:08:57,558 DEBUG (org.hibernate.loader.Loader:2123) - Done entity load
2018-05-26 10:08:57,559 DEBUG (org.springframework.orm.hibernate4.HibernateTransactionManager:383) - Found thread-bound Session [SessionImpl(PersistenceContext[entityKeys=[EntityKey[com.domain.User#2], EntityKey[com.domain.User#1], EntityKey[com.domain.Topic#38], EntityKey[com.domain.Board#1], EntityKey[com.domain.Post#82]],collectionKeys=[CollectionKey[com.domain.User.manBoards#2], CollectionKey[com.domain.Board.users#1], CollectionKey[com.domain.User.manBoards#1]]];ActionQueue[insertions=[] updates=[] deletions=[] collectionCreations=[] collectionRemovals=[] collectionUpdates=[] unresolvedInsertDependencies=UnresolvedEntityInsertActions[]])] for Hibernate transaction
2018-05-26 10:08:57,559 DEBUG (org.springframework.orm.hibernate4.HibernateTransactionManager:383) - Found thread-bound Session [SessionImpl(PersistenceContext[entityKeys=[EntityKey[com.domain.User#2], EntityKey[com.domain.User#1], EntityKey[com.domain.Topic#38], EntityKey[com.domain.Board#1], EntityKey[com.domain.Post#82]],collectionKeys=[CollectionKey[com.domain.User.manBoards#2], CollectionKey[com.domain.Board.users#1], CollectionKey[com.domain.User.manBoards#1]]];ActionQueue[insertions=[] updates=[] deletions=[] collectionCreations=[] collectionRemovals=[] collectionUpdates=[] unresolvedInsertDependencies=UnresolvedEntityInsertActions[]])] for Hibernate transaction
2018-05-26 10:08:57,559 DEBUG (org.springframework.orm.hibernate4.HibernateTransactionManager:476) - Participating in existing transaction
2018-05-26 10:08:57,559 DEBUG (org.springframework.orm.hibernate4.HibernateTransactionManager:476) - Participating in existing transaction
2018-05-26 10:08:57,559 DEBUG (org.springframework.orm.hibernate4.HibernateTransactionManager:383) - Found thread-bound Session [SessionImpl(PersistenceContext[entityKeys=[EntityKey[com.domain.User#2], EntityKey[com.domain.User#1], EntityKey[com.domain.Topic#38], EntityKey[com.domain.Board#1], EntityKey[com.domain.Post#82]],collectionKeys=[CollectionKey[com.domain.User.manBoards#2], CollectionKey[com.domain.Board.users#1], CollectionKey[com.domain.User.manBoards#1]]];ActionQueue[insertions=[] updates=[] deletions=[] collectionCreations=[] collectionRemovals=[] collectionUpdates=[] unresolvedInsertDependencies=UnresolvedEntityInsertActions[]])] for Hibernate transaction
2018-05-26 10:08:57,559 DEBUG (org.springframework.orm.hibernate4.HibernateTransactionManager:383) - Found thread-bound Session [SessionImpl(PersistenceContext[entityKeys=[EntityKey[com.domain.User#2], EntityKey[com.domain.User#1], EntityKey[com.domain.Topic#38], EntityKey[com.domain.Board#1], EntityKey[com.domain.Post#82]],collectionKeys=[CollectionKey[com.domain.User.manBoards#2], CollectionKey[com.domain.Board.users#1], CollectionKey[com.domain.User.manBoards#1]]];ActionQueue[insertions=[] updates=[] deletions=[] collectionCreations=[] collectionRemovals=[] collectionUpdates=[] unresolvedInsertDependencies=UnresolvedEntityInsertActions[]])] for Hibernate transaction
2018-05-26 10:08:57,559 DEBUG (org.springframework.orm.hibernate4.HibernateTransactionManager:476) - Participating in existing transaction
2018-05-26 10:08:57,559 DEBUG (org.springframework.orm.hibernate4.HibernateTransactionManager:476) - Participating in existing transaction
2018-05-26 10:08:57,560 DEBUG (org.springframework.orm.hibernate4.HibernateTransactionManager:858) - Participating transaction failed - marking existing transaction as rollback-only
2018-05-26 10:08:57,560 DEBUG (org.springframework.orm.hibernate4.HibernateTransactionManager:858) - Participating transaction failed - marking existing transaction as rollback-only
2018-05-26 10:08:57,561 DEBUG (org.springframework.orm.hibernate4.HibernateTransactionManager:626) - Setting Hibernate transaction on Session [SessionImpl(PersistenceContext[entityKeys=[EntityKey[com.domain.User#2], EntityKey[com.domain.User#1], EntityKey[com.domain.Topic#38], EntityKey[com.domain.Board#1], EntityKey[com.domain.Post#82]],collectionKeys=[CollectionKey[com.domain.User.manBoards#2], CollectionKey[com.domain.Board.users#1], CollectionKey[com.domain.User.manBoards#1]]];ActionQueue[insertions=[] updates=[] deletions=[] collectionCreations=[] collectionRemovals=[] collectionUpdates=[] unresolvedInsertDependencies=UnresolvedEntityInsertActions[]])] rollback-only
2018-05-26 10:08:57,561 DEBUG (org.springframework.orm.hibernate4.HibernateTransactionManager:626) - Setting Hibernate transaction on Session [SessionImpl(PersistenceContext[entityKeys=[EntityKey[com.domain.User#2], EntityKey[com.domain.User#1], EntityKey[com.domain.Topic#38], EntityKey[com.domain.Board#1], EntityKey[com.domain.Post#82]],collectionKeys=[CollectionKey[com.domain.User.manBoards#2], CollectionKey[com.domain.Board.users#1], CollectionKey[com.domain.User.manBoards#1]]];ActionQueue[insertions=[] updates=[] deletions=[] collectionCreations=[] collectionRemovals=[] collectionUpdates=[] unresolvedInsertDependencies=UnresolvedEntityInsertActions[]])] rollback-only
2018-05-26 10:08:57,561 DEBUG (org.springframework.orm.hibernate4.HibernateTransactionManager:851) - Initiating transaction rollback
2018-05-26 10:08:57,561 DEBUG (org.springframework.orm.hibernate4.HibernateTransactionManager:851) - Initiating transaction rollback
2018-05-26 10:08:57,562 DEBUG (org.springframework.orm.hibernate4.HibernateTransactionManager:600) - Rolling back Hibernate transaction on Session [SessionImpl(PersistenceContext[entityKeys=[EntityKey[com.domain.User#2], EntityKey[com.domain.User#1], EntityKey[com.domain.Topic#38], EntityKey[com.domain.Board#1], EntityKey[com.domain.Post#82]],collectionKeys=[CollectionKey[com.domain.User.manBoards#2], CollectionKey[com.domain.Board.users#1], CollectionKey[com.domain.User.manBoards#1]]];ActionQueue[insertions=[] updates=[] deletions=[] collectionCreations=[] collectionRemovals=[] collectionUpdates=[] unresolvedInsertDependencies=UnresolvedEntityInsertActions[]])]
2018-05-26 10:08:57,562 DEBUG (org.springframework.orm.hibernate4.HibernateTransactionManager:600) - Rolling back Hibernate transaction on Session [SessionImpl(PersistenceContext[entityKeys=[EntityKey[com.domain.User#2], EntityKey[com.domain.User#1], EntityKey[com.domain.Topic#38], EntityKey[com.domain.Board#1], EntityKey[com.domain.Post#82]],collectionKeys=[CollectionKey[com.domain.User.manBoards#2], CollectionKey[com.domain.Board.users#1], CollectionKey[com.domain.User.manBoards#1]]];ActionQueue[insertions=[] updates=[] deletions=[] collectionCreations=[] collectionRemovals=[] collectionUpdates=[] unresolvedInsertDependencies=UnresolvedEntityInsertActions[]])]
2018-05-26 10:08:57,562 DEBUG (org.hibernate.engine.transaction.spi.AbstractTransactionImpl:203) - rolling back
2018-05-26 10:08:57,573 DEBUG (net.sf.ehcache.util.UpdateChecker:68) - Checking for update...
2018-05-26 10:08:57,598 DEBUG (org.hibernate.engine.transaction.internal.jdbc.JdbcTransaction:164) - rolled JDBC Connection
2018-05-26 10:08:57,598 DEBUG (org.hibernate.engine.transaction.internal.jdbc.JdbcTransaction:126) - re-enabling autocommit
2018-05-26 10:08:57,599 DEBUG (org.springframework.orm.hibernate4.HibernateTransactionManager:669) - Closing Hibernate Session [SessionImpl(PersistenceContext[entityKeys=[EntityKey[com.domain.User#2], EntityKey[com.domain.User#1], EntityKey[com.domain.Topic#38], EntityKey[com.domain.Board#1], EntityKey[com.domain.Post#82]],collectionKeys=[CollectionKey[com.domain.User.manBoards#2], CollectionKey[com.domain.Board.users#1], CollectionKey[com.domain.User.manBoards#1]]];ActionQueue[insertions=[] updates=[] deletions=[] collectionCreations=[] collectionRemovals=[] collectionUpdates=[] unresolvedInsertDependencies=UnresolvedEntityInsertActions[]])] after transaction
2018-05-26 10:08:57,599 DEBUG (org.springframework.orm.hibernate4.HibernateTransactionManager:669) - Closing Hibernate Session [SessionImpl(PersistenceContext[entityKeys=[EntityKey[com.domain.User#2], EntityKey[com.domain.User#1], EntityKey[com.domain.Topic#38], EntityKey[com.domain.Board#1], EntityKey[com.domain.Post#82]],collectionKeys=[CollectionKey[com.domain.User.manBoards#2], CollectionKey[com.domain.Board.users#1], CollectionKey[com.domain.User.manBoards#1]]];ActionQueue[insertions=[] updates=[] deletions=[] collectionCreations=[] collectionRemovals=[] collectionUpdates=[] unresolvedInsertDependencies=UnresolvedEntityInsertActions[]])] after transaction
2018-05-26 10:08:57,600 DEBUG (org.hibernate.engine.jdbc.internal.LogicalConnectionImpl:232) - Releasing JDBC connection
2018-05-26 10:08:57,600 DEBUG (org.hibernate.engine.jdbc.internal.LogicalConnectionImpl:250) - Released JDBC connection
</system-out>
  </testcase>
  <testcase classname="com.service.Test" name="addTopic" time="0.195"/>
  <testcase classname="com.service.Test" name="addBoard" time="0.059"/>
  <testcase classname="com.service.Test" name="removePost" time="0.016">
    <failure type="java.lang.NullPointerException">java.lang.NullPointerException
	at com.service.ForumService.removePost(ForumService.java:118)
	at com.service.ForumService$$FastClassBySpringCGLIB$$9a85475a.invoke(&lt;generated&gt;)
	at org.springframework.cglib.proxy.MethodProxy.invoke(MethodProxy.java:204)
	at org.springframework.aop.framework.CglibAopProxy$CglibMethodInvocation.invokeJoinpoint(CglibAopProxy.java:717)
	at org.springframework.aop.framework.ReflectiveMethodInvocation.proceed(ReflectiveMethodInvocation.java:157)
	at org.springframework.transaction.interceptor.TransactionInterceptor$1.proceedWithInvocation(TransactionInterceptor.java:99)
	at org.springframework.transaction.interceptor.TransactionAspectSupport.invokeWithinTransaction(TransactionAspectSupport.java:281)
	at org.springframework.transaction.interceptor.TransactionInterceptor.invoke(TransactionInterceptor.java:96)
	at org.springframework.aop.framework.ReflectiveMethodInvocation.proceed(ReflectiveMethodInvocation.java:179)
	at org.springframework.aop.interceptor.ExposeInvocationInterceptor.invoke(ExposeInvocationInterceptor.java:92)
	at org.springframework.aop.framework.ReflectiveMethodInvocation.proceed(ReflectiveMethodInvocation.java:179)
	at org.springframework.aop.framework.CglibAopProxy$DynamicAdvisedInterceptor.intercept(CglibAopProxy.java:653)
	at com.service.ForumService$$EnhancerBySpringCGLIB$$6409e2c1.removePost(&lt;generated&gt;)
	at com.service.Test.removePost(Test.java:72)
</failure>
    <system-out>2018-05-26 10:08:57,860 DEBUG (org.springframework.orm.hibernate4.HibernateTransactionManager:367) - Creating new transaction with name [com.service.ForumService.removePost]: PROPAGATION_REQUIRED,ISOLATION_DEFAULT
2018-05-26 10:08:57,860 DEBUG (org.springframework.orm.hibernate4.HibernateTransactionManager:367) - Creating new transaction with name [com.service.ForumService.removePost]: PROPAGATION_REQUIRED,ISOLATION_DEFAULT
2018-05-26 10:08:57,860 DEBUG (org.springframework.orm.hibernate4.HibernateTransactionManager:438) - Opened new Session [SessionImpl(PersistenceContext[entityKeys=[],collectionKeys=[]];ActionQueue[insertions=[] updates=[] deletions=[] collectionCreations=[] collectionRemovals=[] collectionUpdates=[] unresolvedInsertDependencies=UnresolvedEntityInsertActions[]])] for Hibernate transaction
2018-05-26 10:08:57,860 DEBUG (org.springframework.orm.hibernate4.HibernateTransactionManager:438) - Opened new Session [SessionImpl(PersistenceContext[entityKeys=[],collectionKeys=[]];ActionQueue[insertions=[] updates=[] deletions=[] collectionCreations=[] collectionRemovals=[] collectionUpdates=[] unresolvedInsertDependencies=UnresolvedEntityInsertActions[]])] for Hibernate transaction
2018-05-26 10:08:57,861 DEBUG (org.springframework.orm.hibernate4.HibernateTransactionManager:448) - Preparing JDBC Connection of Hibernate Session [SessionImpl(PersistenceContext[entityKeys=[],collectionKeys=[]];ActionQueue[insertions=[] updates=[] deletions=[] collectionCreations=[] collectionRemovals=[] collectionUpdates=[] unresolvedInsertDependencies=UnresolvedEntityInsertActions[]])]
2018-05-26 10:08:57,861 DEBUG (org.springframework.orm.hibernate4.HibernateTransactionManager:448) - Preparing JDBC Connection of Hibernate Session [SessionImpl(PersistenceContext[entityKeys=[],collectionKeys=[]];ActionQueue[insertions=[] updates=[] deletions=[] collectionCreations=[] collectionRemovals=[] collectionUpdates=[] unresolvedInsertDependencies=UnresolvedEntityInsertActions[]])]
2018-05-26 10:08:57,861 DEBUG (org.hibernate.engine.jdbc.internal.LogicalConnectionImpl:212) - Obtaining JDBC connection
2018-05-26 10:08:57,861 DEBUG (org.hibernate.engine.jdbc.internal.LogicalConnectionImpl:218) - Obtained JDBC connection
2018-05-26 10:08:57,861 DEBUG (org.hibernate.engine.transaction.spi.AbstractTransactionImpl:158) - begin
2018-05-26 10:08:57,861 DEBUG (org.hibernate.engine.transaction.internal.jdbc.JdbcTransaction:69) - initial autocommit status: true
2018-05-26 10:08:57,861 DEBUG (org.hibernate.engine.transaction.internal.jdbc.JdbcTransaction:71) - disabling autocommit
2018-05-26 10:08:57,862 DEBUG (org.springframework.orm.hibernate4.HibernateTransactionManager:516) - Exposing Hibernate transaction as JDBC transaction [jdbc:mysql://localhost:3306/sampledb?userUnicode=true&amp;characterEncoding=UTF-8, UserName=root@localhost, MySQL Connector Java]
2018-05-26 10:08:57,862 DEBUG (org.springframework.orm.hibernate4.HibernateTransactionManager:516) - Exposing Hibernate transaction as JDBC transaction [jdbc:mysql://localhost:3306/sampledb?userUnicode=true&amp;characterEncoding=UTF-8, UserName=root@localhost, MySQL Connector Java]
2018-05-26 10:08:57,863 DEBUG (org.springframework.orm.hibernate4.HibernateTransactionManager:383) - Found thread-bound Session [SessionImpl(PersistenceContext[entityKeys=[],collectionKeys=[]];ActionQueue[insertions=[] updates=[] deletions=[] collectionCreations=[] collectionRemovals=[] collectionUpdates=[] unresolvedInsertDependencies=UnresolvedEntityInsertActions[]])] for Hibernate transaction
2018-05-26 10:08:57,863 DEBUG (org.springframework.orm.hibernate4.HibernateTransactionManager:383) - Found thread-bound Session [SessionImpl(PersistenceContext[entityKeys=[],collectionKeys=[]];ActionQueue[insertions=[] updates=[] deletions=[] collectionCreations=[] collectionRemovals=[] collectionUpdates=[] unresolvedInsertDependencies=UnresolvedEntityInsertActions[]])] for Hibernate transaction
2018-05-26 10:08:57,863 DEBUG (org.springframework.orm.hibernate4.HibernateTransactionManager:476) - Participating in existing transaction
2018-05-26 10:08:57,863 DEBUG (org.springframework.orm.hibernate4.HibernateTransactionManager:476) - Participating in existing transaction
2018-05-26 10:08:57,864 DEBUG (org.hibernate.loader.Loader:2099) - Loading entity: [com.domain.Post#52]
2018-05-26 10:08:57,864 DEBUG (org.hibernate.SQL:104) - select post0_.post_id as post2_3_4_, post0_.board_id as board3_3_4_, post0_.create_time as create4_3_4_, post0_.post_text as post5_3_4_, post0_.post_title as post6_3_4_, post0_.topic_id as topic7_3_4_, post0_.user_id as user8_3_4_, post0_.post_type as post1_3_4_, topic1_.topic_id as topic1_4_0_, topic1_.board_id as board2_4_0_, topic1_.create_time as create3_4_0_, topic1_.digest as digest4_4_0_, topic1_.last_post as last5_4_0_, topic1_.topic_replies as topic6_4_0_, topic1_.topic_title as topic7_4_0_, topic1_.user_id as user9_4_0_, topic1_.topic_views as topic8_4_0_, user2_.user_id as user1_5_1_, user2_.credit as credit2_5_1_, user2_.last_ip as last3_5_1_, user2_.last_visit as last4_5_1_, user2_.locked as locked5_5_1_, user2_.password as password6_5_1_, user2_.user_name as user7_5_1_, user2_.user_type as user8_5_1_, user3_.user_id as user1_5_2_, user3_.credit as credit2_5_2_, user3_.last_ip as last3_5_2_, user3_.last_visit as last4_5_2_, user3_.locked as locked5_5_2_, user3_.password as password6_5_2_, user3_.user_name as user7_5_2_, user3_.user_type as user8_5_2_, manboards4_.user_id as user1_5_6_, board5_.board_id as board2_1_6_, board5_.board_id as board1_0_3_, board5_.board_desc as board2_0_3_, board5_.board_name as board3_0_3_, board5_.topic_num as topic4_0_3_ from t_post post0_ left outer join t_topic topic1_ on post0_.topic_id=topic1_.topic_id left outer join t_user user2_ on topic1_.user_id=user2_.user_id left outer join t_user user3_ on post0_.user_id=user3_.user_id left outer join t_board_manager manboards4_ on user3_.user_id=manboards4_.user_id left outer join t_board board5_ on manboards4_.board_id=board5_.board_id where post0_.post_id=?
Hibernate: select post0_.post_id as post2_3_4_, post0_.board_id as board3_3_4_, post0_.create_time as create4_3_4_, post0_.post_text as post5_3_4_, post0_.post_title as post6_3_4_, post0_.topic_id as topic7_3_4_, post0_.user_id as user8_3_4_, post0_.post_type as post1_3_4_, topic1_.topic_id as topic1_4_0_, topic1_.board_id as board2_4_0_, topic1_.create_time as create3_4_0_, topic1_.digest as digest4_4_0_, topic1_.last_post as last5_4_0_, topic1_.topic_replies as topic6_4_0_, topic1_.topic_title as topic7_4_0_, topic1_.user_id as user9_4_0_, topic1_.topic_views as topic8_4_0_, user2_.user_id as user1_5_1_, user2_.credit as credit2_5_1_, user2_.last_ip as last3_5_1_, user2_.last_visit as last4_5_1_, user2_.locked as locked5_5_1_, user2_.password as password6_5_1_, user2_.user_name as user7_5_1_, user2_.user_type as user8_5_1_, user3_.user_id as user1_5_2_, user3_.credit as credit2_5_2_, user3_.last_ip as last3_5_2_, user3_.last_visit as last4_5_2_, user3_.locked as locked5_5_2_, user3_.password as password6_5_2_, user3_.user_name as user7_5_2_, user3_.user_type as user8_5_2_, manboards4_.user_id as user1_5_6_, board5_.board_id as board2_1_6_, board5_.board_id as board1_0_3_, board5_.board_desc as board2_0_3_, board5_.board_name as board3_0_3_, board5_.topic_num as topic4_0_3_ from t_post post0_ left outer join t_topic topic1_ on post0_.topic_id=topic1_.topic_id left outer join t_user user2_ on topic1_.user_id=user2_.user_id left outer join t_user user3_ on post0_.user_id=user3_.user_id left outer join t_board_manager manboards4_ on user3_.user_id=manboards4_.user_id left outer join t_board board5_ on manboards4_.board_id=board5_.board_id where post0_.post_id=?
2018-05-26 10:08:57,868 DEBUG (org.hibernate.engine.loading.internal.CollectionLoadContext:223) - No collections were found in result set for role: com.domain.User.manBoards
2018-05-26 10:08:57,869 DEBUG (org.hibernate.loader.Loader:2123) - Done entity load
2018-05-26 10:08:57,869 DEBUG (org.springframework.orm.hibernate4.HibernateTransactionManager:851) - Initiating transaction rollback
2018-05-26 10:08:57,869 DEBUG (org.springframework.orm.hibernate4.HibernateTransactionManager:851) - Initiating transaction rollback
2018-05-26 10:08:57,869 DEBUG (org.springframework.orm.hibernate4.HibernateTransactionManager:600) - Rolling back Hibernate transaction on Session [SessionImpl(PersistenceContext[entityKeys=[],collectionKeys=[]];ActionQueue[insertions=[] updates=[] deletions=[] collectionCreations=[] collectionRemovals=[] collectionUpdates=[] unresolvedInsertDependencies=UnresolvedEntityInsertActions[]])]
2018-05-26 10:08:57,869 DEBUG (org.springframework.orm.hibernate4.HibernateTransactionManager:600) - Rolling back Hibernate transaction on Session [SessionImpl(PersistenceContext[entityKeys=[],collectionKeys=[]];ActionQueue[insertions=[] updates=[] deletions=[] collectionCreations=[] collectionRemovals=[] collectionUpdates=[] unresolvedInsertDependencies=UnresolvedEntityInsertActions[]])]
2018-05-26 10:08:57,869 DEBUG (org.hibernate.engine.transaction.spi.AbstractTransactionImpl:203) - rolling back
2018-05-26 10:08:57,870 DEBUG (org.hibernate.engine.transaction.internal.jdbc.JdbcTransaction:164) - rolled JDBC Connection
2018-05-26 10:08:57,870 DEBUG (org.hibernate.engine.transaction.internal.jdbc.JdbcTransaction:126) - re-enabling autocommit
2018-05-26 10:08:57,870 DEBUG (org.springframework.orm.hibernate4.HibernateTransactionManager:669) - Closing Hibernate Session [SessionImpl(PersistenceContext[entityKeys=[],collectionKeys=[]];ActionQueue[insertions=[] updates=[] deletions=[] collectionCreations=[] collectionRemovals=[] collectionUpdates=[] unresolvedInsertDependencies=UnresolvedEntityInsertActions[]])] after transaction
2018-05-26 10:08:57,870 DEBUG (org.springframework.orm.hibernate4.HibernateTransactionManager:669) - Closing Hibernate Session [SessionImpl(PersistenceContext[entityKeys=[],collectionKeys=[]];ActionQueue[insertions=[] updates=[] deletions=[] collectionCreations=[] collectionRemovals=[] collectionUpdates=[] unresolvedInsertDependencies=UnresolvedEntityInsertActions[]])] after transaction
2018-05-26 10:08:57,871 DEBUG (org.hibernate.engine.jdbc.internal.LogicalConnectionImpl:232) - Releasing JDBC connection
2018-05-26 10:08:57,871 DEBUG (org.hibernate.engine.jdbc.internal.LogicalConnectionImpl:250) - Released JDBC connection
</system-out>
  </testcase>
  <testcase classname="com.service.Test" name="makeDigestTopic" time="0.091"/>
  <testcase classname="com.service.UserTest" name="unlockUser" time="0.068"/>
  <testcase classname="com.service.UserTest" name="success" time="0.109"/>
  <testcase classname="com.service.UserTest" name="setUserLock" time="0.099"/>
  <testcase classname="com.service.UserTest" name="register" time="0.027">
    <failure message="用户名存在" type="com.exception.UserExistException">com.exception.UserExistException: 用户名存在
	at com.service.UserService.register(UserService.java:42)
	at com.service.UserService$$FastClassBySpringCGLIB$$4e68a2a4.invoke(&lt;generated&gt;)
	at org.springframework.cglib.proxy.MethodProxy.invoke(MethodProxy.java:204)
	at org.springframework.aop.framework.CglibAopProxy$CglibMethodInvocation.invokeJoinpoint(CglibAopProxy.java:717)
	at org.springframework.aop.framework.ReflectiveMethodInvocation.proceed(ReflectiveMethodInvocation.java:157)
	at org.springframework.transaction.interceptor.TransactionInterceptor$1.proceedWithInvocation(TransactionInterceptor.java:99)
	at org.springframework.transaction.interceptor.TransactionAspectSupport.invokeWithinTransaction(TransactionAspectSupport.java:281)
	at org.springframework.transaction.interceptor.TransactionInterceptor.invoke(TransactionInterceptor.java:96)
	at org.springframework.aop.framework.ReflectiveMethodInvocation.proceed(ReflectiveMethodInvocation.java:179)
	at org.springframework.aop.interceptor.ExposeInvocationInterceptor.invoke(ExposeInvocationInterceptor.java:92)
	at org.springframework.aop.framework.ReflectiveMethodInvocation.proceed(ReflectiveMethodInvocation.java:179)
	at org.springframework.aop.framework.CglibAopProxy$DynamicAdvisedInterceptor.intercept(CglibAopProxy.java:653)
	at com.service.UserService$$EnhancerBySpringCGLIB$$8ff82ecb.register(&lt;generated&gt;)
	at com.service.UserTest.register(UserTest.java:21)
</failure>
    <system-out>2018-05-26 10:08:58,245 DEBUG (org.springframework.orm.hibernate4.HibernateTransactionManager:367) - Creating new transaction with name [com.service.UserService.register]: PROPAGATION_REQUIRED,ISOLATION_DEFAULT
2018-05-26 10:08:58,245 DEBUG (org.springframework.orm.hibernate4.HibernateTransactionManager:367) - Creating new transaction with name [com.service.UserService.register]: PROPAGATION_REQUIRED,ISOLATION_DEFAULT
2018-05-26 10:08:58,245 DEBUG (org.springframework.orm.hibernate4.HibernateTransactionManager:438) - Opened new Session [SessionImpl(PersistenceContext[entityKeys=[],collectionKeys=[]];ActionQueue[insertions=[] updates=[] deletions=[] collectionCreations=[] collectionRemovals=[] collectionUpdates=[] unresolvedInsertDependencies=UnresolvedEntityInsertActions[]])] for Hibernate transaction
2018-05-26 10:08:58,245 DEBUG (org.springframework.orm.hibernate4.HibernateTransactionManager:438) - Opened new Session [SessionImpl(PersistenceContext[entityKeys=[],collectionKeys=[]];ActionQueue[insertions=[] updates=[] deletions=[] collectionCreations=[] collectionRemovals=[] collectionUpdates=[] unresolvedInsertDependencies=UnresolvedEntityInsertActions[]])] for Hibernate transaction
2018-05-26 10:08:58,245 DEBUG (org.springframework.orm.hibernate4.HibernateTransactionManager:448) - Preparing JDBC Connection of Hibernate Session [SessionImpl(PersistenceContext[entityKeys=[],collectionKeys=[]];ActionQueue[insertions=[] updates=[] deletions=[] collectionCreations=[] collectionRemovals=[] collectionUpdates=[] unresolvedInsertDependencies=UnresolvedEntityInsertActions[]])]
2018-05-26 10:08:58,245 DEBUG (org.springframework.orm.hibernate4.HibernateTransactionManager:448) - Preparing JDBC Connection of Hibernate Session [SessionImpl(PersistenceContext[entityKeys=[],collectionKeys=[]];ActionQueue[insertions=[] updates=[] deletions=[] collectionCreations=[] collectionRemovals=[] collectionUpdates=[] unresolvedInsertDependencies=UnresolvedEntityInsertActions[]])]
2018-05-26 10:08:58,245 DEBUG (org.hibernate.engine.jdbc.internal.LogicalConnectionImpl:212) - Obtaining JDBC connection
2018-05-26 10:08:58,245 DEBUG (org.hibernate.engine.jdbc.internal.LogicalConnectionImpl:218) - Obtained JDBC connection
2018-05-26 10:08:58,245 DEBUG (org.hibernate.engine.transaction.spi.AbstractTransactionImpl:158) - begin
2018-05-26 10:08:58,245 DEBUG (org.hibernate.engine.transaction.internal.jdbc.JdbcTransaction:69) - initial autocommit status: true
2018-05-26 10:08:58,245 DEBUG (org.hibernate.engine.transaction.internal.jdbc.JdbcTransaction:71) - disabling autocommit
2018-05-26 10:08:58,249 DEBUG (org.springframework.orm.hibernate4.HibernateTransactionManager:516) - Exposing Hibernate transaction as JDBC transaction [jdbc:mysql://localhost:3306/sampledb?userUnicode=true&amp;characterEncoding=UTF-8, UserName=root@localhost, MySQL Connector Java]
2018-05-26 10:08:58,249 DEBUG (org.springframework.orm.hibernate4.HibernateTransactionManager:516) - Exposing Hibernate transaction as JDBC transaction [jdbc:mysql://localhost:3306/sampledb?userUnicode=true&amp;characterEncoding=UTF-8, UserName=root@localhost, MySQL Connector Java]
2018-05-26 10:08:58,249 DEBUG (org.springframework.orm.hibernate4.HibernateTransactionManager:383) - Found thread-bound Session [SessionImpl(PersistenceContext[entityKeys=[],collectionKeys=[]];ActionQueue[insertions=[] updates=[] deletions=[] collectionCreations=[] collectionRemovals=[] collectionUpdates=[] unresolvedInsertDependencies=UnresolvedEntityInsertActions[]])] for Hibernate transaction
2018-05-26 10:08:58,249 DEBUG (org.springframework.orm.hibernate4.HibernateTransactionManager:383) - Found thread-bound Session [SessionImpl(PersistenceContext[entityKeys=[],collectionKeys=[]];ActionQueue[insertions=[] updates=[] deletions=[] collectionCreations=[] collectionRemovals=[] collectionUpdates=[] unresolvedInsertDependencies=UnresolvedEntityInsertActions[]])] for Hibernate transaction
2018-05-26 10:08:58,249 DEBUG (org.springframework.orm.hibernate4.HibernateTransactionManager:476) - Participating in existing transaction
2018-05-26 10:08:58,249 DEBUG (org.springframework.orm.hibernate4.HibernateTransactionManager:476) - Participating in existing transaction
2018-05-26 10:08:58,250 DEBUG (org.hibernate.SQL:104) - select user0_.user_id as user1_5_, user0_.credit as credit2_5_, user0_.last_ip as last3_5_, user0_.last_visit as last4_5_, user0_.locked as locked5_5_, user0_.password as password6_5_, user0_.user_name as user7_5_, user0_.user_type as user8_5_ from t_user user0_ where user0_.user_name=?
Hibernate: select user0_.user_id as user1_5_, user0_.credit as credit2_5_, user0_.last_ip as last3_5_, user0_.last_visit as last4_5_, user0_.locked as locked5_5_, user0_.password as password6_5_, user0_.user_name as user7_5_, user0_.user_type as user8_5_ from t_user user0_ where user0_.user_name=?
2018-05-26 10:08:58,252 DEBUG (org.hibernate.loader.Loader:939) - Result set row: 0
2018-05-26 10:08:58,253 DEBUG (org.hibernate.loader.Loader:1471) - Result row: EntityKey[com.domain.User#4]
2018-05-26 10:08:58,253 DEBUG (org.hibernate.engine.internal.TwoPhaseLoad:157) - Resolving associations for [com.domain.User#4]
2018-05-26 10:08:58,254 DEBUG (org.hibernate.engine.internal.TwoPhaseLoad:276) - Done materializing entity [com.domain.User#4]
2018-05-26 10:08:58,254 DEBUG (org.hibernate.loader.Loader:2223) - Loading collection: [com.domain.User.manBoards#4]
2018-05-26 10:08:58,254 DEBUG (org.hibernate.SQL:104) - select manboards0_.user_id as user1_5_1_, manboards0_.board_id as board2_1_1_, board1_.board_id as board1_0_0_, board1_.board_desc as board2_0_0_, board1_.board_name as board3_0_0_, board1_.topic_num as topic4_0_0_ from t_board_manager manboards0_ inner join t_board board1_ on manboards0_.board_id=board1_.board_id where manboards0_.user_id=?
Hibernate: select manboards0_.user_id as user1_5_1_, manboards0_.board_id as board2_1_1_, board1_.board_id as board1_0_0_, board1_.board_desc as board2_0_0_, board1_.board_name as board3_0_0_, board1_.topic_num as topic4_0_0_ from t_board_manager manboards0_ inner join t_board board1_ on manboards0_.board_id=board1_.board_id where manboards0_.user_id=?
2018-05-26 10:08:58,255 DEBUG (org.hibernate.loader.Loader:1357) - Result set contains (possibly empty) collection: [com.domain.User.manBoards#4]
2018-05-26 10:08:58,255 DEBUG (org.hibernate.engine.loading.internal.CollectionLoadContext:228) - 1 collections were found in result set for role: com.domain.User.manBoards
2018-05-26 10:08:58,255 DEBUG (org.hibernate.engine.loading.internal.CollectionLoadContext:265) - Collection fully initialized: [com.domain.User.manBoards#4]
2018-05-26 10:08:58,256 DEBUG (org.hibernate.engine.loading.internal.CollectionLoadContext:235) - 1 collections initialized for role: com.domain.User.manBoards
2018-05-26 10:08:58,256 DEBUG (org.hibernate.loader.Loader:2243) - Done loading collection
2018-05-26 10:08:58,256 DEBUG (org.springframework.orm.hibernate4.HibernateTransactionManager:759) - Initiating transaction commit
2018-05-26 10:08:58,256 DEBUG (org.springframework.orm.hibernate4.HibernateTransactionManager:759) - Initiating transaction commit
2018-05-26 10:08:58,256 DEBUG (org.springframework.orm.hibernate4.HibernateTransactionManager:580) - Committing Hibernate transaction on Session [SessionImpl(PersistenceContext[entityKeys=[EntityKey[com.domain.User#4]],collectionKeys=[CollectionKey[com.domain.User.manBoards#4]]];ActionQueue[insertions=[] updates=[] deletions=[] collectionCreations=[] collectionRemovals=[] collectionUpdates=[] unresolvedInsertDependencies=UnresolvedEntityInsertActions[]])]
2018-05-26 10:08:58,256 DEBUG (org.springframework.orm.hibernate4.HibernateTransactionManager:580) - Committing Hibernate transaction on Session [SessionImpl(PersistenceContext[entityKeys=[EntityKey[com.domain.User#4]],collectionKeys=[CollectionKey[com.domain.User.manBoards#4]]];ActionQueue[insertions=[] updates=[] deletions=[] collectionCreations=[] collectionRemovals=[] collectionUpdates=[] unresolvedInsertDependencies=UnresolvedEntityInsertActions[]])]
2018-05-26 10:08:58,256 DEBUG (org.hibernate.engine.transaction.spi.AbstractTransactionImpl:173) - committing
2018-05-26 10:08:58,256 DEBUG (org.hibernate.event.internal.AbstractFlushingEventListener:143) - Processing flush-time cascades
2018-05-26 10:08:58,256 DEBUG (org.hibernate.event.internal.AbstractFlushingEventListener:184) - Dirty checking collections
2018-05-26 10:08:58,257 DEBUG (org.hibernate.engine.internal.Collections:190) - Collection found: [com.domain.User.manBoards#4], was: [com.domain.User.manBoards#4] (initialized)
2018-05-26 10:08:58,257 DEBUG (org.hibernate.event.internal.AbstractFlushingEventListener:117) - Flushed: 0 insertions, 0 updates, 0 deletions to 1 objects
2018-05-26 10:08:58,257 DEBUG (org.hibernate.event.internal.AbstractFlushingEventListener:124) - Flushed: 0 (re)creations, 0 updates, 0 removals to 1 collections
2018-05-26 10:08:58,257 DEBUG (org.hibernate.internal.util.EntityPrinter:114) - Listing entities:
2018-05-26 10:08:58,257 DEBUG (org.hibernate.internal.util.EntityPrinter:121) - com.domain.User{password=1234, lastIp=null, lastVisit=null, manBoards=[], userType=1, credit=100, locked=1, userName=testwww, userId=4}
2018-05-26 10:08:58,257 DEBUG (org.hibernate.engine.transaction.internal.jdbc.JdbcTransaction:113) - committed JDBC Connection
2018-05-26 10:08:58,257 DEBUG (org.hibernate.engine.transaction.internal.jdbc.JdbcTransaction:126) - re-enabling autocommit
2018-05-26 10:08:58,258 DEBUG (org.springframework.orm.hibernate4.HibernateTransactionManager:669) - Closing Hibernate Session [SessionImpl(PersistenceContext[entityKeys=[EntityKey[com.domain.User#4]],collectionKeys=[CollectionKey[com.domain.User.manBoards#4]]];ActionQueue[insertions=[] updates=[] deletions=[] collectionCreations=[] collectionRemovals=[] collectionUpdates=[] unresolvedInsertDependencies=UnresolvedEntityInsertActions[]])] after transaction
2018-05-26 10:08:58,258 DEBUG (org.springframework.orm.hibernate4.HibernateTransactionManager:669) - Closing Hibernate Session [SessionImpl(PersistenceContext[entityKeys=[EntityKey[com.domain.User#4]],collectionKeys=[CollectionKey[com.domain.User.manBoards#4]]];ActionQueue[insertions=[] updates=[] deletions=[] collectionCreations=[] collectionRemovals=[] collectionUpdates=[] unresolvedInsertDependencies=UnresolvedEntityInsertActions[]])] after transaction
2018-05-26 10:08:58,258 DEBUG (org.hibernate.engine.jdbc.internal.LogicalConnectionImpl:232) - Releasing JDBC connection
2018-05-26 10:08:58,258 DEBUG (org.hibernate.engine.jdbc.internal.LogicalConnectionImpl:250) - Released JDBC connection
</system-out>
  </testcase>
</testsuite>