<?xml version="1.0" encoding="UTF-8" ?>
<testsuite tests="1" failures="1" name="TestSuite" time="2.473" errors="0" skipped="0">
  <properties>
[...]
</properties>
  <testcase classname="com.BoardTest" name="test" time="2.299">
    <failure message="Write operations are not allowed in read-only mode (FlushMode.MANUAL): Turn your Session into FlushMode.COMMIT/AUTO or remove &apos;readOnly&apos; marker from transaction definition." type="org.springframework.dao.InvalidDataAccessApiUsageException">org.springframework.dao.InvalidDataAccessApiUsageException: Write operations are not allowed in read-only mode (FlushMode.MANUAL): Turn your Session into FlushMode.COMMIT/AUTO or remove &apos;readOnly&apos; marker from transaction definition.
	at org.springframework.orm.hibernate4.HibernateTemplate.checkWriteOperationAllowed(HibernateTemplate.java:1128)
	at org.springframework.orm.hibernate4.HibernateTemplate$12.doInHibernate(HibernateTemplate.java:621)
	at org.springframework.orm.hibernate4.HibernateTemplate$12.doInHibernate(HibernateTemplate.java:618)
	at org.springframework.orm.hibernate4.HibernateTemplate.doExecute(HibernateTemplate.java:341)
	at org.springframework.orm.hibernate4.HibernateTemplate.executeWithNativeSession(HibernateTemplate.java:309)
	at org.springframework.orm.hibernate4.HibernateTemplate.save(HibernateTemplate.java:618)
	at com.dao.BaseDao.save(BaseDao.java:64)
	at com.BoardTest.test(BoardTest.java:19)
</failure>
    <system-out>@HL
@HL-------------------------------------------------------
@HL T E S T S
@HL-------------------------------------------------------
@SLRunning TestSuite
2018-05-21 11:24:02,926 DEBUG (org.springframework.core.env.StandardEnvironment:109) - Adding [systemProperties] PropertySource with lowest search precedence
2018-05-21 11:24:02,926 DEBUG (org.springframework.core.env.StandardEnvironment:109) - Adding [systemProperties] PropertySource with lowest search precedence
2018-05-21 11:24:02,929 DEBUG (org.springframework.core.env.StandardEnvironment:109) - Adding [systemEnvironment] PropertySource with lowest search precedence
2018-05-21 11:24:02,929 DEBUG (org.springframework.core.env.StandardEnvironment:109) - Adding [systemEnvironment] PropertySource with lowest search precedence
2018-05-21 11:24:02,930 DEBUG (org.springframework.core.env.StandardEnvironment:127) - Initialized StandardEnvironment with PropertySources [systemProperties,systemEnvironment]
2018-05-21 11:24:02,930 DEBUG (org.springframework.core.env.StandardEnvironment:127) - Initialized StandardEnvironment with PropertySources [systemProperties,systemEnvironment]
2018-05-21 11:24:02,935  INFO (org.springframework.context.support.ClassPathXmlApplicationContext:574) - Refreshing org.springframework.context.support.ClassPathXmlApplicationContext@4b4523f8: startup date [Mon May 21 11:24:02 CST 2018]; root of context hierarchy
2018-05-21 11:24:02,935  INFO (org.springframework.context.support.ClassPathXmlApplicationContext:574) - Refreshing org.springframework.context.support.ClassPathXmlApplicationContext@4b4523f8: startup date [Mon May 21 11:24:02 CST 2018]; root of context hierarchy
2018-05-21 11:24:02,956 DEBUG (org.springframework.core.env.StandardEnvironment:109) - Adding [systemProperties] PropertySource with lowest search precedence
2018-05-21 11:24:02,956 DEBUG (org.springframework.core.env.StandardEnvironment:109) - Adding [systemProperties] PropertySource with lowest search precedence
2018-05-21 11:24:02,958 DEBUG (org.springframework.core.env.StandardEnvironment:109) - Adding [systemEnvironment] PropertySource with lowest search precedence
2018-05-21 11:24:02,958 DEBUG (org.springframework.core.env.StandardEnvironment:109) - Adding [systemEnvironment] PropertySource with lowest search precedence
2018-05-21 11:24:02,959 DEBUG (org.springframework.core.env.StandardEnvironment:127) - Initialized StandardEnvironment with PropertySources [systemProperties,systemEnvironment]
2018-05-21 11:24:02,959 DEBUG (org.springframework.core.env.StandardEnvironment:127) - Initialized StandardEnvironment with PropertySources [systemProperties,systemEnvironment]
2018-05-21 11:24:02,966  INFO (org.springframework.beans.factory.xml.XmlBeanDefinitionReader:317) - Loading XML bean definitions from class path resource [ThisIsUsCommunity-dao.xml]
2018-05-21 11:24:02,966  INFO (org.springframework.beans.factory.xml.XmlBeanDefinitionReader:317) - Loading XML bean definitions from class path resource [ThisIsUsCommunity-dao.xml]
2018-05-21 11:24:03,046 DEBUG (org.springframework.beans.factory.xml.DefaultDocumentLoader:73) - Using JAXP provider [org.apache.xerces.jaxp.DocumentBuilderFactoryImpl]
2018-05-21 11:24:03,046 DEBUG (org.springframework.beans.factory.xml.DefaultDocumentLoader:73) - Using JAXP provider [org.apache.xerces.jaxp.DocumentBuilderFactoryImpl]
2018-05-21 11:24:03,132 DEBUG (org.springframework.beans.factory.xml.PluggableSchemaResolver:141) - Loading schema mappings from [META-INF/spring.schemas]
2018-05-21 11:24:03,132 DEBUG (org.springframework.beans.factory.xml.PluggableSchemaResolver:141) - Loading schema mappings from [META-INF/spring.schemas]
2018-05-21 11:24:03,139 DEBUG (org.springframework.beans.factory.xml.PluggableSchemaResolver:147) - Loaded schema mappings: {http://www.springframework.org/schema/tx/spring-tx-2.5.xsd=org/springframework/transaction/config/spring-tx-2.5.xsd, http://www.springframework.org/schema/cache/spring-cache-4.2.xsd=org/springframework/cache/config/spring-cache-4.2.xsd, http://www.springframework.org/schema/aop/spring-aop-4.1.xsd=org/springframework/aop/config/spring-aop-4.1.xsd, http://www.springframework.org/schema/context/spring-context-3.1.xsd=org/springframework/context/config/spring-context-3.1.xsd, http://www.springframework.org/schema/jdbc/spring-jdbc-4.1.xsd=org/springframework/jdbc/config/spring-jdbc-4.1.xsd, http://www.springframework.org/schema/util/spring-util-3.0.xsd=org/springframework/beans/factory/xml/spring-util-3.0.xsd, http://www.springframework.org/schema/mvc/spring-mvc-4.1.xsd=org/springframework/web/servlet/config/spring-mvc-4.1.xsd, http://www.springframework.org/schema/tool/spring-tool.xsd=org/springframework/beans/factory/xml/spring-tool-4.2.xsd, http://www.springframework.org/schema/aop/spring-aop-3.2.xsd=org/springframework/aop/config/spring-aop-3.2.xsd, http://www.springframework.org/schema/lang/spring-lang-4.1.xsd=org/springframework/scripting/config/spring-lang-4.1.xsd, http://www.springframework.org/schema/context/spring-context-4.0.xsd=org/springframework/context/config/spring-context-4.0.xsd, http://www.springframework.org/schema/mvc/spring-mvc-3.2.xsd=org/springframework/web/servlet/config/spring-mvc-3.2.xsd, http://www.springframework.org/schema/beans/spring-beans-4.2.xsd=org/springframework/beans/factory/xml/spring-beans-4.2.xsd, http://www.springframework.org/schema/tool/spring-tool-4.1.xsd=org/springframework/beans/factory/xml/spring-tool-4.1.xsd, http://www.springframework.org/schema/lang/spring-lang-3.2.xsd=org/springframework/scripting/config/spring-lang-3.2.xsd, http://www.springframework.org/schema/cache/spring-cache-3.2.xsd=org/springframework/cache/config/spring-cache-3.2.xsd, http://www.springframework.org/schema/jee/spring-jee-4.1.xsd=org/springframework/ejb/config/spring-jee-4.1.xsd, http://www.springframework.org/schema/jdbc/spring-jdbc-3.1.xsd=org/springframework/jdbc/config/spring-jdbc-3.1.xsd, http://www.springframework.org/schema/util/spring-util-2.0.xsd=org/springframework/beans/factory/xml/spring-util-2.0.xsd, http://www.springframework.org/schema/task/spring-task-4.2.xsd=org/springframework/scheduling/config/spring-task-4.2.xsd, http://www.springframework.org/schema/tool/spring-tool-3.2.xsd=org/springframework/beans/factory/xml/spring-tool-3.2.xsd, http://www.springframework.org/schema/context/spring-context.xsd=org/springframework/context/config/spring-context-4.2.xsd, http://www.springframework.org/schema/tx/spring-tx-4.2.xsd=org/springframework/transaction/config/spring-tx-4.2.xsd, http://www.springframework.org/schema/cache/spring-cache-4.1.xsd=org/springframework/cache/config/spring-cache-4.1.xsd, http://www.springframework.org/schema/aop/spring-aop-4.0.xsd=org/springframework/aop/config/spring-aop-4.0.xsd, http://www.springframework.org/schema/jee/spring-jee-3.2.xsd=org/springframework/ejb/config/spring-jee-3.2.xsd, http://www.springframework.org/schema/context/spring-context-3.0.xsd=org/springframework/context/config/spring-context-3.0.xsd, http://www.springframework.org/schema/jdbc/spring-jdbc-4.0.xsd=org/springframework/jdbc/config/spring-jdbc-4.0.xsd, http://www.springframework.org/schema/util/spring-util-2.5.xsd=org/springframework/beans/factory/xml/spring-util-2.5.xsd, http://www.springframework.org/schema/mvc/spring-mvc-4.0.xsd=org/springframework/web/servlet/config/spring-mvc-4.0.xsd, http://www.springframework.org/schema/beans/spring-beans-3.2.xsd=org/springframework/beans/factory/xml/spring-beans-3.2.xsd, http://www.springframework.org/schema/aop/spring-aop-3.1.xsd=org/springframework/aop/config/spring-aop-3.1.xsd, http://www.springframework.org/schema/lang/spring-lang-4.0.xsd=org/springframework/scripting/config/spring-lang-4.0.xsd, http://www.springframework.org/schema/mvc/spring-mvc.xsd=org/springframework/web/servlet/config/spring-mvc-4.2.xsd, http://www.springframework.org/schema/mvc/spring-mvc-3.1.xsd=org/springframework/web/servlet/config/spring-mvc-3.1.xsd, http://www.springframework.org/schema/beans/spring-beans-4.1.xsd=org/springframework/beans/factory/xml/spring-beans-4.1.xsd, http://www.springframework.org/schema/tool/spring-tool-4.0.xsd=org/springframework/beans/factory/xml/spring-tool-4.0.xsd, http://www.springframework.org/schema/lang/spring-lang-3.1.xsd=org/springframework/scripting/config/spring-lang-3.1.xsd, http://www.springframework.org/schema/tx/spring-tx-3.2.xsd=org/springframework/transaction/config/spring-tx-3.2.xsd, http://www.springframework.org/schema/cache/spring-cache-3.1.xsd=org/springframework/cache/config/spring-cache-3.1.xsd, http://www.springframework.org/schema/jee/spring-jee-4.0.xsd=org/springframework/ejb/config/spring-jee-4.0.xsd, http://www.springframework.org/schema/jdbc/spring-jdbc-3.0.xsd=org/springframework/jdbc/config/spring-jdbc-3.0.xsd, http://www.springframework.org/schema/task/spring-task-4.1.xsd=org/springframework/scheduling/config/spring-task-4.1.xsd, http://www.springframework.org/schema/jdbc/spring-jdbc.xsd=org/springframework/jdbc/config/spring-jdbc-4.2.xsd, http://www.springframework.org/schema/tool/spring-tool-3.1.xsd=org/springframework/beans/factory/xml/spring-tool-3.1.xsd, http://www.springframework.org/schema/tx/spring-tx-4.1.xsd=org/springframework/transaction/config/spring-tx-4.1.xsd, http://www.springframework.org/schema/cache/spring-cache-4.0.xsd=org/springframework/cache/config/spring-cache-4.0.xsd, http://www.springframework.org/schema/jee/spring-jee-3.1.xsd=org/springframework/ejb/config/spring-jee-3.1.xsd, http://www.springframework.org/schema/util/spring-util-4.2.xsd=org/springframework/beans/factory/xml/spring-util-4.2.xsd, http://www.springframework.org/schema/task/spring-task-3.2.xsd=org/springframework/scheduling/config/spring-task-3.2.xsd, http://www.springframework.org/schema/beans/spring-beans-3.1.xsd=org/springframework/beans/factory/xml/spring-beans-3.1.xsd, http://www.springframework.org/schema/util/spring-util.xsd=org/springframework/beans/factory/xml/spring-util-4.2.xsd, http://www.springframework.org/schema/aop/spring-aop-3.0.xsd=org/springframework/aop/config/spring-aop-3.0.xsd, http://www.springframework.org/schema/mvc/spring-mvc-3.0.xsd=org/springframework/web/servlet/config/spring-mvc-3.0.xsd, http://www.springframework.org/schema/beans/spring-beans-4.0.xsd=org/springframework/beans/factory/xml/spring-beans-4.0.xsd, http://www.springframework.org/schema/beans/spring-beans.xsd=org/springframework/beans/factory/xml/spring-beans-4.2.xsd, http://www.springframework.org/schema/lang/spring-lang-3.0.xsd=org/springframework/scripting/config/spring-lang-3.0.xsd, http://www.springframework.org/schema/tx/spring-tx-3.1.xsd=org/springframework/transaction/config/spring-tx-3.1.xsd, http://www.springframework.org/schema/context/spring-context-2.5.xsd=org/springframework/context/config/spring-context-2.5.xsd, http://www.springframework.org/schema/task/spring-task-4.0.xsd=org/springframework/scheduling/config/spring-task-4.0.xsd, http://www.springframework.org/schema/tool/spring-tool-3.0.xsd=org/springframework/beans/factory/xml/spring-tool-3.0.xsd, http://www.springframework.org/schema/tx/spring-tx-4.0.xsd=org/springframework/transaction/config/spring-tx-4.0.xsd, http://www.springframework.org/schema/aop/spring-aop-2.0.xsd=org/springframework/aop/config/spring-aop-2.0.xsd, http://www.springframework.org/schema/jee/spring-jee-3.0.xsd=org/springframework/ejb/config/spring-jee-3.0.xsd, http://www.springframework.org/schema/util/spring-util-4.1.xsd=org/springframework/beans/factory/xml/spring-util-4.1.xsd, http://www.springframework.org/schema/task/spring-task-3.1.xsd=org/springframework/scheduling/config/spring-task-3.1.xsd, http://www.springframework.org/schema/beans/spring-beans-3.0.xsd=org/springframework/beans/factory/xml/spring-beans-3.0.xsd, http://www.springframework.org/schema/jee/spring-jee.xsd=org/springframework/ejb/config/spring-jee-4.2.xsd, http://www.springframework.org/schema/aop/spring-aop-2.5.xsd=org/springframework/aop/config/spring-aop-2.5.xsd, http://www.springframework.org/schema/lang/spring-lang-2.0.xsd=org/springframework/scripting/config/spring-lang-2.0.xsd, http://www.springframework.org/schema/util/spring-util-3.2.xsd=org/springframework/beans/factory/xml/spring-util-3.2.xsd, http://www.springframework.org/schema/task/spring-task.xsd=org/springframework/scheduling/config/spring-task-4.2.xsd, http://www.springframework.org/schema/tool/spring-tool-2.0.xsd=org/springframework/beans/factory/xml/spring-tool-2.0.xsd, http://www.springframework.org/schema/tx/spring-tx-3.0.xsd=org/springframework/transaction/config/spring-tx-3.0.xsd, http://www.springframework.org/schema/lang/spring-lang-2.5.xsd=org/springframework/scripting/config/spring-lang-2.5.xsd, http://www.springframework.org/schema/context/spring-context-4.2.xsd=org/springframework/context/config/spring-context-4.2.xsd, http://www.springframework.org/schema/jee/spring-jee-2.0.xsd=org/springframework/ejb/config/spring-jee-2.0.xsd, http://www.springframework.org/schema/tool/spring-tool-2.5.xsd=org/springframework/beans/factory/xml/spring-tool-2.5.xsd, http://www.springframework.org/schema/jee/spring-jee-2.5.xsd=org/springframework/ejb/config/spring-jee-2.5.xsd, http://www.springframework.org/schema/util/spring-util-4.0.xsd=org/springframework/beans/factory/xml/spring-util-4.0.xsd, http://www.springframework.org/schema/task/spring-task-3.0.xsd=org/springframework/scheduling/config/spring-task-3.0.xsd, http://www.springframework.org/schema/aop/spring-aop-4.2.xsd=org/springframework/aop/config/spring-aop-4.2.xsd, http://www.springframework.org/schema/lang/spring-lang.xsd=org/springframework/scripting/config/spring-lang-4.2.xsd, http://www.springframework.org/schema/context/spring-context-3.2.xsd=org/springframework/context/config/spring-context-3.2.xsd, http://www.springframework.org/schema/jdbc/spring-jdbc-4.2.xsd=org/springframework/jdbc/config/spring-jdbc-4.2.xsd, http://www.springframework.org/schema/util/spring-util-3.1.xsd=org/springframework/beans/factory/xml/spring-util-3.1.xsd, http://www.springframework.org/schema/mvc/spring-mvc-4.2.xsd=org/springframework/web/servlet/config/spring-mvc-4.2.xsd, http://www.springframework.org/schema/beans/spring-beans-2.0.xsd=org/springframework/beans/factory/xml/spring-beans-2.0.xsd, http://www.springframework.org/schema/cache/spring-cache.xsd=org/springframework/cache/config/spring-cache-4.2.xsd, http://www.springframework.org/schema/tx/spring-tx.xsd=org/springframework/transaction/config/spring-tx-4.2.xsd, http://www.springframework.org/schema/lang/spring-lang-4.2.xsd=org/springframework/scripting/config/spring-lang-4.2.xsd, http://www.springframework.org/schema/context/spring-context-4.1.xsd=org/springframework/context/config/spring-context-4.1.xsd, http://www.springframework.org/schema/beans/spring-beans-2.5.xsd=org/springframework/beans/factory/xml/spring-beans-2.5.xsd, http://www.springframework.org/schema/tool/spring-tool-4.2.xsd=org/springframework/beans/factory/xml/spring-tool-4.2.xsd, http://www.springframework.org/schema/tx/spring-tx-2.0.xsd=org/springframework/transaction/config/spring-tx-2.0.xsd, http://www.springframework.org/schema/jee/spring-jee-4.2.xsd=org/springframework/ejb/config/spring-jee-4.2.xsd, http://www.springframework.org/schema/jdbc/spring-jdbc-3.2.xsd=org/springframework/jdbc/config/spring-jdbc-3.2.xsd, http://www.springframework.org/schema/aop/spring-aop.xsd=org/springframework/aop/config/spring-aop-4.2.xsd}
2018-05-21 11:24:03,139 DEBUG (org.springframework.beans.factory.xml.PluggableSchemaResolver:147) - Loaded schema mappings: {http://www.springframework.org/schema/tx/spring-tx-2.5.xsd=org/springframework/transaction/config/spring-tx-2.5.xsd, http://www.springframework.org/schema/cache/spring-cache-4.2.xsd=org/springframework/cache/config/spring-cache-4.2.xsd, http://www.springframework.org/schema/aop/spring-aop-4.1.xsd=org/springframework/aop/config/spring-aop-4.1.xsd, http://www.springframework.org/schema/context/spring-context-3.1.xsd=org/springframework/context/config/spring-context-3.1.xsd, http://www.springframework.org/schema/jdbc/spring-jdbc-4.1.xsd=org/springframework/jdbc/config/spring-jdbc-4.1.xsd, http://www.springframework.org/schema/util/spring-util-3.0.xsd=org/springframework/beans/factory/xml/spring-util-3.0.xsd, http://www.springframework.org/schema/mvc/spring-mvc-4.1.xsd=org/springframework/web/servlet/config/spring-mvc-4.1.xsd, http://www.springframework.org/schema/tool/spring-tool.xsd=org/springframework/beans/factory/xml/spring-tool-4.2.xsd, http://www.springframework.org/schema/aop/spring-aop-3.2.xsd=org/springframework/aop/config/spring-aop-3.2.xsd, http://www.springframework.org/schema/lang/spring-lang-4.1.xsd=org/springframework/scripting/config/spring-lang-4.1.xsd, http://www.springframework.org/schema/context/spring-context-4.0.xsd=org/springframework/context/config/spring-context-4.0.xsd, http://www.springframework.org/schema/mvc/spring-mvc-3.2.xsd=org/springframework/web/servlet/config/spring-mvc-3.2.xsd, http://www.springframework.org/schema/beans/spring-beans-4.2.xsd=org/springframework/beans/factory/xml/spring-beans-4.2.xsd, http://www.springframework.org/schema/tool/spring-tool-4.1.xsd=org/springframework/beans/factory/xml/spring-tool-4.1.xsd, http://www.springframework.org/schema/lang/spring-lang-3.2.xsd=org/springframework/scripting/config/spring-lang-3.2.xsd, http://www.springframework.org/schema/cache/spring-cache-3.2.xsd=org/springframework/cache/config/spring-cache-3.2.xsd, http://www.springframework.org/schema/jee/spring-jee-4.1.xsd=org/springframework/ejb/config/spring-jee-4.1.xsd, http://www.springframework.org/schema/jdbc/spring-jdbc-3.1.xsd=org/springframework/jdbc/config/spring-jdbc-3.1.xsd, http://www.springframework.org/schema/util/spring-util-2.0.xsd=org/springframework/beans/factory/xml/spring-util-2.0.xsd, http://www.springframework.org/schema/task/spring-task-4.2.xsd=org/springframework/scheduling/config/spring-task-4.2.xsd, http://www.springframework.org/schema/tool/spring-tool-3.2.xsd=org/springframework/beans/factory/xml/spring-tool-3.2.xsd, http://www.springframework.org/schema/context/spring-context.xsd=org/springframework/context/config/spring-context-4.2.xsd, http://www.springframework.org/schema/tx/spring-tx-4.2.xsd=org/springframework/transaction/config/spring-tx-4.2.xsd, http://www.springframework.org/schema/cache/spring-cache-4.1.xsd=org/springframework/cache/config/spring-cache-4.1.xsd, http://www.springframework.org/schema/aop/spring-aop-4.0.xsd=org/springframework/aop/config/spring-aop-4.0.xsd, http://www.springframework.org/schema/jee/spring-jee-3.2.xsd=org/springframework/ejb/config/spring-jee-3.2.xsd, http://www.springframework.org/schema/context/spring-context-3.0.xsd=org/springframework/context/config/spring-context-3.0.xsd, http://www.springframework.org/schema/jdbc/spring-jdbc-4.0.xsd=org/springframework/jdbc/config/spring-jdbc-4.0.xsd, http://www.springframework.org/schema/util/spring-util-2.5.xsd=org/springframework/beans/factory/xml/spring-util-2.5.xsd, http://www.springframework.org/schema/mvc/spring-mvc-4.0.xsd=org/springframework/web/servlet/config/spring-mvc-4.0.xsd, http://www.springframework.org/schema/beans/spring-beans-3.2.xsd=org/springframework/beans/factory/xml/spring-beans-3.2.xsd, http://www.springframework.org/schema/aop/spring-aop-3.1.xsd=org/springframework/aop/config/spring-aop-3.1.xsd, http://www.springframework.org/schema/lang/spring-lang-4.0.xsd=org/springframework/scripting/config/spring-lang-4.0.xsd, http://www.springframework.org/schema/mvc/spring-mvc.xsd=org/springframework/web/servlet/config/spring-mvc-4.2.xsd, http://www.springframework.org/schema/mvc/spring-mvc-3.1.xsd=org/springframework/web/servlet/config/spring-mvc-3.1.xsd, http://www.springframework.org/schema/beans/spring-beans-4.1.xsd=org/springframework/beans/factory/xml/spring-beans-4.1.xsd, http://www.springframework.org/schema/tool/spring-tool-4.0.xsd=org/springframework/beans/factory/xml/spring-tool-4.0.xsd, http://www.springframework.org/schema/lang/spring-lang-3.1.xsd=org/springframework/scripting/config/spring-lang-3.1.xsd, http://www.springframework.org/schema/tx/spring-tx-3.2.xsd=org/springframework/transaction/config/spring-tx-3.2.xsd, http://www.springframework.org/schema/cache/spring-cache-3.1.xsd=org/springframework/cache/config/spring-cache-3.1.xsd, http://www.springframework.org/schema/jee/spring-jee-4.0.xsd=org/springframework/ejb/config/spring-jee-4.0.xsd, http://www.springframework.org/schema/jdbc/spring-jdbc-3.0.xsd=org/springframework/jdbc/config/spring-jdbc-3.0.xsd, http://www.springframework.org/schema/task/spring-task-4.1.xsd=org/springframework/scheduling/config/spring-task-4.1.xsd, http://www.springframework.org/schema/jdbc/spring-jdbc.xsd=org/springframework/jdbc/config/spring-jdbc-4.2.xsd, http://www.springframework.org/schema/tool/spring-tool-3.1.xsd=org/springframework/beans/factory/xml/spring-tool-3.1.xsd, http://www.springframework.org/schema/tx/spring-tx-4.1.xsd=org/springframework/transaction/config/spring-tx-4.1.xsd, http://www.springframework.org/schema/cache/spring-cache-4.0.xsd=org/springframework/cache/config/spring-cache-4.0.xsd, http://www.springframework.org/schema/jee/spring-jee-3.1.xsd=org/springframework/ejb/config/spring-jee-3.1.xsd, http://www.springframework.org/schema/util/spring-util-4.2.xsd=org/springframework/beans/factory/xml/spring-util-4.2.xsd, http://www.springframework.org/schema/task/spring-task-3.2.xsd=org/springframework/scheduling/config/spring-task-3.2.xsd, http://www.springframework.org/schema/beans/spring-beans-3.1.xsd=org/springframework/beans/factory/xml/spring-beans-3.1.xsd, http://www.springframework.org/schema/util/spring-util.xsd=org/springframework/beans/factory/xml/spring-util-4.2.xsd, http://www.springframework.org/schema/aop/spring-aop-3.0.xsd=org/springframework/aop/config/spring-aop-3.0.xsd, http://www.springframework.org/schema/mvc/spring-mvc-3.0.xsd=org/springframework/web/servlet/config/spring-mvc-3.0.xsd, http://www.springframework.org/schema/beans/spring-beans-4.0.xsd=org/springframework/beans/factory/xml/spring-beans-4.0.xsd, http://www.springframework.org/schema/beans/spring-beans.xsd=org/springframework/beans/factory/xml/spring-beans-4.2.xsd, http://www.springframework.org/schema/lang/spring-lang-3.0.xsd=org/springframework/scripting/config/spring-lang-3.0.xsd, http://www.springframework.org/schema/tx/spring-tx-3.1.xsd=org/springframework/transaction/config/spring-tx-3.1.xsd, http://www.springframework.org/schema/context/spring-context-2.5.xsd=org/springframework/context/config/spring-context-2.5.xsd, http://www.springframework.org/schema/task/spring-task-4.0.xsd=org/springframework/scheduling/config/spring-task-4.0.xsd, http://www.springframework.org/schema/tool/spring-tool-3.0.xsd=org/springframework/beans/factory/xml/spring-tool-3.0.xsd, http://www.springframework.org/schema/tx/spring-tx-4.0.xsd=org/springframework/transaction/config/spring-tx-4.0.xsd, http://www.springframework.org/schema/aop/spring-aop-2.0.xsd=org/springframework/aop/config/spring-aop-2.0.xsd, http://www.springframework.org/schema/jee/spring-jee-3.0.xsd=org/springframework/ejb/config/spring-jee-3.0.xsd, http://www.springframework.org/schema/util/spring-util-4.1.xsd=org/springframework/beans/factory/xml/spring-util-4.1.xsd, http://www.springframework.org/schema/task/spring-task-3.1.xsd=org/springframework/scheduling/config/spring-task-3.1.xsd, http://www.springframework.org/schema/beans/spring-beans-3.0.xsd=org/springframework/beans/factory/xml/spring-beans-3.0.xsd, http://www.springframework.org/schema/jee/spring-jee.xsd=org/springframework/ejb/config/spring-jee-4.2.xsd, http://www.springframework.org/schema/aop/spring-aop-2.5.xsd=org/springframework/aop/config/spring-aop-2.5.xsd, http://www.springframework.org/schema/lang/spring-lang-2.0.xsd=org/springframework/scripting/config/spring-lang-2.0.xsd, http://www.springframework.org/schema/util/spring-util-3.2.xsd=org/springframework/beans/factory/xml/spring-util-3.2.xsd, http://www.springframework.org/schema/task/spring-task.xsd=org/springframework/scheduling/config/spring-task-4.2.xsd, http://www.springframework.org/schema/tool/spring-tool-2.0.xsd=org/springframework/beans/factory/xml/spring-tool-2.0.xsd, http://www.springframework.org/schema/tx/spring-tx-3.0.xsd=org/springframework/transaction/config/spring-tx-3.0.xsd, http://www.springframework.org/schema/lang/spring-lang-2.5.xsd=org/springframework/scripting/config/spring-lang-2.5.xsd, http://www.springframework.org/schema/context/spring-context-4.2.xsd=org/springframework/context/config/spring-context-4.2.xsd, http://www.springframework.org/schema/jee/spring-jee-2.0.xsd=org/springframework/ejb/config/spring-jee-2.0.xsd, http://www.springframework.org/schema/tool/spring-tool-2.5.xsd=org/springframework/beans/factory/xml/spring-tool-2.5.xsd, http://www.springframework.org/schema/jee/spring-jee-2.5.xsd=org/springframework/ejb/config/spring-jee-2.5.xsd, http://www.springframework.org/schema/util/spring-util-4.0.xsd=org/springframework/beans/factory/xml/spring-util-4.0.xsd, http://www.springframework.org/schema/task/spring-task-3.0.xsd=org/springframework/scheduling/config/spring-task-3.0.xsd, http://www.springframework.org/schema/aop/spring-aop-4.2.xsd=org/springframework/aop/config/spring-aop-4.2.xsd, http://www.springframework.org/schema/lang/spring-lang.xsd=org/springframework/scripting/config/spring-lang-4.2.xsd, http://www.springframework.org/schema/context/spring-context-3.2.xsd=org/springframework/context/config/spring-context-3.2.xsd, http://www.springframework.org/schema/jdbc/spring-jdbc-4.2.xsd=org/springframework/jdbc/config/spring-jdbc-4.2.xsd, http://www.springframework.org/schema/util/spring-util-3.1.xsd=org/springframework/beans/factory/xml/spring-util-3.1.xsd, http://www.springframework.org/schema/mvc/spring-mvc-4.2.xsd=org/springframework/web/servlet/config/spring-mvc-4.2.xsd, http://www.springframework.org/schema/beans/spring-beans-2.0.xsd=org/springframework/beans/factory/xml/spring-beans-2.0.xsd, http://www.springframework.org/schema/cache/spring-cache.xsd=org/springframework/cache/config/spring-cache-4.2.xsd, http://www.springframework.org/schema/tx/spring-tx.xsd=org/springframework/transaction/config/spring-tx-4.2.xsd, http://www.springframework.org/schema/lang/spring-lang-4.2.xsd=org/springframework/scripting/config/spring-lang-4.2.xsd, http://www.springframework.org/schema/context/spring-context-4.1.xsd=org/springframework/context/config/spring-context-4.1.xsd, http://www.springframework.org/schema/beans/spring-beans-2.5.xsd=org/springframework/beans/factory/xml/spring-beans-2.5.xsd, http://www.springframework.org/schema/tool/spring-tool-4.2.xsd=org/springframework/beans/factory/xml/spring-tool-4.2.xsd, http://www.springframework.org/schema/tx/spring-tx-2.0.xsd=org/springframework/transaction/config/spring-tx-2.0.xsd, http://www.springframework.org/schema/jee/spring-jee-4.2.xsd=org/springframework/ejb/config/spring-jee-4.2.xsd, http://www.springframework.org/schema/jdbc/spring-jdbc-3.2.xsd=org/springframework/jdbc/config/spring-jdbc-3.2.xsd, http://www.springframework.org/schema/aop/spring-aop.xsd=org/springframework/aop/config/spring-aop-4.2.xsd}
2018-05-21 11:24:03,141 DEBUG (org.springframework.beans.factory.xml.PluggableSchemaResolver:119) - Found XML schema [http://www.springframework.org/schema/beans/spring-beans.xsd] in classpath: org/springframework/beans/factory/xml/spring-beans-4.2.xsd
2018-05-21 11:24:03,141 DEBUG (org.springframework.beans.factory.xml.PluggableSchemaResolver:119) - Found XML schema [http://www.springframework.org/schema/beans/spring-beans.xsd] in classpath: org/springframework/beans/factory/xml/spring-beans-4.2.xsd
2018-05-21 11:24:03,197 DEBUG (org.springframework.beans.factory.xml.PluggableSchemaResolver:119) - Found XML schema [http://www.springframework.org/schema/context/spring-context.xsd] in classpath: org/springframework/context/config/spring-context-4.2.xsd
2018-05-21 11:24:03,197 DEBUG (org.springframework.beans.factory.xml.PluggableSchemaResolver:119) - Found XML schema [http://www.springframework.org/schema/context/spring-context.xsd] in classpath: org/springframework/context/config/spring-context-4.2.xsd
2018-05-21 11:24:03,204 DEBUG (org.springframework.beans.factory.xml.PluggableSchemaResolver:119) - Found XML schema [http://www.springframework.org/schema/tool/spring-tool-4.2.xsd] in classpath: org/springframework/beans/factory/xml/spring-tool-4.2.xsd
2018-05-21 11:24:03,204 DEBUG (org.springframework.beans.factory.xml.PluggableSchemaResolver:119) - Found XML schema [http://www.springframework.org/schema/tool/spring-tool-4.2.xsd] in classpath: org/springframework/beans/factory/xml/spring-tool-4.2.xsd
2018-05-21 11:24:03,217 DEBUG (org.springframework.beans.factory.xml.DefaultBeanDefinitionDocumentReader:92) - Loading bean definitions
2018-05-21 11:24:03,217 DEBUG (org.springframework.beans.factory.xml.DefaultBeanDefinitionDocumentReader:92) - Loading bean definitions
2018-05-21 11:24:03,228 DEBUG (org.springframework.beans.factory.xml.DefaultNamespaceHandlerResolver:157) - Loaded NamespaceHandler mappings: {http://www.springframework.org/schema/p=org.springframework.beans.factory.xml.SimplePropertyNamespaceHandler, http://www.springframework.org/schema/mvc=org.springframework.web.servlet.config.MvcNamespaceHandler, http://www.springframework.org/schema/util=org.springframework.beans.factory.xml.UtilNamespaceHandler, http://www.springframework.org/schema/jee=org.springframework.ejb.config.JeeNamespaceHandler, http://www.springframework.org/schema/aop=org.springframework.aop.config.AopNamespaceHandler, http://www.springframework.org/schema/jdbc=org.springframework.jdbc.config.JdbcNamespaceHandler, http://www.springframework.org/schema/cache=org.springframework.cache.config.CacheNamespaceHandler, http://www.springframework.org/schema/c=org.springframework.beans.factory.xml.SimpleConstructorNamespaceHandler, http://www.springframework.org/schema/tx=org.springframework.transaction.config.TxNamespaceHandler, http://www.springframework.org/schema/task=org.springframework.scheduling.config.TaskNamespaceHandler, http://www.springframework.org/schema/lang=org.springframework.scripting.config.LangNamespaceHandler, http://www.springframework.org/schema/context=org.springframework.context.config.ContextNamespaceHandler}
2018-05-21 11:24:03,228 DEBUG (org.springframework.beans.factory.xml.DefaultNamespaceHandlerResolver:157) - Loaded NamespaceHandler mappings: {http://www.springframework.org/schema/p=org.springframework.beans.factory.xml.SimplePropertyNamespaceHandler, http://www.springframework.org/schema/mvc=org.springframework.web.servlet.config.MvcNamespaceHandler, http://www.springframework.org/schema/util=org.springframework.beans.factory.xml.UtilNamespaceHandler, http://www.springframework.org/schema/jee=org.springframework.ejb.config.JeeNamespaceHandler, http://www.springframework.org/schema/aop=org.springframework.aop.config.AopNamespaceHandler, http://www.springframework.org/schema/jdbc=org.springframework.jdbc.config.JdbcNamespaceHandler, http://www.springframework.org/schema/cache=org.springframework.cache.config.CacheNamespaceHandler, http://www.springframework.org/schema/c=org.springframework.beans.factory.xml.SimpleConstructorNamespaceHandler, http://www.springframework.org/schema/tx=org.springframework.transaction.config.TxNamespaceHandler, http://www.springframework.org/schema/task=org.springframework.scheduling.config.TaskNamespaceHandler, http://www.springframework.org/schema/lang=org.springframework.scripting.config.LangNamespaceHandler, http://www.springframework.org/schema/context=org.springframework.context.config.ContextNamespaceHandler}
2018-05-21 11:24:03,237 DEBUG (org.springframework.core.env.StandardEnvironment:109) - Adding [systemProperties] PropertySource with lowest search precedence
2018-05-21 11:24:03,237 DEBUG (org.springframework.core.env.StandardEnvironment:109) - Adding [systemProperties] PropertySource with lowest search precedence
2018-05-21 11:24:03,238 DEBUG (org.springframework.core.env.StandardEnvironment:109) - Adding [systemEnvironment] PropertySource with lowest search precedence
2018-05-21 11:24:03,238 DEBUG (org.springframework.core.env.StandardEnvironment:109) - Adding [systemEnvironment] PropertySource with lowest search precedence
2018-05-21 11:24:03,239 DEBUG (org.springframework.core.env.StandardEnvironment:127) - Initialized StandardEnvironment with PropertySources [systemProperties,systemEnvironment]
2018-05-21 11:24:03,239 DEBUG (org.springframework.core.env.StandardEnvironment:127) - Initialized StandardEnvironment with PropertySources [systemProperties,systemEnvironment]
2018-05-21 11:24:03,248 DEBUG (org.springframework.core.io.support.PathMatchingResourcePatternResolver:631) - Looking for matching resources in directory tree [/home/watermelon/JavaWebDemo/ThisIsUsCommunity/target/classes/com/dao]
2018-05-21 11:24:03,248 DEBUG (org.springframework.core.io.support.PathMatchingResourcePatternResolver:631) - Looking for matching resources in directory tree [/home/watermelon/JavaWebDemo/ThisIsUsCommunity/target/classes/com/dao]
2018-05-21 11:24:03,248 DEBUG (org.springframework.core.io.support.PathMatchingResourcePatternResolver:693) - Searching directory [/home/watermelon/JavaWebDemo/ThisIsUsCommunity/target/classes/com/dao] for files matching pattern [/home/watermelon/JavaWebDemo/ThisIsUsCommunity/target/classes/com/dao/**/*.class]
2018-05-21 11:24:03,248 DEBUG (org.springframework.core.io.support.PathMatchingResourcePatternResolver:693) - Searching directory [/home/watermelon/JavaWebDemo/ThisIsUsCommunity/target/classes/com/dao] for files matching pattern [/home/watermelon/JavaWebDemo/ThisIsUsCommunity/target/classes/com/dao/**/*.class]
2018-05-21 11:24:03,252 DEBUG (org.springframework.core.io.support.PathMatchingResourcePatternResolver:424) - Resolved location pattern [classpath*:com/dao/**/*.class] to resources [file [/home/watermelon/JavaWebDemo/ThisIsUsCommunity/target/classes/com/dao/PostDao.class], file [/home/watermelon/JavaWebDemo/ThisIsUsCommunity/target/classes/com/dao/UserDao.class], file [/home/watermelon/JavaWebDemo/ThisIsUsCommunity/target/classes/com/dao/BoardDao.class], file [/home/watermelon/JavaWebDemo/ThisIsUsCommunity/target/classes/com/dao/Page.class], file [/home/watermelon/JavaWebDemo/ThisIsUsCommunity/target/classes/com/dao/TopicDao.class], file [/home/watermelon/JavaWebDemo/ThisIsUsCommunity/target/classes/com/dao/LoginLogDao.class], file [/home/watermelon/JavaWebDemo/ThisIsUsCommunity/target/classes/com/dao/BaseDao.class]]
2018-05-21 11:24:03,252 DEBUG (org.springframework.core.io.support.PathMatchingResourcePatternResolver:424) - Resolved location pattern [classpath*:com/dao/**/*.class] to resources [file [/home/watermelon/JavaWebDemo/ThisIsUsCommunity/target/classes/com/dao/PostDao.class], file [/home/watermelon/JavaWebDemo/ThisIsUsCommunity/target/classes/com/dao/UserDao.class], file [/home/watermelon/JavaWebDemo/ThisIsUsCommunity/target/classes/com/dao/BoardDao.class], file [/home/watermelon/JavaWebDemo/ThisIsUsCommunity/target/classes/com/dao/Page.class], file [/home/watermelon/JavaWebDemo/ThisIsUsCommunity/target/classes/com/dao/TopicDao.class], file [/home/watermelon/JavaWebDemo/ThisIsUsCommunity/target/classes/com/dao/LoginLogDao.class], file [/home/watermelon/JavaWebDemo/ThisIsUsCommunity/target/classes/com/dao/BaseDao.class]]
2018-05-21 11:24:03,271 DEBUG (org.springframework.context.annotation.ClassPathBeanDefinitionScanner:286) - Identified candidate component class: file [/home/watermelon/JavaWebDemo/ThisIsUsCommunity/target/classes/com/dao/PostDao.class]
2018-05-21 11:24:03,271 DEBUG (org.springframework.context.annotation.ClassPathBeanDefinitionScanner:286) - Identified candidate component class: file [/home/watermelon/JavaWebDemo/ThisIsUsCommunity/target/classes/com/dao/PostDao.class]
2018-05-21 11:24:03,272 DEBUG (org.springframework.context.annotation.ClassPathBeanDefinitionScanner:286) - Identified candidate component class: file [/home/watermelon/JavaWebDemo/ThisIsUsCommunity/target/classes/com/dao/UserDao.class]
2018-05-21 11:24:03,272 DEBUG (org.springframework.context.annotation.ClassPathBeanDefinitionScanner:286) - Identified candidate component class: file [/home/watermelon/JavaWebDemo/ThisIsUsCommunity/target/classes/com/dao/UserDao.class]
2018-05-21 11:24:03,273 DEBUG (org.springframework.context.annotation.ClassPathBeanDefinitionScanner:286) - Identified candidate component class: file [/home/watermelon/JavaWebDemo/ThisIsUsCommunity/target/classes/com/dao/BoardDao.class]
2018-05-21 11:24:03,273 DEBUG (org.springframework.context.annotation.ClassPathBeanDefinitionScanner:286) - Identified candidate component class: file [/home/watermelon/JavaWebDemo/ThisIsUsCommunity/target/classes/com/dao/BoardDao.class]
2018-05-21 11:24:03,273 DEBUG (org.springframework.context.annotation.ClassPathBeanDefinitionScanner:286) - Identified candidate component class: file [/home/watermelon/JavaWebDemo/ThisIsUsCommunity/target/classes/com/dao/Page.class]
2018-05-21 11:24:03,273 DEBUG (org.springframework.context.annotation.ClassPathBeanDefinitionScanner:286) - Identified candidate component class: file [/home/watermelon/JavaWebDemo/ThisIsUsCommunity/target/classes/com/dao/Page.class]
2018-05-21 11:24:03,274 DEBUG (org.springframework.context.annotation.ClassPathBeanDefinitionScanner:286) - Identified candidate component class: file [/home/watermelon/JavaWebDemo/ThisIsUsCommunity/target/classes/com/dao/TopicDao.class]
2018-05-21 11:24:03,274 DEBUG (org.springframework.context.annotation.ClassPathBeanDefinitionScanner:286) - Identified candidate component class: file [/home/watermelon/JavaWebDemo/ThisIsUsCommunity/target/classes/com/dao/TopicDao.class]
2018-05-21 11:24:03,275 DEBUG (org.springframework.context.annotation.ClassPathBeanDefinitionScanner:286) - Identified candidate component class: file [/home/watermelon/JavaWebDemo/ThisIsUsCommunity/target/classes/com/dao/LoginLogDao.class]
2018-05-21 11:24:03,275 DEBUG (org.springframework.context.annotation.ClassPathBeanDefinitionScanner:286) - Identified candidate component class: file [/home/watermelon/JavaWebDemo/ThisIsUsCommunity/target/classes/com/dao/LoginLogDao.class]
2018-05-21 11:24:03,298 DEBUG (org.springframework.beans.factory.xml.XmlBeanDefinitionReader:224) - Loaded 17 bean definitions from location pattern [ThisIsUsCommunity-dao.xml]
2018-05-21 11:24:03,298 DEBUG (org.springframework.beans.factory.xml.XmlBeanDefinitionReader:224) - Loaded 17 bean definitions from location pattern [ThisIsUsCommunity-dao.xml]
2018-05-21 11:24:03,299 DEBUG (org.springframework.context.support.ClassPathXmlApplicationContext:608) - Bean factory for org.springframework.context.support.ClassPathXmlApplicationContext@4b4523f8: org.springframework.beans.factory.support.DefaultListableBeanFactory@7690781: defining beans [postDao,userDao,boardDao,page,topicDao,loginLogDao,org.springframework.context.annotation.internalConfigurationAnnotationProcessor,org.springframework.context.annotation.internalAutowiredAnnotationProcessor,org.springframework.context.annotation.internalRequiredAnnotationProcessor,org.springframework.context.annotation.internalCommonAnnotationProcessor,org.springframework.context.annotation.internalPersistenceAnnotationProcessor,org.springframework.context.event.internalEventListenerProcessor,org.springframework.context.event.internalEventListenerFactory,org.springframework.context.support.PropertySourcesPlaceholderConfigurer#0,dataSource,sessionFactory,hibernateTemplate]; root of factory hierarchy
2018-05-21 11:24:03,299 DEBUG (org.springframework.context.support.ClassPathXmlApplicationContext:608) - Bean factory for org.springframework.context.support.ClassPathXmlApplicationContext@4b4523f8: org.springframework.beans.factory.support.DefaultListableBeanFactory@7690781: defining beans [postDao,userDao,boardDao,page,topicDao,loginLogDao,org.springframework.context.annotation.internalConfigurationAnnotationProcessor,org.springframework.context.annotation.internalAutowiredAnnotationProcessor,org.springframework.context.annotation.internalRequiredAnnotationProcessor,org.springframework.context.annotation.internalCommonAnnotationProcessor,org.springframework.context.annotation.internalPersistenceAnnotationProcessor,org.springframework.context.event.internalEventListenerProcessor,org.springframework.context.event.internalEventListenerFactory,org.springframework.context.support.PropertySourcesPlaceholderConfigurer#0,dataSource,sessionFactory,hibernateTemplate]; root of factory hierarchy
2018-05-21 11:24:03,315 DEBUG (org.springframework.beans.factory.support.DefaultListableBeanFactory:221) - Creating shared instance of singleton bean &apos;org.springframework.context.annotation.internalConfigurationAnnotationProcessor&apos;
2018-05-21 11:24:03,315 DEBUG (org.springframework.beans.factory.support.DefaultListableBeanFactory:221) - Creating shared instance of singleton bean &apos;org.springframework.context.annotation.internalConfigurationAnnotationProcessor&apos;
2018-05-21 11:24:03,315 DEBUG (org.springframework.beans.factory.support.DefaultListableBeanFactory:448) - Creating instance of bean &apos;org.springframework.context.annotation.internalConfigurationAnnotationProcessor&apos;
2018-05-21 11:24:03,315 DEBUG (org.springframework.beans.factory.support.DefaultListableBeanFactory:448) - Creating instance of bean &apos;org.springframework.context.annotation.internalConfigurationAnnotationProcessor&apos;
2018-05-21 11:24:03,332 DEBUG (org.springframework.beans.factory.support.DefaultListableBeanFactory:529) - Eagerly caching bean &apos;org.springframework.context.annotation.internalConfigurationAnnotationProcessor&apos; to allow for resolving potential circular references
2018-05-21 11:24:03,332 DEBUG (org.springframework.beans.factory.support.DefaultListableBeanFactory:529) - Eagerly caching bean &apos;org.springframework.context.annotation.internalConfigurationAnnotationProcessor&apos; to allow for resolving potential circular references
2018-05-21 11:24:03,334 DEBUG (org.springframework.beans.factory.support.DefaultListableBeanFactory:484) - Finished creating instance of bean &apos;org.springframework.context.annotation.internalConfigurationAnnotationProcessor&apos;
2018-05-21 11:24:03,334 DEBUG (org.springframework.beans.factory.support.DefaultListableBeanFactory:484) - Finished creating instance of bean &apos;org.springframework.context.annotation.internalConfigurationAnnotationProcessor&apos;
2018-05-21 11:24:03,380 DEBUG (org.springframework.beans.factory.support.DefaultListableBeanFactory:221) - Creating shared instance of singleton bean &apos;org.springframework.context.support.PropertySourcesPlaceholderConfigurer#0&apos;
2018-05-21 11:24:03,380 DEBUG (org.springframework.beans.factory.support.DefaultListableBeanFactory:221) - Creating shared instance of singleton bean &apos;org.springframework.context.support.PropertySourcesPlaceholderConfigurer#0&apos;
2018-05-21 11:24:03,380 DEBUG (org.springframework.beans.factory.support.DefaultListableBeanFactory:448) - Creating instance of bean &apos;org.springframework.context.support.PropertySourcesPlaceholderConfigurer#0&apos;
2018-05-21 11:24:03,380 DEBUG (org.springframework.beans.factory.support.DefaultListableBeanFactory:448) - Creating instance of bean &apos;org.springframework.context.support.PropertySourcesPlaceholderConfigurer#0&apos;
2018-05-21 11:24:03,381 DEBUG (org.springframework.beans.factory.support.DefaultListableBeanFactory:529) - Eagerly caching bean &apos;org.springframework.context.support.PropertySourcesPlaceholderConfigurer#0&apos; to allow for resolving potential circular references
2018-05-21 11:24:03,381 DEBUG (org.springframework.beans.factory.support.DefaultListableBeanFactory:529) - Eagerly caching bean &apos;org.springframework.context.support.PropertySourcesPlaceholderConfigurer#0&apos; to allow for resolving potential circular references
2018-05-21 11:24:03,411 DEBUG (org.springframework.beans.factory.support.DefaultListableBeanFactory:484) - Finished creating instance of bean &apos;org.springframework.context.support.PropertySourcesPlaceholderConfigurer#0&apos;
2018-05-21 11:24:03,411 DEBUG (org.springframework.beans.factory.support.DefaultListableBeanFactory:484) - Finished creating instance of bean &apos;org.springframework.context.support.PropertySourcesPlaceholderConfigurer#0&apos;
2018-05-21 11:24:03,414 DEBUG (org.springframework.core.env.MutablePropertySources:109) - Adding [environmentProperties] PropertySource with lowest search precedence
2018-05-21 11:24:03,414 DEBUG (org.springframework.core.env.MutablePropertySources:109) - Adding [environmentProperties] PropertySource with lowest search precedence
2018-05-21 11:24:03,415  INFO (org.springframework.context.support.PropertySourcesPlaceholderConfigurer:172) - Loading properties file from class path resource [jdbc.properties]
2018-05-21 11:24:03,415  INFO (org.springframework.context.support.PropertySourcesPlaceholderConfigurer:172) - Loading properties file from class path resource [jdbc.properties]
2018-05-21 11:24:03,415 DEBUG (org.springframework.core.env.MutablePropertySources:109) - Adding [localProperties] PropertySource with lowest search precedence
2018-05-21 11:24:03,415 DEBUG (org.springframework.core.env.MutablePropertySources:109) - Adding [localProperties] PropertySource with lowest search precedence
2018-05-21 11:24:03,419 DEBUG (org.springframework.core.env.PropertySourcesPropertyResolver:81) - Searching for key &apos;jdbc.driverClassName&apos; in [environmentProperties]
2018-05-21 11:24:03,419 DEBUG (org.springframework.core.env.PropertySourcesPropertyResolver:81) - Searching for key &apos;jdbc.driverClassName&apos; in [environmentProperties]
2018-05-21 11:24:03,419 DEBUG (org.springframework.core.env.PropertySourcesPropertyResolver:81) - Searching for key &apos;jdbc.driverClassName&apos; in [systemProperties]
2018-05-21 11:24:03,419 DEBUG (org.springframework.core.env.PropertySourcesPropertyResolver:81) - Searching for key &apos;jdbc.driverClassName&apos; in [systemProperties]
2018-05-21 11:24:03,420 DEBUG (org.springframework.core.env.PropertySourcesPropertyResolver:81) - Searching for key &apos;jdbc.driverClassName&apos; in [systemEnvironment]
2018-05-21 11:24:03,420 DEBUG (org.springframework.core.env.PropertySourcesPropertyResolver:81) - Searching for key &apos;jdbc.driverClassName&apos; in [systemEnvironment]
2018-05-21 11:24:03,420 DEBUG (org.springframework.core.env.PropertySourcesPropertyResolver:103) - Could not find key &apos;jdbc.driverClassName&apos; in any property source. Returning [null]
2018-05-21 11:24:03,420 DEBUG (org.springframework.core.env.PropertySourcesPropertyResolver:103) - Could not find key &apos;jdbc.driverClassName&apos; in any property source. Returning [null]
2018-05-21 11:24:03,420 DEBUG (org.springframework.core.env.PropertySourcesPropertyResolver:81) - Searching for key &apos;jdbc.driverClassName&apos; in [localProperties]
2018-05-21 11:24:03,420 DEBUG (org.springframework.core.env.PropertySourcesPropertyResolver:81) - Searching for key &apos;jdbc.driverClassName&apos; in [localProperties]
2018-05-21 11:24:03,420 DEBUG (org.springframework.core.env.PropertySourcesPropertyResolver:90) - Found key &apos;jdbc.driverClassName&apos; in [localProperties] with type [String] and value &apos;com.mysql.jdbc.Driver&apos;
2018-05-21 11:24:03,420 DEBUG (org.springframework.core.env.PropertySourcesPropertyResolver:90) - Found key &apos;jdbc.driverClassName&apos; in [localProperties] with type [String] and value &apos;com.mysql.jdbc.Driver&apos;
2018-05-21 11:24:03,422 DEBUG (org.springframework.core.env.PropertySourcesPropertyResolver:81) - Searching for key &apos;jdbc.password&apos; in [environmentProperties]
2018-05-21 11:24:03,422 DEBUG (org.springframework.core.env.PropertySourcesPropertyResolver:81) - Searching for key &apos;jdbc.password&apos; in [environmentProperties]
2018-05-21 11:24:03,423 DEBUG (org.springframework.core.env.PropertySourcesPropertyResolver:81) - Searching for key &apos;jdbc.password&apos; in [systemProperties]
2018-05-21 11:24:03,423 DEBUG (org.springframework.core.env.PropertySourcesPropertyResolver:81) - Searching for key &apos;jdbc.password&apos; in [systemProperties]
2018-05-21 11:24:03,423 DEBUG (org.springframework.core.env.PropertySourcesPropertyResolver:81) - Searching for key &apos;jdbc.password&apos; in [systemEnvironment]
2018-05-21 11:24:03,423 DEBUG (org.springframework.core.env.PropertySourcesPropertyResolver:81) - Searching for key &apos;jdbc.password&apos; in [systemEnvironment]
2018-05-21 11:24:03,423 DEBUG (org.springframework.core.env.PropertySourcesPropertyResolver:103) - Could not find key &apos;jdbc.password&apos; in any property source. Returning [null]
2018-05-21 11:24:03,423 DEBUG (org.springframework.core.env.PropertySourcesPropertyResolver:103) - Could not find key &apos;jdbc.password&apos; in any property source. Returning [null]
2018-05-21 11:24:03,423 DEBUG (org.springframework.core.env.PropertySourcesPropertyResolver:81) - Searching for key &apos;jdbc.password&apos; in [localProperties]
2018-05-21 11:24:03,423 DEBUG (org.springframework.core.env.PropertySourcesPropertyResolver:81) - Searching for key &apos;jdbc.password&apos; in [localProperties]
2018-05-21 11:24:03,424 DEBUG (org.springframework.core.env.PropertySourcesPropertyResolver:90) - Found key &apos;jdbc.password&apos; in [localProperties] with type [String] and value &apos;19970901&apos;
2018-05-21 11:24:03,424 DEBUG (org.springframework.core.env.PropertySourcesPropertyResolver:90) - Found key &apos;jdbc.password&apos; in [localProperties] with type [String] and value &apos;19970901&apos;
2018-05-21 11:24:03,424 DEBUG (org.springframework.core.env.PropertySourcesPropertyResolver:81) - Searching for key &apos;jdbc.url&apos; in [environmentProperties]
2018-05-21 11:24:03,424 DEBUG (org.springframework.core.env.PropertySourcesPropertyResolver:81) - Searching for key &apos;jdbc.url&apos; in [environmentProperties]
2018-05-21 11:24:03,424 DEBUG (org.springframework.core.env.PropertySourcesPropertyResolver:81) - Searching for key &apos;jdbc.url&apos; in [systemProperties]
2018-05-21 11:24:03,424 DEBUG (org.springframework.core.env.PropertySourcesPropertyResolver:81) - Searching for key &apos;jdbc.url&apos; in [systemProperties]
2018-05-21 11:24:03,425 DEBUG (org.springframework.core.env.PropertySourcesPropertyResolver:81) - Searching for key &apos;jdbc.url&apos; in [systemEnvironment]
2018-05-21 11:24:03,425 DEBUG (org.springframework.core.env.PropertySourcesPropertyResolver:81) - Searching for key &apos;jdbc.url&apos; in [systemEnvironment]
2018-05-21 11:24:03,425 DEBUG (org.springframework.core.env.PropertySourcesPropertyResolver:103) - Could not find key &apos;jdbc.url&apos; in any property source. Returning [null]
2018-05-21 11:24:03,425 DEBUG (org.springframework.core.env.PropertySourcesPropertyResolver:103) - Could not find key &apos;jdbc.url&apos; in any property source. Returning [null]
2018-05-21 11:24:03,425 DEBUG (org.springframework.core.env.PropertySourcesPropertyResolver:81) - Searching for key &apos;jdbc.url&apos; in [localProperties]
2018-05-21 11:24:03,425 DEBUG (org.springframework.core.env.PropertySourcesPropertyResolver:81) - Searching for key &apos;jdbc.url&apos; in [localProperties]
2018-05-21 11:24:03,426 DEBUG (org.springframework.core.env.PropertySourcesPropertyResolver:90) - Found key &apos;jdbc.url&apos; in [localProperties] with type [String] and value &apos;jdbc:mysql://localhost:3306/sampledb?userUnicode=true&amp;characterEncoding=UTF-8&apos;
2018-05-21 11:24:03,426 DEBUG (org.springframework.core.env.PropertySourcesPropertyResolver:90) - Found key &apos;jdbc.url&apos; in [localProperties] with type [String] and value &apos;jdbc:mysql://localhost:3306/sampledb?userUnicode=true&amp;characterEncoding=UTF-8&apos;
2018-05-21 11:24:03,426 DEBUG (org.springframework.core.env.PropertySourcesPropertyResolver:81) - Searching for key &apos;jdbc.username&apos; in [environmentProperties]
2018-05-21 11:24:03,426 DEBUG (org.springframework.core.env.PropertySourcesPropertyResolver:81) - Searching for key &apos;jdbc.username&apos; in [environmentProperties]
2018-05-21 11:24:03,427 DEBUG (org.springframework.core.env.PropertySourcesPropertyResolver:81) - Searching for key &apos;jdbc.username&apos; in [systemProperties]
2018-05-21 11:24:03,427 DEBUG (org.springframework.core.env.PropertySourcesPropertyResolver:81) - Searching for key &apos;jdbc.username&apos; in [systemProperties]
2018-05-21 11:24:03,428 DEBUG (org.springframework.core.env.PropertySourcesPropertyResolver:81) - Searching for key &apos;jdbc.username&apos; in [systemEnvironment]
2018-05-21 11:24:03,428 DEBUG (org.springframework.core.env.PropertySourcesPropertyResolver:81) - Searching for key &apos;jdbc.username&apos; in [systemEnvironment]
2018-05-21 11:24:03,429 DEBUG (org.springframework.core.env.PropertySourcesPropertyResolver:103) - Could not find key &apos;jdbc.username&apos; in any property source. Returning [null]
2018-05-21 11:24:03,429 DEBUG (org.springframework.core.env.PropertySourcesPropertyResolver:103) - Could not find key &apos;jdbc.username&apos; in any property source. Returning [null]
2018-05-21 11:24:03,431 DEBUG (org.springframework.core.env.PropertySourcesPropertyResolver:81) - Searching for key &apos;jdbc.username&apos; in [localProperties]
2018-05-21 11:24:03,431 DEBUG (org.springframework.core.env.PropertySourcesPropertyResolver:81) - Searching for key &apos;jdbc.username&apos; in [localProperties]
2018-05-21 11:24:03,432 DEBUG (org.springframework.core.env.PropertySourcesPropertyResolver:90) - Found key &apos;jdbc.username&apos; in [localProperties] with type [String] and value &apos;root&apos;
2018-05-21 11:24:03,432 DEBUG (org.springframework.core.env.PropertySourcesPropertyResolver:90) - Found key &apos;jdbc.username&apos; in [localProperties] with type [String] and value &apos;root&apos;
2018-05-21 11:24:03,435 DEBUG (org.springframework.beans.factory.support.DefaultListableBeanFactory:221) - Creating shared instance of singleton bean &apos;org.springframework.context.annotation.internalAutowiredAnnotationProcessor&apos;
2018-05-21 11:24:03,435 DEBUG (org.springframework.beans.factory.support.DefaultListableBeanFactory:221) - Creating shared instance of singleton bean &apos;org.springframework.context.annotation.internalAutowiredAnnotationProcessor&apos;
2018-05-21 11:24:03,435 DEBUG (org.springframework.beans.factory.support.DefaultListableBeanFactory:448) - Creating instance of bean &apos;org.springframework.context.annotation.internalAutowiredAnnotationProcessor&apos;
2018-05-21 11:24:03,435 DEBUG (org.springframework.beans.factory.support.DefaultListableBeanFactory:448) - Creating instance of bean &apos;org.springframework.context.annotation.internalAutowiredAnnotationProcessor&apos;
2018-05-21 11:24:03,437 DEBUG (org.springframework.beans.factory.support.DefaultListableBeanFactory:529) - Eagerly caching bean &apos;org.springframework.context.annotation.internalAutowiredAnnotationProcessor&apos; to allow for resolving potential circular references
2018-05-21 11:24:03,437 DEBUG (org.springframework.beans.factory.support.DefaultListableBeanFactory:529) - Eagerly caching bean &apos;org.springframework.context.annotation.internalAutowiredAnnotationProcessor&apos; to allow for resolving potential circular references
2018-05-21 11:24:03,438 DEBUG (org.springframework.beans.factory.support.DefaultListableBeanFactory:484) - Finished creating instance of bean &apos;org.springframework.context.annotation.internalAutowiredAnnotationProcessor&apos;
2018-05-21 11:24:03,438 DEBUG (org.springframework.beans.factory.support.DefaultListableBeanFactory:484) - Finished creating instance of bean &apos;org.springframework.context.annotation.internalAutowiredAnnotationProcessor&apos;
2018-05-21 11:24:03,439 DEBUG (org.springframework.beans.factory.support.DefaultListableBeanFactory:221) - Creating shared instance of singleton bean &apos;org.springframework.context.annotation.internalRequiredAnnotationProcessor&apos;
2018-05-21 11:24:03,439 DEBUG (org.springframework.beans.factory.support.DefaultListableBeanFactory:221) - Creating shared instance of singleton bean &apos;org.springframework.context.annotation.internalRequiredAnnotationProcessor&apos;
2018-05-21 11:24:03,439 DEBUG (org.springframework.beans.factory.support.DefaultListableBeanFactory:448) - Creating instance of bean &apos;org.springframework.context.annotation.internalRequiredAnnotationProcessor&apos;
2018-05-21 11:24:03,439 DEBUG (org.springframework.beans.factory.support.DefaultListableBeanFactory:448) - Creating instance of bean &apos;org.springframework.context.annotation.internalRequiredAnnotationProcessor&apos;
2018-05-21 11:24:03,440 DEBUG (org.springframework.beans.factory.support.DefaultListableBeanFactory:529) - Eagerly caching bean &apos;org.springframework.context.annotation.internalRequiredAnnotationProcessor&apos; to allow for resolving potential circular references
2018-05-21 11:24:03,440 DEBUG (org.springframework.beans.factory.support.DefaultListableBeanFactory:529) - Eagerly caching bean &apos;org.springframework.context.annotation.internalRequiredAnnotationProcessor&apos; to allow for resolving potential circular references
2018-05-21 11:24:03,441 DEBUG (org.springframework.beans.factory.support.DefaultListableBeanFactory:484) - Finished creating instance of bean &apos;org.springframework.context.annotation.internalRequiredAnnotationProcessor&apos;
2018-05-21 11:24:03,441 DEBUG (org.springframework.beans.factory.support.DefaultListableBeanFactory:484) - Finished creating instance of bean &apos;org.springframework.context.annotation.internalRequiredAnnotationProcessor&apos;
2018-05-21 11:24:03,442 DEBUG (org.springframework.beans.factory.support.DefaultListableBeanFactory:221) - Creating shared instance of singleton bean &apos;org.springframework.context.annotation.internalCommonAnnotationProcessor&apos;
2018-05-21 11:24:03,442 DEBUG (org.springframework.beans.factory.support.DefaultListableBeanFactory:221) - Creating shared instance of singleton bean &apos;org.springframework.context.annotation.internalCommonAnnotationProcessor&apos;
2018-05-21 11:24:03,442 DEBUG (org.springframework.beans.factory.support.DefaultListableBeanFactory:448) - Creating instance of bean &apos;org.springframework.context.annotation.internalCommonAnnotationProcessor&apos;
2018-05-21 11:24:03,442 DEBUG (org.springframework.beans.factory.support.DefaultListableBeanFactory:448) - Creating instance of bean &apos;org.springframework.context.annotation.internalCommonAnnotationProcessor&apos;
2018-05-21 11:24:03,446 DEBUG (org.springframework.beans.factory.support.DefaultListableBeanFactory:529) - Eagerly caching bean &apos;org.springframework.context.annotation.internalCommonAnnotationProcessor&apos; to allow for resolving potential circular references
2018-05-21 11:24:03,446 DEBUG (org.springframework.beans.factory.support.DefaultListableBeanFactory:529) - Eagerly caching bean &apos;org.springframework.context.annotation.internalCommonAnnotationProcessor&apos; to allow for resolving potential circular references
2018-05-21 11:24:03,446 DEBUG (org.springframework.beans.factory.support.DefaultListableBeanFactory:484) - Finished creating instance of bean &apos;org.springframework.context.annotation.internalCommonAnnotationProcessor&apos;
2018-05-21 11:24:03,446 DEBUG (org.springframework.beans.factory.support.DefaultListableBeanFactory:484) - Finished creating instance of bean &apos;org.springframework.context.annotation.internalCommonAnnotationProcessor&apos;
2018-05-21 11:24:03,446 DEBUG (org.springframework.beans.factory.support.DefaultListableBeanFactory:221) - Creating shared instance of singleton bean &apos;org.springframework.context.annotation.internalPersistenceAnnotationProcessor&apos;
2018-05-21 11:24:03,446 DEBUG (org.springframework.beans.factory.support.DefaultListableBeanFactory:221) - Creating shared instance of singleton bean &apos;org.springframework.context.annotation.internalPersistenceAnnotationProcessor&apos;
2018-05-21 11:24:03,447 DEBUG (org.springframework.beans.factory.support.DefaultListableBeanFactory:448) - Creating instance of bean &apos;org.springframework.context.annotation.internalPersistenceAnnotationProcessor&apos;
2018-05-21 11:24:03,447 DEBUG (org.springframework.beans.factory.support.DefaultListableBeanFactory:448) - Creating instance of bean &apos;org.springframework.context.annotation.internalPersistenceAnnotationProcessor&apos;
2018-05-21 11:24:03,448 DEBUG (org.springframework.beans.factory.support.DefaultListableBeanFactory:529) - Eagerly caching bean &apos;org.springframework.context.annotation.internalPersistenceAnnotationProcessor&apos; to allow for resolving potential circular references
2018-05-21 11:24:03,448 DEBUG (org.springframework.beans.factory.support.DefaultListableBeanFactory:529) - Eagerly caching bean &apos;org.springframework.context.annotation.internalPersistenceAnnotationProcessor&apos; to allow for resolving potential circular references
2018-05-21 11:24:03,448 DEBUG (org.springframework.beans.factory.support.DefaultListableBeanFactory:484) - Finished creating instance of bean &apos;org.springframework.context.annotation.internalPersistenceAnnotationProcessor&apos;
2018-05-21 11:24:03,448 DEBUG (org.springframework.beans.factory.support.DefaultListableBeanFactory:484) - Finished creating instance of bean &apos;org.springframework.context.annotation.internalPersistenceAnnotationProcessor&apos;
2018-05-21 11:24:03,449 DEBUG (org.springframework.beans.factory.support.DefaultListableBeanFactory:221) - Creating shared instance of singleton bean &apos;org.springframework.context.annotation.ConfigurationClassPostProcessor.importAwareProcessor&apos;
2018-05-21 11:24:03,449 DEBUG (org.springframework.beans.factory.support.DefaultListableBeanFactory:221) - Creating shared instance of singleton bean &apos;org.springframework.context.annotation.ConfigurationClassPostProcessor.importAwareProcessor&apos;
2018-05-21 11:24:03,449 DEBUG (org.springframework.beans.factory.support.DefaultListableBeanFactory:448) - Creating instance of bean &apos;org.springframework.context.annotation.ConfigurationClassPostProcessor.importAwareProcessor&apos;
2018-05-21 11:24:03,449 DEBUG (org.springframework.beans.factory.support.DefaultListableBeanFactory:448) - Creating instance of bean &apos;org.springframework.context.annotation.ConfigurationClassPostProcessor.importAwareProcessor&apos;
2018-05-21 11:24:03,449 DEBUG (org.springframework.beans.factory.support.DefaultListableBeanFactory:529) - Eagerly caching bean &apos;org.springframework.context.annotation.ConfigurationClassPostProcessor.importAwareProcessor&apos; to allow for resolving potential circular references
2018-05-21 11:24:03,449 DEBUG (org.springframework.beans.factory.support.DefaultListableBeanFactory:529) - Eagerly caching bean &apos;org.springframework.context.annotation.ConfigurationClassPostProcessor.importAwareProcessor&apos; to allow for resolving potential circular references
2018-05-21 11:24:03,449 DEBUG (org.springframework.beans.factory.support.DefaultListableBeanFactory:484) - Finished creating instance of bean &apos;org.springframework.context.annotation.ConfigurationClassPostProcessor.importAwareProcessor&apos;
2018-05-21 11:24:03,449 DEBUG (org.springframework.beans.factory.support.DefaultListableBeanFactory:484) - Finished creating instance of bean &apos;org.springframework.context.annotation.ConfigurationClassPostProcessor.importAwareProcessor&apos;
2018-05-21 11:24:03,449 DEBUG (org.springframework.beans.factory.support.DefaultListableBeanFactory:221) - Creating shared instance of singleton bean &apos;org.springframework.context.annotation.ConfigurationClassPostProcessor.enhancedConfigurationProcessor&apos;
2018-05-21 11:24:03,449 DEBUG (org.springframework.beans.factory.support.DefaultListableBeanFactory:221) - Creating shared instance of singleton bean &apos;org.springframework.context.annotation.ConfigurationClassPostProcessor.enhancedConfigurationProcessor&apos;
2018-05-21 11:24:03,449 DEBUG (org.springframework.beans.factory.support.DefaultListableBeanFactory:448) - Creating instance of bean &apos;org.springframework.context.annotation.ConfigurationClassPostProcessor.enhancedConfigurationProcessor&apos;
2018-05-21 11:24:03,449 DEBUG (org.springframework.beans.factory.support.DefaultListableBeanFactory:448) - Creating instance of bean &apos;org.springframework.context.annotation.ConfigurationClassPostProcessor.enhancedConfigurationProcessor&apos;
2018-05-21 11:24:03,450 DEBUG (org.springframework.beans.factory.support.DefaultListableBeanFactory:529) - Eagerly caching bean &apos;org.springframework.context.annotation.ConfigurationClassPostProcessor.enhancedConfigurationProcessor&apos; to allow for resolving potential circular references
2018-05-21 11:24:03,450 DEBUG (org.springframework.beans.factory.support.DefaultListableBeanFactory:529) - Eagerly caching bean &apos;org.springframework.context.annotation.ConfigurationClassPostProcessor.enhancedConfigurationProcessor&apos; to allow for resolving potential circular references
2018-05-21 11:24:03,450 DEBUG (org.springframework.beans.factory.support.DefaultListableBeanFactory:484) - Finished creating instance of bean &apos;org.springframework.context.annotation.ConfigurationClassPostProcessor.enhancedConfigurationProcessor&apos;
2018-05-21 11:24:03,450 DEBUG (org.springframework.beans.factory.support.DefaultListableBeanFactory:484) - Finished creating instance of bean &apos;org.springframework.context.annotation.ConfigurationClassPostProcessor.enhancedConfigurationProcessor&apos;
2018-05-21 11:24:03,452 DEBUG (org.springframework.context.support.ClassPathXmlApplicationContext:714) - Unable to locate MessageSource with name &apos;messageSource&apos;: using default [org.springframework.context.support.DelegatingMessageSource@3e8c3cb]
2018-05-21 11:24:03,452 DEBUG (org.springframework.context.support.ClassPathXmlApplicationContext:714) - Unable to locate MessageSource with name &apos;messageSource&apos;: using default [org.springframework.context.support.DelegatingMessageSource@3e8c3cb]
2018-05-21 11:24:03,454 DEBUG (org.springframework.context.support.ClassPathXmlApplicationContext:738) - Unable to locate ApplicationEventMulticaster with name &apos;applicationEventMulticaster&apos;: using default [org.springframework.context.event.SimpleApplicationEventMulticaster@235ecd9f]
2018-05-21 11:24:03,454 DEBUG (org.springframework.context.support.ClassPathXmlApplicationContext:738) - Unable to locate ApplicationEventMulticaster with name &apos;applicationEventMulticaster&apos;: using default [org.springframework.context.event.SimpleApplicationEventMulticaster@235ecd9f]
2018-05-21 11:24:03,456 DEBUG (org.springframework.beans.factory.support.DefaultListableBeanFactory:741) - Pre-instantiating singletons in org.springframework.beans.factory.support.DefaultListableBeanFactory@7690781: defining beans [postDao,userDao,boardDao,page,topicDao,loginLogDao,org.springframework.context.annotation.internalConfigurationAnnotationProcessor,org.springframework.context.annotation.internalAutowiredAnnotationProcessor,org.springframework.context.annotation.internalRequiredAnnotationProcessor,org.springframework.context.annotation.internalCommonAnnotationProcessor,org.springframework.context.annotation.internalPersistenceAnnotationProcessor,org.springframework.context.event.internalEventListenerProcessor,org.springframework.context.event.internalEventListenerFactory,org.springframework.context.support.PropertySourcesPlaceholderConfigurer#0,dataSource,sessionFactory,hibernateTemplate,org.springframework.context.annotation.ConfigurationClassPostProcessor.importAwareProcessor,org.springframework.context.annotation.ConfigurationClassPostProcessor.enhancedConfigurationProcessor]; root of factory hierarchy
2018-05-21 11:24:03,456 DEBUG (org.springframework.beans.factory.support.DefaultListableBeanFactory:741) - Pre-instantiating singletons in org.springframework.beans.factory.support.DefaultListableBeanFactory@7690781: defining beans [postDao,userDao,boardDao,page,topicDao,loginLogDao,org.springframework.context.annotation.internalConfigurationAnnotationProcessor,org.springframework.context.annotation.internalAutowiredAnnotationProcessor,org.springframework.context.annotation.internalRequiredAnnotationProcessor,org.springframework.context.annotation.internalCommonAnnotationProcessor,org.springframework.context.annotation.internalPersistenceAnnotationProcessor,org.springframework.context.event.internalEventListenerProcessor,org.springframework.context.event.internalEventListenerFactory,org.springframework.context.support.PropertySourcesPlaceholderConfigurer#0,dataSource,sessionFactory,hibernateTemplate,org.springframework.context.annotation.ConfigurationClassPostProcessor.importAwareProcessor,org.springframework.context.annotation.ConfigurationClassPostProcessor.enhancedConfigurationProcessor]; root of factory hierarchy
2018-05-21 11:24:03,457 DEBUG (org.springframework.beans.factory.support.DefaultListableBeanFactory:221) - Creating shared instance of singleton bean &apos;postDao&apos;
2018-05-21 11:24:03,457 DEBUG (org.springframework.beans.factory.support.DefaultListableBeanFactory:221) - Creating shared instance of singleton bean &apos;postDao&apos;
2018-05-21 11:24:03,457 DEBUG (org.springframework.beans.factory.support.DefaultListableBeanFactory:448) - Creating instance of bean &apos;postDao&apos;
2018-05-21 11:24:03,457 DEBUG (org.springframework.beans.factory.support.DefaultListableBeanFactory:448) - Creating instance of bean &apos;postDao&apos;
2018-05-21 11:24:03,479 DEBUG (org.springframework.beans.factory.annotation.InjectionMetadata:72) - Registered injected element on class [com.dao.PostDao]: AutowiredMethodElement for public void com.dao.BaseDao.setHibernateTemplate(org.springframework.orm.hibernate4.HibernateTemplate)
2018-05-21 11:24:03,479 DEBUG (org.springframework.beans.factory.annotation.InjectionMetadata:72) - Registered injected element on class [com.dao.PostDao]: AutowiredMethodElement for public void com.dao.BaseDao.setHibernateTemplate(org.springframework.orm.hibernate4.HibernateTemplate)
2018-05-21 11:24:03,479 DEBUG (org.springframework.beans.factory.support.DefaultListableBeanFactory:529) - Eagerly caching bean &apos;postDao&apos; to allow for resolving potential circular references
2018-05-21 11:24:03,479 DEBUG (org.springframework.beans.factory.support.DefaultListableBeanFactory:529) - Eagerly caching bean &apos;postDao&apos; to allow for resolving potential circular references
2018-05-21 11:24:03,480 DEBUG (org.springframework.beans.factory.annotation.InjectionMetadata:86) - Processing injected element of bean &apos;postDao&apos;: AutowiredMethodElement for public void com.dao.BaseDao.setHibernateTemplate(org.springframework.orm.hibernate4.HibernateTemplate)
2018-05-21 11:24:03,480 DEBUG (org.springframework.beans.factory.annotation.InjectionMetadata:86) - Processing injected element of bean &apos;postDao&apos;: AutowiredMethodElement for public void com.dao.BaseDao.setHibernateTemplate(org.springframework.orm.hibernate4.HibernateTemplate)
2018-05-21 11:24:03,532 DEBUG (org.springframework.beans.factory.support.DefaultListableBeanFactory:221) - Creating shared instance of singleton bean &apos;hibernateTemplate&apos;
2018-05-21 11:24:03,532 DEBUG (org.springframework.beans.factory.support.DefaultListableBeanFactory:221) - Creating shared instance of singleton bean &apos;hibernateTemplate&apos;
2018-05-21 11:24:03,532 DEBUG (org.springframework.beans.factory.support.DefaultListableBeanFactory:448) - Creating instance of bean &apos;hibernateTemplate&apos;
2018-05-21 11:24:03,532 DEBUG (org.springframework.beans.factory.support.DefaultListableBeanFactory:448) - Creating instance of bean &apos;hibernateTemplate&apos;
2018-05-21 11:24:03,542 DEBUG (org.springframework.beans.factory.support.DefaultListableBeanFactory:529) - Eagerly caching bean &apos;hibernateTemplate&apos; to allow for resolving potential circular references
2018-05-21 11:24:03,542 DEBUG (org.springframework.beans.factory.support.DefaultListableBeanFactory:529) - Eagerly caching bean &apos;hibernateTemplate&apos; to allow for resolving potential circular references
2018-05-21 11:24:03,547 DEBUG (org.springframework.beans.factory.support.DefaultListableBeanFactory:221) - Creating shared instance of singleton bean &apos;sessionFactory&apos;
2018-05-21 11:24:03,547 DEBUG (org.springframework.beans.factory.support.DefaultListableBeanFactory:221) - Creating shared instance of singleton bean &apos;sessionFactory&apos;
2018-05-21 11:24:03,548 DEBUG (org.springframework.beans.factory.support.DefaultListableBeanFactory:448) - Creating instance of bean &apos;sessionFactory&apos;
2018-05-21 11:24:03,548 DEBUG (org.springframework.beans.factory.support.DefaultListableBeanFactory:448) - Creating instance of bean &apos;sessionFactory&apos;
2018-05-21 11:24:03,549 DEBUG (org.springframework.beans.factory.support.DefaultListableBeanFactory:529) - Eagerly caching bean &apos;sessionFactory&apos; to allow for resolving potential circular references
2018-05-21 11:24:03,549 DEBUG (org.springframework.beans.factory.support.DefaultListableBeanFactory:529) - Eagerly caching bean &apos;sessionFactory&apos; to allow for resolving potential circular references
2018-05-21 11:24:03,555 DEBUG (org.springframework.beans.factory.support.DefaultListableBeanFactory:221) - Creating shared instance of singleton bean &apos;dataSource&apos;
2018-05-21 11:24:03,555 DEBUG (org.springframework.beans.factory.support.DefaultListableBeanFactory:221) - Creating shared instance of singleton bean &apos;dataSource&apos;
2018-05-21 11:24:03,555 DEBUG (org.springframework.beans.factory.support.DefaultListableBeanFactory:448) - Creating instance of bean &apos;dataSource&apos;
2018-05-21 11:24:03,555 DEBUG (org.springframework.beans.factory.support.DefaultListableBeanFactory:448) - Creating instance of bean &apos;dataSource&apos;
2018-05-21 11:24:03,563 DEBUG (org.springframework.beans.factory.support.DefaultListableBeanFactory:529) - Eagerly caching bean &apos;dataSource&apos; to allow for resolving potential circular references
2018-05-21 11:24:03,563 DEBUG (org.springframework.beans.factory.support.DefaultListableBeanFactory:529) - Eagerly caching bean &apos;dataSource&apos; to allow for resolving potential circular references
2018-05-21 11:24:03,569 DEBUG (org.springframework.beans.factory.support.DefaultListableBeanFactory:484) - Finished creating instance of bean &apos;dataSource&apos;
2018-05-21 11:24:03,569 DEBUG (org.springframework.beans.factory.support.DefaultListableBeanFactory:484) - Finished creating instance of bean &apos;dataSource&apos;
2018-05-21 11:24:03,581 DEBUG (org.springframework.beans.factory.support.DefaultListableBeanFactory:1620) - Invoking afterPropertiesSet() on bean with name &apos;sessionFactory&apos;
2018-05-21 11:24:03,581 DEBUG (org.springframework.beans.factory.support.DefaultListableBeanFactory:1620) - Invoking afterPropertiesSet() on bean with name &apos;sessionFactory&apos;
2018-05-21 11:24:03,641 DEBUG (org.jboss.logging:177) - Logging Provider: org.jboss.logging.Log4jLoggerProvider
2018-05-21 11:24:03,662 DEBUG (org.hibernate.type.BasicTypeRegistry:148) - Adding type registration boolean -&gt; org.hibernate.type.BooleanType@5167f57d
2018-05-21 11:24:03,662 DEBUG (org.hibernate.type.BasicTypeRegistry:148) - Adding type registration boolean -&gt; org.hibernate.type.BooleanType@5167f57d
2018-05-21 11:24:03,662 DEBUG (org.hibernate.type.BasicTypeRegistry:148) - Adding type registration java.lang.Boolean -&gt; org.hibernate.type.BooleanType@5167f57d
2018-05-21 11:24:03,664 DEBUG (org.hibernate.type.BasicTypeRegistry:148) - Adding type registration numeric_boolean -&gt; org.hibernate.type.NumericBooleanType@e3b3b2f
2018-05-21 11:24:03,665 DEBUG (org.hibernate.type.BasicTypeRegistry:148) - Adding type registration true_false -&gt; org.hibernate.type.TrueFalseType@32115b28
2018-05-21 11:24:03,666 DEBUG (org.hibernate.type.BasicTypeRegistry:148) - Adding type registration yes_no -&gt; org.hibernate.type.YesNoType@7d9f158f
2018-05-21 11:24:03,668 DEBUG (org.hibernate.type.BasicTypeRegistry:148) - Adding type registration byte -&gt; org.hibernate.type.ByteType@74287ea3
2018-05-21 11:24:03,669 DEBUG (org.hibernate.type.BasicTypeRegistry:148) - Adding type registration byte -&gt; org.hibernate.type.ByteType@74287ea3
2018-05-21 11:24:03,669 DEBUG (org.hibernate.type.BasicTypeRegistry:148) - Adding type registration java.lang.Byte -&gt; org.hibernate.type.ByteType@74287ea3
2018-05-21 11:24:03,671 DEBUG (org.hibernate.type.BasicTypeRegistry:148) - Adding type registration character -&gt; org.hibernate.type.CharacterType@2f01783a
2018-05-21 11:24:03,672 DEBUG (org.hibernate.type.BasicTypeRegistry:148) - Adding type registration char -&gt; org.hibernate.type.CharacterType@2f01783a
2018-05-21 11:24:03,672 DEBUG (org.hibernate.type.BasicTypeRegistry:148) - Adding type registration java.lang.Character -&gt; org.hibernate.type.CharacterType@2f01783a
2018-05-21 11:24:03,675 DEBUG (org.hibernate.type.BasicTypeRegistry:148) - Adding type registration short -&gt; org.hibernate.type.ShortType@22f59fa
2018-05-21 11:24:03,676 DEBUG (org.hibernate.type.BasicTypeRegistry:148) - Adding type registration short -&gt; org.hibernate.type.ShortType@22f59fa
2018-05-21 11:24:03,676 DEBUG (org.hibernate.type.BasicTypeRegistry:148) - Adding type registration java.lang.Short -&gt; org.hibernate.type.ShortType@22f59fa
2018-05-21 11:24:03,678 DEBUG (org.hibernate.type.BasicTypeRegistry:148) - Adding type registration integer -&gt; org.hibernate.type.IntegerType@79defdc
2018-05-21 11:24:03,678 DEBUG (org.hibernate.type.BasicTypeRegistry:148) - Adding type registration int -&gt; org.hibernate.type.IntegerType@79defdc
2018-05-21 11:24:03,679 DEBUG (org.hibernate.type.BasicTypeRegistry:148) - Adding type registration java.lang.Integer -&gt; org.hibernate.type.IntegerType@79defdc
[...]
2018-05-21 11:24:04,942 DEBUG (org.springframework.beans.factory.annotation.InjectionMetadata:86) - Processing injected element of bean &apos;loginLogDao&apos;: AutowiredMethodElement for public void com.dao.BaseDao.setHibernateTemplate(org.springframework.orm.hibernate4.HibernateTemplate)
2018-05-21 11:24:04,942 DEBUG (org.springframework.beans.factory.annotation.InjectionMetadata:86) - Processing injected element of bean &apos;loginLogDao&apos;: AutowiredMethodElement for public void com.dao.BaseDao.setHibernateTemplate(org.springframework.orm.hibernate4.HibernateTemplate)
2018-05-21 11:24:04,942 DEBUG (org.springframework.beans.factory.support.DefaultListableBeanFactory:250) - Returning cached instance of singleton bean &apos;hibernateTemplate&apos;
2018-05-21 11:24:04,942 DEBUG (org.springframework.beans.factory.support.DefaultListableBeanFactory:250) - Returning cached instance of singleton bean &apos;hibernateTemplate&apos;
2018-05-21 11:24:04,943 DEBUG (org.springframework.beans.factory.annotation.AutowiredAnnotationBeanPostProcessor:490) - Autowiring by type from bean name &apos;loginLogDao&apos; to bean named &apos;hibernateTemplate&apos;
2018-05-21 11:24:04,943 DEBUG (org.springframework.beans.factory.annotation.AutowiredAnnotationBeanPostProcessor:490) - Autowiring by type from bean name &apos;loginLogDao&apos; to bean named &apos;hibernateTemplate&apos;
2018-05-21 11:24:04,943 DEBUG (org.springframework.beans.factory.support.DefaultListableBeanFactory:484) - Finished creating instance of bean &apos;loginLogDao&apos;
2018-05-21 11:24:04,943 DEBUG (org.springframework.beans.factory.support.DefaultListableBeanFactory:484) - Finished creating instance of bean &apos;loginLogDao&apos;
2018-05-21 11:24:04,943 DEBUG (org.springframework.beans.factory.support.DefaultListableBeanFactory:250) - Returning cached instance of singleton bean &apos;org.springframework.context.annotation.internalConfigurationAnnotationProcessor&apos;
2018-05-21 11:24:04,943 DEBUG (org.springframework.beans.factory.support.DefaultListableBeanFactory:250) - Returning cached instance of singleton bean &apos;org.springframework.context.annotation.internalConfigurationAnnotationProcessor&apos;
2018-05-21 11:24:04,943 DEBUG (org.springframework.beans.factory.support.DefaultListableBeanFactory:250) - Returning cached instance of singleton bean &apos;org.springframework.context.annotation.internalAutowiredAnnotationProcessor&apos;
2018-05-21 11:24:04,943 DEBUG (org.springframework.beans.factory.support.DefaultListableBeanFactory:250) - Returning cached instance of singleton bean &apos;org.springframework.context.annotation.internalAutowiredAnnotationProcessor&apos;
2018-05-21 11:24:04,943 DEBUG (org.springframework.beans.factory.support.DefaultListableBeanFactory:250) - Returning cached instance of singleton bean &apos;org.springframework.context.annotation.internalRequiredAnnotationProcessor&apos;
2018-05-21 11:24:04,943 DEBUG (org.springframework.beans.factory.support.DefaultListableBeanFactory:250) - Returning cached instance of singleton bean &apos;org.springframework.context.annotation.internalRequiredAnnotationProcessor&apos;
2018-05-21 11:24:04,944 DEBUG (org.springframework.beans.factory.support.DefaultListableBeanFactory:250) - Returning cached instance of singleton bean &apos;org.springframework.context.annotation.internalCommonAnnotationProcessor&apos;
2018-05-21 11:24:04,944 DEBUG (org.springframework.beans.factory.support.DefaultListableBeanFactory:250) - Returning cached instance of singleton bean &apos;org.springframework.context.annotation.internalCommonAnnotationProcessor&apos;
2018-05-21 11:24:04,944 DEBUG (org.springframework.beans.factory.support.DefaultListableBeanFactory:250) - Returning cached instance of singleton bean &apos;org.springframework.context.annotation.internalPersistenceAnnotationProcessor&apos;
2018-05-21 11:24:04,944 DEBUG (org.springframework.beans.factory.support.DefaultListableBeanFactory:250) - Returning cached instance of singleton bean &apos;org.springframework.context.annotation.internalPersistenceAnnotationProcessor&apos;
2018-05-21 11:24:04,944 DEBUG (org.springframework.beans.factory.support.DefaultListableBeanFactory:221) - Creating shared instance of singleton bean &apos;org.springframework.context.event.internalEventListenerProcessor&apos;
2018-05-21 11:24:04,944 DEBUG (org.springframework.beans.factory.support.DefaultListableBeanFactory:221) - Creating shared instance of singleton bean &apos;org.springframework.context.event.internalEventListenerProcessor&apos;
2018-05-21 11:24:04,944 DEBUG (org.springframework.beans.factory.support.DefaultListableBeanFactory:448) - Creating instance of bean &apos;org.springframework.context.event.internalEventListenerProcessor&apos;
2018-05-21 11:24:04,944 DEBUG (org.springframework.beans.factory.support.DefaultListableBeanFactory:448) - Creating instance of bean &apos;org.springframework.context.event.internalEventListenerProcessor&apos;
2018-05-21 11:24:04,946 DEBUG (org.springframework.beans.factory.support.DefaultListableBeanFactory:529) - Eagerly caching bean &apos;org.springframework.context.event.internalEventListenerProcessor&apos; to allow for resolving potential circular references
2018-05-21 11:24:04,946 DEBUG (org.springframework.beans.factory.support.DefaultListableBeanFactory:529) - Eagerly caching bean &apos;org.springframework.context.event.internalEventListenerProcessor&apos; to allow for resolving potential circular references
2018-05-21 11:24:04,948 DEBUG (org.springframework.beans.factory.support.DefaultListableBeanFactory:484) - Finished creating instance of bean &apos;org.springframework.context.event.internalEventListenerProcessor&apos;
2018-05-21 11:24:04,948 DEBUG (org.springframework.beans.factory.support.DefaultListableBeanFactory:484) - Finished creating instance of bean &apos;org.springframework.context.event.internalEventListenerProcessor&apos;
2018-05-21 11:24:04,949 DEBUG (org.springframework.beans.factory.support.DefaultListableBeanFactory:221) - Creating shared instance of singleton bean &apos;org.springframework.context.event.internalEventListenerFactory&apos;
2018-05-21 11:24:04,949 DEBUG (org.springframework.beans.factory.support.DefaultListableBeanFactory:221) - Creating shared instance of singleton bean &apos;org.springframework.context.event.internalEventListenerFactory&apos;
2018-05-21 11:24:04,949 DEBUG (org.springframework.beans.factory.support.DefaultListableBeanFactory:448) - Creating instance of bean &apos;org.springframework.context.event.internalEventListenerFactory&apos;
2018-05-21 11:24:04,949 DEBUG (org.springframework.beans.factory.support.DefaultListableBeanFactory:448) - Creating instance of bean &apos;org.springframework.context.event.internalEventListenerFactory&apos;
2018-05-21 11:24:04,950 DEBUG (org.springframework.beans.factory.support.DefaultListableBeanFactory:529) - Eagerly caching bean &apos;org.springframework.context.event.internalEventListenerFactory&apos; to allow for resolving potential circular references
2018-05-21 11:24:04,950 DEBUG (org.springframework.beans.factory.support.DefaultListableBeanFactory:529) - Eagerly caching bean &apos;org.springframework.context.event.internalEventListenerFactory&apos; to allow for resolving potential circular references
2018-05-21 11:24:04,952 DEBUG (org.springframework.beans.factory.support.DefaultListableBeanFactory:484) - Finished creating instance of bean &apos;org.springframework.context.event.internalEventListenerFactory&apos;
2018-05-21 11:24:04,952 DEBUG (org.springframework.beans.factory.support.DefaultListableBeanFactory:484) - Finished creating instance of bean &apos;org.springframework.context.event.internalEventListenerFactory&apos;
2018-05-21 11:24:04,952 DEBUG (org.springframework.beans.factory.support.DefaultListableBeanFactory:250) - Returning cached instance of singleton bean &apos;org.springframework.context.support.PropertySourcesPlaceholderConfigurer#0&apos;
2018-05-21 11:24:04,952 DEBUG (org.springframework.beans.factory.support.DefaultListableBeanFactory:250) - Returning cached instance of singleton bean &apos;org.springframework.context.support.PropertySourcesPlaceholderConfigurer#0&apos;
2018-05-21 11:24:04,952 DEBUG (org.springframework.beans.factory.support.DefaultListableBeanFactory:250) - Returning cached instance of singleton bean &apos;dataSource&apos;
2018-05-21 11:24:04,952 DEBUG (org.springframework.beans.factory.support.DefaultListableBeanFactory:250) - Returning cached instance of singleton bean &apos;dataSource&apos;
2018-05-21 11:24:04,953 DEBUG (org.springframework.beans.factory.support.DefaultListableBeanFactory:250) - Returning cached instance of singleton bean &apos;sessionFactory&apos;
2018-05-21 11:24:04,953 DEBUG (org.springframework.beans.factory.support.DefaultListableBeanFactory:250) - Returning cached instance of singleton bean &apos;sessionFactory&apos;
2018-05-21 11:24:04,953 DEBUG (org.springframework.beans.factory.support.DefaultListableBeanFactory:250) - Returning cached instance of singleton bean &apos;hibernateTemplate&apos;
2018-05-21 11:24:04,953 DEBUG (org.springframework.beans.factory.support.DefaultListableBeanFactory:250) - Returning cached instance of singleton bean &apos;hibernateTemplate&apos;
2018-05-21 11:24:04,953 DEBUG (org.springframework.beans.factory.support.DefaultListableBeanFactory:250) - Returning cached instance of singleton bean &apos;org.springframework.context.annotation.ConfigurationClassPostProcessor.importAwareProcessor&apos;
2018-05-21 11:24:04,953 DEBUG (org.springframework.beans.factory.support.DefaultListableBeanFactory:250) - Returning cached instance of singleton bean &apos;org.springframework.context.annotation.ConfigurationClassPostProcessor.importAwareProcessor&apos;
2018-05-21 11:24:04,953 DEBUG (org.springframework.beans.factory.support.DefaultListableBeanFactory:250) - Returning cached instance of singleton bean &apos;org.springframework.context.annotation.ConfigurationClassPostProcessor.enhancedConfigurationProcessor&apos;
2018-05-21 11:24:04,953 DEBUG (org.springframework.beans.factory.support.DefaultListableBeanFactory:250) - Returning cached instance of singleton bean &apos;org.springframework.context.annotation.ConfigurationClassPostProcessor.enhancedConfigurationProcessor&apos;
2018-05-21 11:24:04,954 DEBUG (org.springframework.beans.factory.support.DefaultListableBeanFactory:250) - Returning cached instance of singleton bean &apos;org.springframework.context.event.internalEventListenerFactory&apos;
2018-05-21 11:24:04,954 DEBUG (org.springframework.beans.factory.support.DefaultListableBeanFactory:250) - Returning cached instance of singleton bean &apos;org.springframework.context.event.internalEventListenerFactory&apos;
2018-05-21 11:24:04,996 DEBUG (org.springframework.context.support.ClassPathXmlApplicationContext:765) - Unable to locate LifecycleProcessor with name &apos;lifecycleProcessor&apos;: using default [org.springframework.context.support.DefaultLifecycleProcessor@e27ba81]
2018-05-21 11:24:04,996 DEBUG (org.springframework.context.support.ClassPathXmlApplicationContext:765) - Unable to locate LifecycleProcessor with name &apos;lifecycleProcessor&apos;: using default [org.springframework.context.support.DefaultLifecycleProcessor@e27ba81]
2018-05-21 11:24:04,996 DEBUG (org.springframework.beans.factory.support.DefaultListableBeanFactory:250) - Returning cached instance of singleton bean &apos;lifecycleProcessor&apos;
2018-05-21 11:24:04,996 DEBUG (org.springframework.beans.factory.support.DefaultListableBeanFactory:250) - Returning cached instance of singleton bean &apos;lifecycleProcessor&apos;
2018-05-21 11:24:04,998 DEBUG (org.springframework.core.env.PropertySourcesPropertyResolver:81) - Searching for key &apos;spring.liveBeansView.mbeanDomain&apos; in [systemProperties]
2018-05-21 11:24:04,998 DEBUG (org.springframework.core.env.PropertySourcesPropertyResolver:81) - Searching for key &apos;spring.liveBeansView.mbeanDomain&apos; in [systemProperties]
2018-05-21 11:24:04,999 DEBUG (org.springframework.core.env.PropertySourcesPropertyResolver:81) - Searching for key &apos;spring.liveBeansView.mbeanDomain&apos; in [systemEnvironment]
2018-05-21 11:24:04,999 DEBUG (org.springframework.core.env.PropertySourcesPropertyResolver:81) - Searching for key &apos;spring.liveBeansView.mbeanDomain&apos; in [systemEnvironment]
2018-05-21 11:24:04,999 DEBUG (org.springframework.core.env.PropertySourcesPropertyResolver:103) - Could not find key &apos;spring.liveBeansView.mbeanDomain&apos; in any property source. Returning [null]
2018-05-21 11:24:04,999 DEBUG (org.springframework.core.env.PropertySourcesPropertyResolver:103) - Could not find key &apos;spring.liveBeansView.mbeanDomain&apos; in any property source. Returning [null]
2018-05-21 11:24:05,001 DEBUG (org.springframework.beans.factory.support.DefaultListableBeanFactory:250) - Returning cached instance of singleton bean &apos;boardDao&apos;
2018-05-21 11:24:05,001 DEBUG (org.springframework.beans.factory.support.DefaultListableBeanFactory:250) - Returning cached instance of singleton bean &apos;boardDao&apos;
2018-05-21 11:24:05,023 DEBUG (org.springframework.orm.hibernate4.HibernateTemplate:329) - Could not retrieve pre-bound Hibernate session
org.hibernate.HibernateException: Could not obtain transaction-synchronized Session for current thread
	at org.springframework.orm.hibernate4.SpringSessionContext.currentSession(SpringSessionContext.java:134)
	at org.hibernate.internal.SessionFactoryImpl.getCurrentSession(SessionFactoryImpl.java:980)
	at org.springframework.orm.hibernate4.HibernateTemplate.doExecute(HibernateTemplate.java:326)
	at org.springframework.orm.hibernate4.HibernateTemplate.executeWithNativeSession(HibernateTemplate.java:309)
	at org.springframework.orm.hibernate4.HibernateTemplate.save(HibernateTemplate.java:618)
	at com.dao.BaseDao.save(BaseDao.java:64)
	at com.BoardTest.test(BoardTest.java:19)
	at sun.reflect.NativeMethodAccessorImpl.invoke0(Native Method)
	at sun.reflect.NativeMethodAccessorImpl.invoke(NativeMethodAccessorImpl.java:62)
	at sun.reflect.DelegatingMethodAccessorImpl.invoke(DelegatingMethodAccessorImpl.java:43)
	at java.lang.reflect.Method.invoke(Method.java:498)
	at org.testng.internal.MethodHelper.invokeMethod(MethodHelper.java:580)
	at org.testng.internal.Invoker.invokeMethod(Invoker.java:478)
	at org.testng.internal.Invoker.invokeTestMethod(Invoker.java:617)
	at org.testng.internal.Invoker.invokeTestMethods(Invoker.java:885)
	at org.testng.internal.TestMethodWorker.invokeTestMethods(TestMethodWorker.java:126)
	at org.testng.internal.TestMethodWorker.run(TestMethodWorker.java:110)
	at org.testng.TestRunner.runWorkers(TestRunner.java:712)
	at org.testng.TestRunner.privateRun(TestRunner.java:582)
	at org.testng.TestRunner.run(TestRunner.java:477)
	at org.testng.SuiteRunner.runTest(SuiteRunner.java:324)
	at org.testng.SuiteRunner.runSequentially(SuiteRunner.java:319)
	at org.testng.SuiteRunner.privateRun(SuiteRunner.java:292)
	at org.testng.SuiteRunner.run(SuiteRunner.java:198)
	at org.testng.TestNG.createAndRunSuiteRunners(TestNG.java:821)
	at org.testng.TestNG.runSuitesLocally(TestNG.java:788)
	at org.testng.TestNG.run(TestNG.java:708)
	at org.apache.maven.surefire.testng.TestNGExecutor.run(TestNGExecutor.java:60)
	at org.apache.maven.surefire.testng.TestNGDirectoryTestSuite.execute(TestNGDirectoryTestSuite.java:106)
	at org.apache.maven.surefire.testng.TestNGProvider.invoke(TestNGProvider.java:111)
	at sun.reflect.NativeMethodAccessorImpl.invoke0(Native Method)
	at sun.reflect.NativeMethodAccessorImpl.invoke(NativeMethodAccessorImpl.java:62)
	at sun.reflect.DelegatingMethodAccessorImpl.invoke(DelegatingMethodAccessorImpl.java:43)
	at java.lang.reflect.Method.invoke(Method.java:498)
	at org.apache.maven.surefire.booter.ProviderFactory$ClassLoaderProxy.invoke(ProviderFactory.java:103)
	at com.sun.proxy.$Proxy0.invoke(Unknown Source)
	at org.apache.maven.surefire.booter.SurefireStarter.invokeProvider(SurefireStarter.java:150)
	at org.apache.maven.surefire.booter.SurefireStarter.runSuitesInProcess(SurefireStarter.java:91)
	at org.apache.maven.surefire.booter.ForkedBooter.main(ForkedBooter.java:69)
2018-05-21 11:24:05,023 DEBUG (org.springframework.orm.hibernate4.HibernateTemplate:329) - Could not retrieve pre-bound Hibernate session
org.hibernate.HibernateException: Could not obtain transaction-synchronized Session for current thread
	at org.springframework.orm.hibernate4.SpringSessionContext.currentSession(SpringSessionContext.java:134)
	at org.hibernate.internal.SessionFactoryImpl.getCurrentSession(SessionFactoryImpl.java:980)
	at org.springframework.orm.hibernate4.HibernateTemplate.doExecute(HibernateTemplate.java:326)
	at org.springframework.orm.hibernate4.HibernateTemplate.executeWithNativeSession(HibernateTemplate.java:309)
	at org.springframework.orm.hibernate4.HibernateTemplate.save(HibernateTemplate.java:618)
	at com.dao.BaseDao.save(BaseDao.java:64)
	at com.BoardTest.test(BoardTest.java:19)
	at sun.reflect.NativeMethodAccessorImpl.invoke0(Native Method)
	at sun.reflect.NativeMethodAccessorImpl.invoke(NativeMethodAccessorImpl.java:62)
	at sun.reflect.DelegatingMethodAccessorImpl.invoke(DelegatingMethodAccessorImpl.java:43)
	at java.lang.reflect.Method.invoke(Method.java:498)
	at org.testng.internal.MethodHelper.invokeMethod(MethodHelper.java:580)
	at org.testng.internal.Invoker.invokeMethod(Invoker.java:478)
	at org.testng.internal.Invoker.invokeTestMethod(Invoker.java:617)
	at org.testng.internal.Invoker.invokeTestMethods(Invoker.java:885)
	at org.testng.internal.TestMethodWorker.invokeTestMethods(TestMethodWorker.java:126)
	at org.testng.internal.TestMethodWorker.run(TestMethodWorker.java:110)
	at org.testng.TestRunner.runWorkers(TestRunner.java:712)
	at org.testng.TestRunner.privateRun(TestRunner.java:582)
	at org.testng.TestRunner.run(TestRunner.java:477)
	at org.testng.SuiteRunner.runTest(SuiteRunner.java:324)
	at org.testng.SuiteRunner.runSequentially(SuiteRunner.java:319)
	at org.testng.SuiteRunner.privateRun(SuiteRunner.java:292)
	at org.testng.SuiteRunner.run(SuiteRunner.java:198)
	at org.testng.TestNG.createAndRunSuiteRunners(TestNG.java:821)
	at org.testng.TestNG.runSuitesLocally(TestNG.java:788)
	at org.testng.TestNG.run(TestNG.java:708)
	at org.apache.maven.surefire.testng.TestNGExecutor.run(TestNGExecutor.java:60)
	at org.apache.maven.surefire.testng.TestNGDirectoryTestSuite.execute(TestNGDirectoryTestSuite.java:106)
	at org.apache.maven.surefire.testng.TestNGProvider.invoke(TestNGProvider.java:111)
	at sun.reflect.NativeMethodAccessorImpl.invoke0(Native Method)
	at sun.reflect.NativeMethodAccessorImpl.invoke(NativeMethodAccessorImpl.java:62)
	at sun.reflect.DelegatingMethodAccessorImpl.invoke(DelegatingMethodAccessorImpl.java:43)
	at java.lang.reflect.Method.invoke(Method.java:498)
	at org.apache.maven.surefire.booter.ProviderFactory$ClassLoaderProxy.invoke(ProviderFactory.java:103)
	at com.sun.proxy.$Proxy0.invoke(Unknown Source)
	at org.apache.maven.surefire.booter.SurefireStarter.invokeProvider(SurefireStarter.java:150)
	at org.apache.maven.surefire.booter.SurefireStarter.runSuitesInProcess(SurefireStarter.java:91)
	at org.apache.maven.surefire.booter.ForkedBooter.main(ForkedBooter.java:69)
</system-out>
    <system-err>SLF4J: Class path contains multiple SLF4J bindings.
SLF4J: Found binding in [jar:file:/opt/apache-maven-3.5.3/localRepository/org/slf4j/slf4j-log4j12/1.7.5/slf4j-log4j12-1.7.5.jar!/org/slf4j/impl/StaticLoggerBinder.class]
SLF4J: Found binding in [jar:file:/opt/apache-maven-3.5.3/localRepository/org/slf4j/slf4j-nop/1.6.4/slf4j-nop-1.6.4.jar!/org/slf4j/impl/StaticLoggerBinder.class]
SLF4J: See http://www.slf4j.org/codes.html#multiple_bindings for an explanation.
SLF4J: Actual binding is of type [org.slf4j.impl.Log4jLoggerFactory]
</system-err>
  </testcase>
</testsuite>